-- Install configuration: ""
-- Up-to-date: /home/augusto/Documentos/ugv_system/install/ugv_robots_descriptions/share/ugv_robots_descriptions/launch
-- Up-to-date: /home/augusto/Documentos/ugv_system/install/ugv_robots_descriptions/share/ugv_robots_descriptions/launch/oni_description_launch.py
-- Up-to-date: /home/augusto/Documentos/ugv_system/install/ugv_robots_descriptions/share/ugv_robots_descriptions/launch/l1br_description_launch.py
-- Up-to-date: /home/augusto/Documentos/ugv_system/install/ugv_robots_descriptions/share/ugv_robots_descriptions/robots_description
-- Up-to-date: /home/augusto/Documentos/ugv_system/install/ugv_robots_descriptions/share/ugv_robots_descriptions/robots_description/oni.urdf.xacro
-- Up-to-date: /home/augusto/Documentos/ugv_system/install/ugv_robots_descriptions/share/ugv_robots_descriptions/robots_description/sensors
-- Installing: /home/augusto/Documentos/ugv_system/install/ugv_robots_descriptions/share/ugv_robots_descriptions/robots_description/sensors/laser_sensor.urdf.xacro
-- Up-to-date: /home/augusto/Documentos/ugv_system/install/ugv_robots_descriptions/share/ugv_robots_descriptions/robots_description/sensors/imu_sensor.urdf.xacro
-- Installing: /home/augusto/Documentos/ugv_system/install/ugv_robots_descriptions/share/ugv_robots_descriptions/robots_description/l1br.urdf.xacro
-- Up-to-date: /home/augusto/Documentos/ugv_system/install/ugv_robots_descriptions/share/ugv_robots_descriptions/robots_description/controller
-- Up-to-date: /home/augusto/Documentos/ugv_system/install/ugv_robots_descriptions/share/ugv_robots_descriptions/robots_description/controller/diff_drive.urdf.xacro
-- Up-to-date: /home/augusto/Documentos/ugv_system/install/ugv_robots_descriptions/share/ugv_robots_descriptions/robots_description/controller/omni_drive.urdf.xacro
-- Up-to-date: /home/augusto/Documentos/ugv_system/install/ugv_robots_descriptions/share/ugv_robots_descriptions/robots_description/controller/control_params
-- Up-to-date: /home/augusto/Documentos/ugv_system/install/ugv_robots_descriptions/share/ugv_robots_descriptions/robots_description/controller/control_params/l1br_control_params.yaml
-- Up-to-date: /home/augusto/Documentos/ugv_system/install/ugv_robots_descriptions/share/ugv_robots_descriptions/robots_description/meshes
-- Up-to-date: /home/augusto/Documentos/ugv_system/install/ugv_robots_descriptions/share/ugv_robots_descriptions/robots_description/meshes/rplidar.dae
-- Up-to-date: /home/augusto/Documentos/ugv_system/install/ugv_robots_descriptions/share/ugv_robots_descriptions/robots_description/meshes/oni_meshes
-- Up-to-date: /home/augusto/Documentos/ugv_system/install/ugv_robots_descriptions/share/ugv_robots_descriptions/robots_description/meshes/oni_meshes/fr_wheel.dae
-- Up-to-date: /home/augusto/Documentos/ugv_system/install/ugv_robots_descriptions/share/ugv_robots_descriptions/robots_description/meshes/oni_meshes/fl_wheel.dae
-- Up-to-date: /home/augusto/Documentos/ugv_system/install/ugv_robots_descriptions/share/ugv_robots_descriptions/robots_description/meshes/oni_meshes/chassis.dae
-- Up-to-date: /home/augusto/Documentos/ugv_system/install/ugv_robots_descriptions/share/ugv_robots_descriptions/robots_description/meshes/l1br_meshes
-- Up-to-date: /home/augusto/Documentos/ugv_system/install/ugv_robots_descriptions/share/ugv_robots_descriptions/robots_description/meshes/l1br_meshes/wheel.dae
-- Up-to-date: /home/augusto/Documentos/ugv_system/install/ugv_robots_descriptions/share/ugv_robots_descriptions/robots_description/meshes/l1br_meshes/tray.dae
-- Up-to-date: /home/augusto/Documentos/ugv_system/install/ugv_robots_descriptions/share/ugv_robots_descriptions/robots_description/meshes/l1br_meshes/chassis.dae
-- Up-to-date: /home/augusto/Documentos/ugv_system/install/ugv_robots_descriptions/share/ugv_robots_descriptions/rviz
-- Up-to-date: /home/augusto/Documentos/ugv_system/install/ugv_robots_descriptions/share/ugv_robots_descriptions/rviz/rviz_minimal_visualization_config.rviz
-- Up-to-date: /home/augusto/Documentos/ugv_system/install/ugv_robots_descriptions/share/ament_index/resource_index/package_run_dependencies/ugv_robots_descriptions
-- Up-to-date: /home/augusto/Documentos/ugv_system/install/ugv_robots_descriptions/share/ament_index/resource_index/parent_prefix_path/ugv_robots_descriptions
-- Up-to-date: /home/augusto/Documentos/ugv_system/install/ugv_robots_descriptions/share/ugv_robots_descriptions/environment/ament_prefix_path.sh
-- Up-to-date: /home/augusto/Documentos/ugv_system/install/ugv_robots_descriptions/share/ugv_robots_descriptions/environment/ament_prefix_path.dsv
-- Up-to-date: /home/augusto/Documentos/ugv_system/install/ugv_robots_descriptions/share/ugv_robots_descriptions/environment/path.sh
-- Up-to-date: /home/augusto/Documentos/ugv_system/install/ugv_robots_descriptions/share/ugv_robots_descriptions/environment/path.dsv
-- Up-to-date: /home/augusto/Documentos/ugv_system/install/ugv_robots_descriptions/share/ugv_robots_descriptions/local_setup.bash
-- Up-to-date: /home/augusto/Documentos/ugv_system/install/ugv_robots_descriptions/share/ugv_robots_descriptions/local_setup.sh
-- Up-to-date: /home/augusto/Documentos/ugv_system/install/ugv_robots_descriptions/share/ugv_robots_descriptions/local_setup.zsh
-- Up-to-date: /home/augusto/Documentos/ugv_system/install/ugv_robots_descriptions/share/ugv_robots_descriptions/local_setup.dsv
-- Installing: /home/augusto/Documentos/ugv_system/install/ugv_robots_descriptions/share/ugv_robots_descriptions/package.dsv
-- Up-to-date: /home/augusto/Documentos/ugv_system/install/ugv_robots_descriptions/share/ament_index/resource_index/packages/ugv_robots_descriptions
-- Up-to-date: /home/augusto/Documentos/ugv_system/install/ugv_robots_descriptions/share/ugv_robots_descriptions/cmake/ugv_robots_descriptionsConfig.cmake
-- Up-to-date: /home/augusto/Documentos/ugv_system/install/ugv_robots_descriptions/share/ugv_robots_descriptions/cmake/ugv_robots_descriptionsConfig-version.cmake
-- Up-to-date: /home/augusto/Documentos/ugv_system/install/ugv_robots_descriptions/share/ugv_robots_descriptions/package.xml
