[0.029s] Invoking command in '/home/augusto/Documentos/ugv_system/build/ugv_robots_descriptions': CMAKE_PREFIX_PATH=${CMAKE_PREFIX_PATH}:/opt/ros/humble /usr/bin/cmake --build /home/augusto/Documentos/ugv_system/build/ugv_robots_descriptions -- -j2 -l2
[0.076s] Invoked command in '/home/augusto/Documentos/ugv_system/build/ugv_robots_descriptions' returned '0': CMAKE_PREFIX_PATH=${CMAKE_PREFIX_PATH}:/opt/ros/humble /usr/bin/cmake --build /home/augusto/Documentos/ugv_system/build/ugv_robots_descriptions -- -j2 -l2
[0.118s] Invoking command in '/home/augusto/Documentos/ugv_system/build/ugv_robots_descriptions': CMAKE_PREFIX_PATH=${CMAKE_PREFIX_PATH}:/opt/ros/humble /usr/bin/cmake --install /home/augusto/Documentos/ugv_system/build/ugv_robots_descriptions
[0.150s] -- Install configuration: ""
[0.150s] -- Up-to-date: /home/augusto/Documentos/ugv_system/install/ugv_robots_descriptions/share/ugv_robots_descriptions/launch
[0.150s] -- Up-to-date: /home/augusto/Documentos/ugv_system/install/ugv_robots_descriptions/share/ugv_robots_descriptions/launch/oni_description_launch.py
[0.150s] -- Up-to-date: /home/augusto/Documentos/ugv_system/install/ugv_robots_descriptions/share/ugv_robots_descriptions/launch/l1br_description_launch.py
[0.150s] -- Up-to-date: /home/augusto/Documentos/ugv_system/install/ugv_robots_descriptions/share/ugv_robots_descriptions/robots_description
[0.150s] -- Up-to-date: /home/augusto/Documentos/ugv_system/install/ugv_robots_descriptions/share/ugv_robots_descriptions/robots_description/oni.urdf.xacro
[0.150s] -- Up-to-date: /home/augusto/Documentos/ugv_system/install/ugv_robots_descriptions/share/ugv_robots_descriptions/robots_description/sensors
[0.150s] -- Installing: /home/augusto/Documentos/ugv_system/install/ugv_robots_descriptions/share/ugv_robots_descriptions/robots_description/sensors/laser_sensor.urdf.xacro
[0.150s] -- Up-to-date: /home/augusto/Documentos/ugv_system/install/ugv_robots_descriptions/share/ugv_robots_descriptions/robots_description/sensors/imu_sensor.urdf.xacro
[0.150s] -- Installing: /home/augusto/Documentos/ugv_system/install/ugv_robots_descriptions/share/ugv_robots_descriptions/robots_description/l1br.urdf.xacro
[0.150s] -- Up-to-date: /home/augusto/Documentos/ugv_system/install/ugv_robots_descriptions/share/ugv_robots_descriptions/robots_description/controller
[0.151s] -- Up-to-date: /home/augusto/Documentos/ugv_system/install/ugv_robots_descriptions/share/ugv_robots_descriptions/robots_description/controller/diff_drive.urdf.xacro
[0.151s] -- Up-to-date: /home/augusto/Documentos/ugv_system/install/ugv_robots_descriptions/share/ugv_robots_descriptions/robots_description/controller/omni_drive.urdf.xacro
[0.151s] -- Up-to-date: /home/augusto/Documentos/ugv_system/install/ugv_robots_descriptions/share/ugv_robots_descriptions/robots_description/controller/control_params
[0.151s] -- Up-to-date: /home/augusto/Documentos/ugv_system/install/ugv_robots_descriptions/share/ugv_robots_descriptions/robots_description/controller/control_params/l1br_control_params.yaml
[0.151s] -- Up-to-date: /home/augusto/Documentos/ugv_system/install/ugv_robots_descriptions/share/ugv_robots_descriptions/robots_description/meshes
[0.151s] -- Up-to-date: /home/augusto/Documentos/ugv_system/install/ugv_robots_descriptions/share/ugv_robots_descriptions/robots_description/meshes/rplidar.dae
[0.151s] -- Up-to-date: /home/augusto/Documentos/ugv_system/install/ugv_robots_descriptions/share/ugv_robots_descriptions/robots_description/meshes/oni_meshes
[0.151s] -- Up-to-date: /home/augusto/Documentos/ugv_system/install/ugv_robots_descriptions/share/ugv_robots_descriptions/robots_description/meshes/oni_meshes/fr_wheel.dae
[0.151s] -- Up-to-date: /home/augusto/Documentos/ugv_system/install/ugv_robots_descriptions/share/ugv_robots_descriptions/robots_description/meshes/oni_meshes/fl_wheel.dae
[0.151s] -- Up-to-date: /home/augusto/Documentos/ugv_system/install/ugv_robots_descriptions/share/ugv_robots_descriptions/robots_description/meshes/oni_meshes/chassis.dae
[0.151s] -- Up-to-date: /home/augusto/Documentos/ugv_system/install/ugv_robots_descriptions/share/ugv_robots_descriptions/robots_description/meshes/l1br_meshes
[0.151s] -- Up-to-date: /home/augusto/Documentos/ugv_system/install/ugv_robots_descriptions/share/ugv_robots_descriptions/robots_description/meshes/l1br_meshes/wheel.dae
[0.151s] -- Up-to-date: /home/augusto/Documentos/ugv_system/install/ugv_robots_descriptions/share/ugv_robots_descriptions/robots_description/meshes/l1br_meshes/tray.dae
[0.151s] -- Up-to-date: /home/augusto/Documentos/ugv_system/install/ugv_robots_descriptions/share/ugv_robots_descriptions/robots_description/meshes/l1br_meshes/chassis.dae
[0.151s] -- Up-to-date: /home/augusto/Documentos/ugv_system/install/ugv_robots_descriptions/share/ugv_robots_descriptions/rviz
[0.152s] -- Up-to-date: /home/augusto/Documentos/ugv_system/install/ugv_robots_descriptions/share/ugv_robots_descriptions/rviz/rviz_minimal_visualization_config.rviz
[0.152s] -- Up-to-date: /home/augusto/Documentos/ugv_system/install/ugv_robots_descriptions/share/ament_index/resource_index/package_run_dependencies/ugv_robots_descriptions
[0.152s] -- Up-to-date: /home/augusto/Documentos/ugv_system/install/ugv_robots_descriptions/share/ament_index/resource_index/parent_prefix_path/ugv_robots_descriptions
[0.152s] -- Up-to-date: /home/augusto/Documentos/ugv_system/install/ugv_robots_descriptions/share/ugv_robots_descriptions/environment/ament_prefix_path.sh
[0.152s] -- Up-to-date: /home/augusto/Documentos/ugv_system/install/ugv_robots_descriptions/share/ugv_robots_descriptions/environment/ament_prefix_path.dsv
[0.152s] -- Up-to-date: /home/augusto/Documentos/ugv_system/install/ugv_robots_descriptions/share/ugv_robots_descriptions/environment/path.sh
[0.152s] -- Up-to-date: /home/augusto/Documentos/ugv_system/install/ugv_robots_descriptions/share/ugv_robots_descriptions/environment/path.dsv
[0.152s] -- Up-to-date: /home/augusto/Documentos/ugv_system/install/ugv_robots_descriptions/share/ugv_robots_descriptions/local_setup.bash
[0.152s] -- Up-to-date: /home/augusto/Documentos/ugv_system/install/ugv_robots_descriptions/share/ugv_robots_descriptions/local_setup.sh
[0.152s] -- Up-to-date: /home/augusto/Documentos/ugv_system/install/ugv_robots_descriptions/share/ugv_robots_descriptions/local_setup.zsh
[0.152s] -- Up-to-date: /home/augusto/Documentos/ugv_system/install/ugv_robots_descriptions/share/ugv_robots_descriptions/local_setup.dsv
[0.152s] -- Installing: /home/augusto/Documentos/ugv_system/install/ugv_robots_descriptions/share/ugv_robots_descriptions/package.dsv
[0.152s] -- Up-to-date: /home/augusto/Documentos/ugv_system/install/ugv_robots_descriptions/share/ament_index/resource_index/packages/ugv_robots_descriptions
[0.152s] -- Up-to-date: /home/augusto/Documentos/ugv_system/install/ugv_robots_descriptions/share/ugv_robots_descriptions/cmake/ugv_robots_descriptionsConfig.cmake
[0.152s] -- Up-to-date: /home/augusto/Documentos/ugv_system/install/ugv_robots_descriptions/share/ugv_robots_descriptions/cmake/ugv_robots_descriptionsConfig-version.cmake
[0.153s] -- Up-to-date: /home/augusto/Documentos/ugv_system/install/ugv_robots_descriptions/share/ugv_robots_descriptions/package.xml
[0.166s] Invoked command in '/home/augusto/Documentos/ugv_system/build/ugv_robots_descriptions' returned '0': CMAKE_PREFIX_PATH=${CMAKE_PREFIX_PATH}:/opt/ros/humble /usr/bin/cmake --install /home/augusto/Documentos/ugv_system/build/ugv_robots_descriptions
