[0.030s] Invoking command in '/home/gabs/ugv_system/build/ugv_navigation': CMAKE_PREFIX_PATH=${CMAKE_PREFIX_PATH}:/opt/ros/humble /usr/bin/cmake /home/gabs/ugv_system/src/ugv_navigation -DCMAKE_INSTALL_PREFIX=/home/gabs/ugv_system/install/ugv_navigation
[0.757s] -- The C compiler identification is GNU 11.3.0
[1.706s] -- The CXX compiler identification is GNU 11.3.0
[1.792s] -- Detecting C compiler ABI info
[2.280s] -- Detecting C compiler ABI info - done
[2.289s] -- Check for working C compiler: /usr/bin/cc - skipped
[2.311s] -- Detecting C compile features
[2.358s] -- Detecting C compile features - done
[2.365s] -- Detecting CXX compiler ABI info
[3.244s] -- Detecting CXX compiler ABI info - done
[3.254s] -- Check for working CXX compiler: /usr/bin/c++ - skipped
[3.254s] -- Detecting CXX compile features
[3.255s] -- Detecting CXX compile features - done
[3.320s] -- Found ament_cmake: 1.3.3 (/opt/ros/humble/share/ament_cmake/cmake)
[3.637s] -- Found Python3: /usr/bin/python3.10 (found version "3.10.6") found components: Interpreter 
[3.916s] -- Found ament_lint_auto: 0.12.4 (/opt/ros/humble/share/ament_lint_auto/cmake)
[4.028s] -- Added test 'lint_cmake' to check CMake code style
[4.029s] -- Added test 'xmllint' to check XML markup files
[4.031s] -- Configuring done
[4.034s] -- Generating done
[4.052s] -- Build files have been written to: /home/gabs/ugv_system/build/ugv_navigation
[4.060s] Invoked command in '/home/gabs/ugv_system/build/ugv_navigation' returned '0': CMAKE_PREFIX_PATH=${CMAKE_PREFIX_PATH}:/opt/ros/humble /usr/bin/cmake /home/gabs/ugv_system/src/ugv_navigation -DCMAKE_INSTALL_PREFIX=/home/gabs/ugv_system/install/ugv_navigation
[4.061s] Invoking command in '/home/gabs/ugv_system/build/ugv_navigation': CMAKE_PREFIX_PATH=${CMAKE_PREFIX_PATH}:/opt/ros/humble /usr/bin/cmake --build /home/gabs/ugv_system/build/ugv_navigation -- -j4 -l4
[4.114s] Invoked command in '/home/gabs/ugv_system/build/ugv_navigation' returned '0': CMAKE_PREFIX_PATH=${CMAKE_PREFIX_PATH}:/opt/ros/humble /usr/bin/cmake --build /home/gabs/ugv_system/build/ugv_navigation -- -j4 -l4
[4.160s] Invoking command in '/home/gabs/ugv_system/build/ugv_navigation': CMAKE_PREFIX_PATH=${CMAKE_PREFIX_PATH}:/opt/ros/humble /usr/bin/cmake --install /home/gabs/ugv_system/build/ugv_navigation
[4.172s] -- Install configuration: ""
[4.172s] -- Installing: /home/gabs/ugv_system/install/ugv_navigation/share/ament_index/resource_index/package_run_dependencies/ugv_navigation
[4.172s] -- Installing: /home/gabs/ugv_system/install/ugv_navigation/share/ament_index/resource_index/parent_prefix_path/ugv_navigation
[4.172s] -- Installing: /home/gabs/ugv_system/install/ugv_navigation/share/ugv_navigation/environment/ament_prefix_path.sh
[4.172s] -- Installing: /home/gabs/ugv_system/install/ugv_navigation/share/ugv_navigation/environment/ament_prefix_path.dsv
[4.172s] -- Installing: /home/gabs/ugv_system/install/ugv_navigation/share/ugv_navigation/environment/path.sh
[4.172s] -- Installing: /home/gabs/ugv_system/install/ugv_navigation/share/ugv_navigation/environment/path.dsv
[4.172s] -- Installing: /home/gabs/ugv_system/install/ugv_navigation/share/ugv_navigation/local_setup.bash
[4.173s] -- Installing: /home/gabs/ugv_system/install/ugv_navigation/share/ugv_navigation/local_setup.sh
[4.173s] -- Installing: /home/gabs/ugv_system/install/ugv_navigation/share/ugv_navigation/local_setup.zsh
[4.173s] -- Installing: /home/gabs/ugv_system/install/ugv_navigation/share/ugv_navigation/local_setup.dsv
[4.173s] -- Installing: /home/gabs/ugv_system/install/ugv_navigation/share/ugv_navigation/package.dsv
[4.173s] -- Installing: /home/gabs/ugv_system/install/ugv_navigation/share/ament_index/resource_index/packages/ugv_navigation
[4.174s] -- Installing: /home/gabs/ugv_system/install/ugv_navigation/share/ugv_navigation/cmake/ugv_navigationConfig.cmake
[4.174s] -- Installing: /home/gabs/ugv_system/install/ugv_navigation/share/ugv_navigation/cmake/ugv_navigationConfig-version.cmake
[4.174s] -- Installing: /home/gabs/ugv_system/install/ugv_navigation/share/ugv_navigation/package.xml
[4.176s] Invoked command in '/home/gabs/ugv_system/build/ugv_navigation' returned '0': CMAKE_PREFIX_PATH=${CMAKE_PREFIX_PATH}:/opt/ros/humble /usr/bin/cmake --install /home/gabs/ugv_system/build/ugv_navigation
