[0.033s] Invoking command in '/home/augusto/Documentos/ugv_system/build/ugv_robots_descriptions': CMAKE_PREFIX_PATH=${CMAKE_PREFIX_PATH}:/opt/ros/humble /usr/bin/cmake /home/augusto/Documentos/ugv_system/src/ugv_robots_descriptions -DCMAKE_INSTALL_PREFIX=/home/augusto/Documentos/ugv_system/install/ugv_robots_descriptions
[0.175s] -- The C compiler identification is GNU 11.3.0
[0.268s] -- The CXX compiler identification is GNU 11.3.0
[0.289s] -- Detecting C compiler ABI info
[0.494s] -- Detecting C compiler ABI info - done
[0.520s] -- Check for working C compiler: /usr/bin/cc - skipped
[0.521s] -- Detecting C compile features
[0.528s] -- Detecting C compile features - done
[0.550s] -- Detecting CXX compiler ABI info
[0.848s] -- Detecting CXX compiler ABI info - done
[0.860s] -- Check for working CXX compiler: /usr/bin/c++ - skipped
[0.861s] -- Detecting CXX compile features
[0.861s] -- Detecting CXX compile features - done
[0.862s] -- Found ament_cmake: 1.3.3 (/opt/ros/humble/share/ament_cmake/cmake)
[1.276s] -- Found Python3: /usr/bin/python3.10 (found version "3.10.6") found components: Interpreter 
[1.521s] -- Found ament_lint_auto: 0.12.5 (/opt/ros/humble/share/ament_lint_auto/cmake)
[1.723s] -- Added test 'flake8' to check Python code syntax and style conventions
[1.727s] -- Added test 'lint_cmake' to check CMake code style
[1.733s] -- Added test 'pep257' to check Python code against some of the docstring style conventions in PEP 257
[1.738s] -- Added test 'xmllint' to check XML markup files
[1.748s] -- Configuring done
[1.761s] -- Generating done
[1.769s] -- Build files have been written to: /home/augusto/Documentos/ugv_system/build/ugv_robots_descriptions
[1.781s] Invoked command in '/home/augusto/Documentos/ugv_system/build/ugv_robots_descriptions' returned '0': CMAKE_PREFIX_PATH=${CMAKE_PREFIX_PATH}:/opt/ros/humble /usr/bin/cmake /home/augusto/Documentos/ugv_system/src/ugv_robots_descriptions -DCMAKE_INSTALL_PREFIX=/home/augusto/Documentos/ugv_system/install/ugv_robots_descriptions
[1.781s] Invoking command in '/home/augusto/Documentos/ugv_system/build/ugv_robots_descriptions': CMAKE_PREFIX_PATH=${CMAKE_PREFIX_PATH}:/opt/ros/humble /usr/bin/cmake --build /home/augusto/Documentos/ugv_system/build/ugv_robots_descriptions -- -j2 -l2
[1.874s] Invoked command in '/home/augusto/Documentos/ugv_system/build/ugv_robots_descriptions' returned '0': CMAKE_PREFIX_PATH=${CMAKE_PREFIX_PATH}:/opt/ros/humble /usr/bin/cmake --build /home/augusto/Documentos/ugv_system/build/ugv_robots_descriptions -- -j2 -l2
[1.924s] Invoking command in '/home/augusto/Documentos/ugv_system/build/ugv_robots_descriptions': CMAKE_PREFIX_PATH=${CMAKE_PREFIX_PATH}:/opt/ros/humble /usr/bin/cmake --install /home/augusto/Documentos/ugv_system/build/ugv_robots_descriptions
[1.941s] -- Install configuration: ""
[1.941s] -- Installing: /home/augusto/Documentos/ugv_system/install/ugv_robots_descriptions/share/ugv_robots_descriptions/launch
[1.943s] -- Installing: /home/augusto/Documentos/ugv_system/install/ugv_robots_descriptions/share/ugv_robots_descriptions/launch/oni_description_launch.py
[1.949s] -- Installing: /home/augusto/Documentos/ugv_system/install/ugv_robots_descriptions/share/ugv_robots_descriptions/launch/l1br_description_launch.py
[1.952s] -- Installing: /home/augusto/Documentos/ugv_system/install/ugv_robots_descriptions/share/ugv_robots_descriptions/robots_description
[1.954s] -- Installing: /home/augusto/Documentos/ugv_system/install/ugv_robots_descriptions/share/ugv_robots_descriptions/robots_description/oni.urdf.xacro
[1.956s] -- Installing: /home/augusto/Documentos/ugv_system/install/ugv_robots_descriptions/share/ugv_robots_descriptions/robots_description/sensors
[1.958s] -- Installing: /home/augusto/Documentos/ugv_system/install/ugv_robots_descriptions/share/ugv_robots_descriptions/robots_description/sensors/laser_sensor.urdf.xacro
[1.961s] -- Installing: /home/augusto/Documentos/ugv_system/install/ugv_robots_descriptions/share/ugv_robots_descriptions/robots_description/sensors/imu_sensor.urdf.xacro
[1.963s] -- Installing: /home/augusto/Documentos/ugv_system/install/ugv_robots_descriptions/share/ugv_robots_descriptions/robots_description/l1br.urdf.xacro
[1.968s] -- Installing: /home/augusto/Documentos/ugv_system/install/ugv_robots_descriptions/share/ugv_robots_descriptions/robots_description/controller
[1.969s] -- Installing: /home/augusto/Documentos/ugv_system/install/ugv_robots_descriptions/share/ugv_robots_descriptions/robots_description/controller/diff_drive.urdf.xacro
[1.971s] -- Installing: /home/augusto/Documentos/ugv_system/install/ugv_robots_descriptions/share/ugv_robots_descriptions/robots_description/controller/omni_drive.urdf.xacro
[1.973s] -- Installing: /home/augusto/Documentos/ugv_system/install/ugv_robots_descriptions/share/ugv_robots_descriptions/robots_description/controller/control_params
[1.975s] -- Installing: /home/augusto/Documentos/ugv_system/install/ugv_robots_descriptions/share/ugv_robots_descriptions/robots_description/controller/control_params/l1br_control_params.yaml
[1.975s] -- Installing: /home/augusto/Documentos/ugv_system/install/ugv_robots_descriptions/share/ugv_robots_descriptions/robots_description/meshes
[1.975s] -- Installing: /home/augusto/Documentos/ugv_system/install/ugv_robots_descriptions/share/ugv_robots_descriptions/robots_description/meshes/rplidar.dae
[1.976s] -- Installing: /home/augusto/Documentos/ugv_system/install/ugv_robots_descriptions/share/ugv_robots_descriptions/robots_description/meshes/oni_meshes
[1.976s] -- Installing: /home/augusto/Documentos/ugv_system/install/ugv_robots_descriptions/share/ugv_robots_descriptions/robots_description/meshes/oni_meshes/fr_wheel.dae
[1.988s] -- Installing: /home/augusto/Documentos/ugv_system/install/ugv_robots_descriptions/share/ugv_robots_descriptions/robots_description/meshes/oni_meshes/fl_wheel.dae
[2.001s] -- Installing: /home/augusto/Documentos/ugv_system/install/ugv_robots_descriptions/share/ugv_robots_descriptions/robots_description/meshes/oni_meshes/chassis.dae
[2.009s] -- Installing: /home/augusto/Documentos/ugv_system/install/ugv_robots_descriptions/share/ugv_robots_descriptions/robots_description/meshes/l1br_meshes
[2.010s] -- Installing: /home/augusto/Documentos/ugv_system/install/ugv_robots_descriptions/share/ugv_robots_descriptions/robots_description/meshes/l1br_meshes/wheel.dae
[2.010s] -- Installing: /home/augusto/Documentos/ugv_system/install/ugv_robots_descriptions/share/ugv_robots_descriptions/robots_description/meshes/l1br_meshes/tray.dae
[2.010s] -- Installing: /home/augusto/Documentos/ugv_system/install/ugv_robots_descriptions/share/ugv_robots_descriptions/robots_description/meshes/l1br_meshes/chassis.dae
[2.094s] -- Installing: /home/augusto/Documentos/ugv_system/install/ugv_robots_descriptions/share/ugv_robots_descriptions/rviz
[2.094s] -- Installing: /home/augusto/Documentos/ugv_system/install/ugv_robots_descriptions/share/ugv_robots_descriptions/rviz/rviz_minimal_visualization_config.rviz
[2.094s] -- Installing: /home/augusto/Documentos/ugv_system/install/ugv_robots_descriptions/share/ament_index/resource_index/package_run_dependencies/ugv_robots_descriptions
[2.094s] -- Installing: /home/augusto/Documentos/ugv_system/install/ugv_robots_descriptions/share/ament_index/resource_index/parent_prefix_path/ugv_robots_descriptions
[2.094s] -- Installing: /home/augusto/Documentos/ugv_system/install/ugv_robots_descriptions/share/ugv_robots_descriptions/environment/ament_prefix_path.sh
[2.104s] -- Installing: /home/augusto/Documentos/ugv_system/install/ugv_robots_descriptions/share/ugv_robots_descriptions/environment/ament_prefix_path.dsv
[2.104s] -- Installing: /home/augusto/Documentos/ugv_system/install/ugv_robots_descriptions/share/ugv_robots_descriptions/environment/path.sh
[2.105s] -- Installing: /home/augusto/Documentos/ugv_system/install/ugv_robots_descriptions/share/ugv_robots_descriptions/environment/path.dsv
[2.105s] -- Installing: /home/augusto/Documentos/ugv_system/install/ugv_robots_descriptions/share/ugv_robots_descriptions/local_setup.bash
[2.105s] -- Installing: /home/augusto/Documentos/ugv_system/install/ugv_robots_descriptions/share/ugv_robots_descriptions/local_setup.sh
[2.105s] -- Installing: /home/augusto/Documentos/ugv_system/install/ugv_robots_descriptions/share/ugv_robots_descriptions/local_setup.zsh
[2.105s] -- Installing: /home/augusto/Documentos/ugv_system/install/ugv_robots_descriptions/share/ugv_robots_descriptions/local_setup.dsv
[2.120s] -- Installing: /home/augusto/Documentos/ugv_system/install/ugv_robots_descriptions/share/ugv_robots_descriptions/package.dsv
[2.120s] -- Installing: /home/augusto/Documentos/ugv_system/install/ugv_robots_descriptions/share/ament_index/resource_index/packages/ugv_robots_descriptions
[2.120s] -- Installing: /home/augusto/Documentos/ugv_system/install/ugv_robots_descriptions/share/ugv_robots_descriptions/cmake/ugv_robots_descriptionsConfig.cmake
[2.120s] -- Installing: /home/augusto/Documentos/ugv_system/install/ugv_robots_descriptions/share/ugv_robots_descriptions/cmake/ugv_robots_descriptionsConfig-version.cmake
[2.120s] -- Installing: /home/augusto/Documentos/ugv_system/install/ugv_robots_descriptions/share/ugv_robots_descriptions/package.xml
[2.124s] Invoked command in '/home/augusto/Documentos/ugv_system/build/ugv_robots_descriptions' returned '0': CMAKE_PREFIX_PATH=${CMAKE_PREFIX_PATH}:/opt/ros/humble /usr/bin/cmake --install /home/augusto/Documentos/ugv_system/build/ugv_robots_descriptions
