-- Install configuration: ""
-- Up-to-date: /home/gabs/ugv_system/install/ugv_simulation/share/ugv_simulation/launch
-- Installing: /home/gabs/ugv_system/install/ugv_simulation/share/ugv_simulation/launch/empty.md
-- Installing: /home/gabs/ugv_system/install/ugv_simulation/share/ugv_simulation/launch/start_world.launch.py
-- Up-to-date: /home/gabs/ugv_system/install/ugv_simulation/share/ugv_simulation/robots_description
-- Up-to-date: /home/gabs/ugv_system/install/ugv_simulation/share/ugv_simulation/robots_description/sensors
-- Up-to-date: /home/gabs/ugv_system/install/ugv_simulation/share/ugv_simulation/robots_description/sensors/imu_sensor.urdf.xacro
-- Up-to-date: /home/gabs/ugv_system/install/ugv_simulation/share/ugv_simulation/robots_description/sensors/laser_sensor.urdf.xacro
-- Up-to-date: /home/gabs/ugv_system/install/ugv_simulation/share/ugv_simulation/robots_description/meshes
-- Up-to-date: /home/gabs/ugv_system/install/ugv_simulation/share/ugv_simulation/robots_description/meshes/rplidar.dae
-- Up-to-date: /home/gabs/ugv_system/install/ugv_simulation/share/ugv_simulation/robots_description/meshes/fr_wheel.dae
-- Up-to-date: /home/gabs/ugv_system/install/ugv_simulation/share/ugv_simulation/robots_description/meshes/body_OC.dae
-- Up-to-date: /home/gabs/ugv_system/install/ugv_simulation/share/ugv_simulation/robots_description/meshes/fl_wheel.dae
-- Up-to-date: /home/gabs/ugv_system/install/ugv_simulation/share/ugv_simulation/robots_description/oni.urdf.xacro
-- Up-to-date: /home/gabs/ugv_system/install/ugv_simulation/share/ugv_simulation/worlds
-- Up-to-date: /home/gabs/ugv_system/install/ugv_simulation/share/ugv_simulation/worlds/laser.world
-- Up-to-date: /home/gabs/ugv_system/install/ugv_simulation/share/ament_index/resource_index/package_run_dependencies/ugv_simulation
-- Up-to-date: /home/gabs/ugv_system/install/ugv_simulation/share/ament_index/resource_index/parent_prefix_path/ugv_simulation
-- Up-to-date: /home/gabs/ugv_system/install/ugv_simulation/share/ugv_simulation/environment/ament_prefix_path.sh
-- Up-to-date: /home/gabs/ugv_system/install/ugv_simulation/share/ugv_simulation/environment/ament_prefix_path.dsv
-- Up-to-date: /home/gabs/ugv_system/install/ugv_simulation/share/ugv_simulation/environment/path.sh
-- Up-to-date: /home/gabs/ugv_system/install/ugv_simulation/share/ugv_simulation/environment/path.dsv
-- Up-to-date: /home/gabs/ugv_system/install/ugv_simulation/share/ugv_simulation/local_setup.bash
-- Up-to-date: /home/gabs/ugv_system/install/ugv_simulation/share/ugv_simulation/local_setup.sh
-- Up-to-date: /home/gabs/ugv_system/install/ugv_simulation/share/ugv_simulation/local_setup.zsh
-- Up-to-date: /home/gabs/ugv_system/install/ugv_simulation/share/ugv_simulation/local_setup.dsv
-- Installing: /home/gabs/ugv_system/install/ugv_simulation/share/ugv_simulation/package.dsv
-- Up-to-date: /home/gabs/ugv_system/install/ugv_simulation/share/ament_index/resource_index/packages/ugv_simulation
-- Up-to-date: /home/gabs/ugv_system/install/ugv_simulation/share/ugv_simulation/cmake/ugv_simulationConfig.cmake
-- Up-to-date: /home/gabs/ugv_system/install/ugv_simulation/share/ugv_simulation/cmake/ugv_simulationConfig-version.cmake
-- Up-to-date: /home/gabs/ugv_system/install/ugv_simulation/share/ugv_simulation/package.xml
