[0.442s] Invoking command in '/home/gabs/ugv_system/build/ugv_simulation': CMAKE_PREFIX_PATH=${CMAKE_PREFIX_PATH}:/opt/ros/humble /usr/bin/cmake --build /home/gabs/ugv_system/build/ugv_simulation -- -j4 -l4
[0.513s] Invoked command in '/home/gabs/ugv_system/build/ugv_simulation' returned '0': CMAKE_PREFIX_PATH=${CMAKE_PREFIX_PATH}:/opt/ros/humble /usr/bin/cmake --build /home/gabs/ugv_system/build/ugv_simulation -- -j4 -l4
[0.832s] Invoking command in '/home/gabs/ugv_system/build/ugv_simulation': CMAKE_PREFIX_PATH=${CMAKE_PREFIX_PATH}:/opt/ros/humble /usr/bin/cmake --install /home/gabs/ugv_system/build/ugv_simulation
[0.847s] -- Install configuration: ""
[0.848s] -- Up-to-date: /home/gabs/ugv_system/install/ugv_simulation/share/ugv_simulation/launch
[0.848s] -- Installing: /home/gabs/ugv_system/install/ugv_simulation/share/ugv_simulation/launch/empty.md
[0.850s] -- Installing: /home/gabs/ugv_system/install/ugv_simulation/share/ugv_simulation/launch/start_world.launch.py
[0.850s] -- Up-to-date: /home/gabs/ugv_system/install/ugv_simulation/share/ugv_simulation/robots_description
[0.851s] -- Up-to-date: /home/gabs/ugv_system/install/ugv_simulation/share/ugv_simulation/robots_description/sensors
[0.851s] -- Up-to-date: /home/gabs/ugv_system/install/ugv_simulation/share/ugv_simulation/robots_description/sensors/imu_sensor.urdf.xacro
[0.851s] -- Up-to-date: /home/gabs/ugv_system/install/ugv_simulation/share/ugv_simulation/robots_description/sensors/laser_sensor.urdf.xacro
[0.851s] -- Up-to-date: /home/gabs/ugv_system/install/ugv_simulation/share/ugv_simulation/robots_description/meshes
[0.852s] -- Up-to-date: /home/gabs/ugv_system/install/ugv_simulation/share/ugv_simulation/robots_description/meshes/rplidar.dae
[0.852s] -- Up-to-date: /home/gabs/ugv_system/install/ugv_simulation/share/ugv_simulation/robots_description/meshes/fr_wheel.dae
[0.852s] -- Up-to-date: /home/gabs/ugv_system/install/ugv_simulation/share/ugv_simulation/robots_description/meshes/body_OC.dae
[0.852s] -- Up-to-date: /home/gabs/ugv_system/install/ugv_simulation/share/ugv_simulation/robots_description/meshes/fl_wheel.dae
[0.852s] -- Up-to-date: /home/gabs/ugv_system/install/ugv_simulation/share/ugv_simulation/robots_description/oni.urdf.xacro
[0.853s] -- Up-to-date: /home/gabs/ugv_system/install/ugv_simulation/share/ugv_simulation/worlds
[0.853s] -- Up-to-date: /home/gabs/ugv_system/install/ugv_simulation/share/ugv_simulation/worlds/laser.world
[0.853s] -- Up-to-date: /home/gabs/ugv_system/install/ugv_simulation/share/ament_index/resource_index/package_run_dependencies/ugv_simulation
[0.853s] -- Up-to-date: /home/gabs/ugv_system/install/ugv_simulation/share/ament_index/resource_index/parent_prefix_path/ugv_simulation
[0.853s] -- Up-to-date: /home/gabs/ugv_system/install/ugv_simulation/share/ugv_simulation/environment/ament_prefix_path.sh
[0.854s] -- Up-to-date: /home/gabs/ugv_system/install/ugv_simulation/share/ugv_simulation/environment/ament_prefix_path.dsv
[0.854s] -- Up-to-date: /home/gabs/ugv_system/install/ugv_simulation/share/ugv_simulation/environment/path.sh
[0.854s] -- Up-to-date: /home/gabs/ugv_system/install/ugv_simulation/share/ugv_simulation/environment/path.dsv
[0.854s] -- Up-to-date: /home/gabs/ugv_system/install/ugv_simulation/share/ugv_simulation/local_setup.bash
[0.854s] -- Up-to-date: /home/gabs/ugv_system/install/ugv_simulation/share/ugv_simulation/local_setup.sh
[0.855s] -- Up-to-date: /home/gabs/ugv_system/install/ugv_simulation/share/ugv_simulation/local_setup.zsh
[0.855s] -- Up-to-date: /home/gabs/ugv_system/install/ugv_simulation/share/ugv_simulation/local_setup.dsv
[0.855s] -- Installing: /home/gabs/ugv_system/install/ugv_simulation/share/ugv_simulation/package.dsv
[0.855s] -- Up-to-date: /home/gabs/ugv_system/install/ugv_simulation/share/ament_index/resource_index/packages/ugv_simulation
[0.856s] -- Up-to-date: /home/gabs/ugv_system/install/ugv_simulation/share/ugv_simulation/cmake/ugv_simulationConfig.cmake
[0.856s] -- Up-to-date: /home/gabs/ugv_system/install/ugv_simulation/share/ugv_simulation/cmake/ugv_simulationConfig-version.cmake
[0.856s] -- Up-to-date: /home/gabs/ugv_system/install/ugv_simulation/share/ugv_simulation/package.xml
[1.299s] Invoked command in '/home/gabs/ugv_system/build/ugv_simulation' returned '0': CMAKE_PREFIX_PATH=${CMAKE_PREFIX_PATH}:/opt/ros/humble /usr/bin/cmake --install /home/gabs/ugv_system/build/ugv_simulation
