[0.379s] DEBUG:colcon:Command line arguments: ['/usr/bin/colcon', 'build']
[0.379s] DEBUG:colcon:Parsed command line arguments: Namespace(log_base=None, log_level=None, verb_name='build', build_base='build', install_base='install', merge_install=False, symlink_install=False, test_result_base=None, continue_on_error=False, executor='parallel', parallel_workers=4, event_handlers=None, ignore_user_meta=False, metas=['./colcon.meta'], base_paths=['.'], packages_ignore=None, packages_ignore_regex=None, paths=None, packages_up_to=None, packages_up_to_regex=None, packages_above=None, packages_above_and_dependencies=None, packages_above_depth=None, packages_select_by_dep=None, packages_skip_by_dep=None, packages_skip_up_to=None, packages_select_build_failed=False, packages_skip_build_finished=False, packages_select_test_failures=False, packages_skip_test_passed=False, packages_select=None, packages_skip=None, packages_select_regex=None, packages_skip_regex=None, packages_start=None, packages_end=None, allow_overriding=[], cmake_args=None, cmake_target=None, cmake_target_skip_unavailable=False, cmake_clean_cache=False, cmake_clean_first=False, cmake_force_configure=False, ament_cmake_args=None, catkin_cmake_args=None, catkin_skip_building_tests=False, verb_parser=<colcon_defaults.argument_parser.defaults.DefaultArgumentsDecorator object at 0x7f244d0331f0>, verb_extension=<colcon_core.verb.build.BuildVerb object at 0x7f244d373af0>, main=<bound method BuildVerb.main of <colcon_core.verb.build.BuildVerb object at 0x7f244d373af0>>)
[0.408s] Level 1:colcon.colcon_core.package_discovery:discover_packages(colcon_meta) check parameters
[0.408s] Level 1:colcon.colcon_core.package_discovery:discover_packages(recursive) check parameters
[0.408s] Level 1:colcon.colcon_core.package_discovery:discover_packages(ignore) check parameters
[0.408s] Level 1:colcon.colcon_core.package_discovery:discover_packages(path) check parameters
[0.408s] Level 1:colcon.colcon_core.package_discovery:discover_packages(colcon_meta) discover
[0.408s] Level 1:colcon.colcon_core.package_discovery:discover_packages(recursive) discover
[0.408s] INFO:colcon.colcon_core.package_discovery:Crawling recursively for packages in '/home/gabs/ugv_system'
[0.408s] Level 1:colcon.colcon_core.package_identification:_identify(.) by extensions ['ignore', 'ignore_ament_install']
[0.408s] Level 1:colcon.colcon_core.package_identification:_identify(.) by extension 'ignore'
[0.408s] Level 1:colcon.colcon_core.package_identification:_identify(.) by extension 'ignore_ament_install'
[0.408s] Level 1:colcon.colcon_core.package_identification:_identify(.) by extensions ['colcon_pkg']
[0.408s] Level 1:colcon.colcon_core.package_identification:_identify(.) by extension 'colcon_pkg'
[0.408s] Level 1:colcon.colcon_core.package_identification:_identify(.) by extensions ['colcon_meta']
[0.408s] Level 1:colcon.colcon_core.package_identification:_identify(.) by extension 'colcon_meta'
[0.408s] Level 1:colcon.colcon_core.package_identification:_identify(.) by extensions ['ros']
[0.409s] Level 1:colcon.colcon_core.package_identification:_identify(.) by extension 'ros'
[0.437s] Level 1:colcon.colcon_core.package_identification:_identify(.) by extensions ['cmake', 'python']
[0.437s] Level 1:colcon.colcon_core.package_identification:_identify(.) by extension 'cmake'
[0.437s] Level 1:colcon.colcon_core.package_identification:_identify(.) by extension 'python'
[0.437s] Level 1:colcon.colcon_core.package_identification:_identify(.) by extensions ['python_setup_py']
[0.437s] Level 1:colcon.colcon_core.package_identification:_identify(.) by extension 'python_setup_py'
[0.437s] Level 1:colcon.colcon_core.package_identification:_identify(build) by extensions ['ignore', 'ignore_ament_install']
[0.437s] Level 1:colcon.colcon_core.package_identification:_identify(build) by extension 'ignore'
[0.437s] Level 1:colcon.colcon_core.package_identification:_identify(build) ignored
[0.437s] Level 1:colcon.colcon_core.package_identification:_identify(install) by extensions ['ignore', 'ignore_ament_install']
[0.438s] Level 1:colcon.colcon_core.package_identification:_identify(install) by extension 'ignore'
[0.438s] Level 1:colcon.colcon_core.package_identification:_identify(install) ignored
[0.438s] Level 1:colcon.colcon_core.package_identification:_identify(log) by extensions ['ignore', 'ignore_ament_install']
[0.438s] Level 1:colcon.colcon_core.package_identification:_identify(log) by extension 'ignore'
[0.438s] Level 1:colcon.colcon_core.package_identification:_identify(log) ignored
[0.438s] Level 1:colcon.colcon_core.package_identification:_identify(src) by extensions ['ignore', 'ignore_ament_install']
[0.438s] Level 1:colcon.colcon_core.package_identification:_identify(src) by extension 'ignore'
[0.438s] Level 1:colcon.colcon_core.package_identification:_identify(src) by extension 'ignore_ament_install'
[0.438s] Level 1:colcon.colcon_core.package_identification:_identify(src) by extensions ['colcon_pkg']
[0.438s] Level 1:colcon.colcon_core.package_identification:_identify(src) by extension 'colcon_pkg'
[0.438s] Level 1:colcon.colcon_core.package_identification:_identify(src) by extensions ['colcon_meta']
[0.438s] Level 1:colcon.colcon_core.package_identification:_identify(src) by extension 'colcon_meta'
[0.438s] Level 1:colcon.colcon_core.package_identification:_identify(src) by extensions ['ros']
[0.438s] Level 1:colcon.colcon_core.package_identification:_identify(src) by extension 'ros'
[0.438s] Level 1:colcon.colcon_core.package_identification:_identify(src) by extensions ['cmake', 'python']
[0.438s] Level 1:colcon.colcon_core.package_identification:_identify(src) by extension 'cmake'
[0.439s] Level 1:colcon.colcon_core.package_identification:_identify(src) by extension 'python'
[0.439s] Level 1:colcon.colcon_core.package_identification:_identify(src) by extensions ['python_setup_py']
[0.439s] Level 1:colcon.colcon_core.package_identification:_identify(src) by extension 'python_setup_py'
[0.439s] Level 1:colcon.colcon_core.package_identification:_identify(src/ugv_navigation) by extensions ['ignore', 'ignore_ament_install']
[0.439s] Level 1:colcon.colcon_core.package_identification:_identify(src/ugv_navigation) by extension 'ignore'
[0.439s] Level 1:colcon.colcon_core.package_identification:_identify(src/ugv_navigation) by extension 'ignore_ament_install'
[0.439s] Level 1:colcon.colcon_core.package_identification:_identify(src/ugv_navigation) by extensions ['colcon_pkg']
[0.439s] Level 1:colcon.colcon_core.package_identification:_identify(src/ugv_navigation) by extension 'colcon_pkg'
[0.439s] Level 1:colcon.colcon_core.package_identification:_identify(src/ugv_navigation) by extensions ['colcon_meta']
[0.439s] Level 1:colcon.colcon_core.package_identification:_identify(src/ugv_navigation) by extension 'colcon_meta'
[0.439s] Level 1:colcon.colcon_core.package_identification:_identify(src/ugv_navigation) by extensions ['ros']
[0.439s] Level 1:colcon.colcon_core.package_identification:_identify(src/ugv_navigation) by extension 'ros'
[0.442s] DEBUG:colcon.colcon_core.package_identification:Package 'src/ugv_navigation' with type 'ros.ament_cmake' and name 'ugv_navigation'
[0.442s] Level 1:colcon.colcon_core.package_identification:_identify(src/ugv_simulation) by extensions ['ignore', 'ignore_ament_install']
[0.442s] Level 1:colcon.colcon_core.package_identification:_identify(src/ugv_simulation) by extension 'ignore'
[0.442s] Level 1:colcon.colcon_core.package_identification:_identify(src/ugv_simulation) by extension 'ignore_ament_install'
[0.442s] Level 1:colcon.colcon_core.package_identification:_identify(src/ugv_simulation) by extensions ['colcon_pkg']
[0.442s] Level 1:colcon.colcon_core.package_identification:_identify(src/ugv_simulation) by extension 'colcon_pkg'
[0.442s] Level 1:colcon.colcon_core.package_identification:_identify(src/ugv_simulation) by extensions ['colcon_meta']
[0.442s] Level 1:colcon.colcon_core.package_identification:_identify(src/ugv_simulation) by extension 'colcon_meta'
[0.442s] Level 1:colcon.colcon_core.package_identification:_identify(src/ugv_simulation) by extensions ['ros']
[0.442s] Level 1:colcon.colcon_core.package_identification:_identify(src/ugv_simulation) by extension 'ros'
[0.443s] DEBUG:colcon.colcon_core.package_identification:Package 'src/ugv_simulation' with type 'ros.ament_cmake' and name 'ugv_simulation'
[0.443s] Level 1:colcon.colcon_core.package_discovery:discover_packages(recursive) using defaults
[0.443s] Level 1:colcon.colcon_core.package_discovery:discover_packages(ignore) discover
[0.443s] Level 1:colcon.colcon_core.package_discovery:discover_packages(ignore) using defaults
[0.443s] Level 1:colcon.colcon_core.package_discovery:discover_packages(path) discover
[0.443s] Level 1:colcon.colcon_core.package_discovery:discover_packages(path) using defaults
[0.474s] Level 1:colcon.colcon_core.package_discovery:discover_packages(prefix_path) check parameters
[0.474s] Level 1:colcon.colcon_core.package_discovery:discover_packages(prefix_path) discover
[0.478s] DEBUG:colcon.colcon_installed_package_information.package_discovery:Found 11 installed packages in /home/gabs/workspace/install
[0.481s] DEBUG:colcon.colcon_installed_package_information.package_discovery:Found 279 installed packages in /opt/ros/humble
[0.483s] Level 1:colcon.colcon_core.package_discovery:discover_packages(prefix_path) using defaults
[0.560s] Level 5:colcon.colcon_core.verb:set package 'ugv_navigation' build argument 'cmake_args' from command line to 'None'
[0.560s] Level 5:colcon.colcon_core.verb:set package 'ugv_navigation' build argument 'cmake_target' from command line to 'None'
[0.560s] Level 5:colcon.colcon_core.verb:set package 'ugv_navigation' build argument 'cmake_target_skip_unavailable' from command line to 'False'
[0.560s] Level 5:colcon.colcon_core.verb:set package 'ugv_navigation' build argument 'cmake_clean_cache' from command line to 'False'
[0.560s] Level 5:colcon.colcon_core.verb:set package 'ugv_navigation' build argument 'cmake_clean_first' from command line to 'False'
[0.560s] Level 5:colcon.colcon_core.verb:set package 'ugv_navigation' build argument 'cmake_force_configure' from command line to 'False'
[0.560s] Level 5:colcon.colcon_core.verb:set package 'ugv_navigation' build argument 'ament_cmake_args' from command line to 'None'
[0.560s] Level 5:colcon.colcon_core.verb:set package 'ugv_navigation' build argument 'catkin_cmake_args' from command line to 'None'
[0.560s] Level 5:colcon.colcon_core.verb:set package 'ugv_navigation' build argument 'catkin_skip_building_tests' from command line to 'False'
[0.560s] DEBUG:colcon.colcon_core.verb:Building package 'ugv_navigation' with the following arguments: {'ament_cmake_args': None, 'build_base': '/home/gabs/ugv_system/build/ugv_navigation', 'catkin_cmake_args': None, 'catkin_skip_building_tests': False, 'cmake_args': None, 'cmake_clean_cache': False, 'cmake_clean_first': False, 'cmake_force_configure': False, 'cmake_target': None, 'cmake_target_skip_unavailable': False, 'install_base': '/home/gabs/ugv_system/install/ugv_navigation', 'merge_install': False, 'path': '/home/gabs/ugv_system/src/ugv_navigation', 'symlink_install': False, 'test_result_base': None}
[0.562s] Level 5:colcon.colcon_core.verb:set package 'ugv_simulation' build argument 'cmake_args' from command line to 'None'
[0.562s] Level 5:colcon.colcon_core.verb:set package 'ugv_simulation' build argument 'cmake_target' from command line to 'None'
[0.562s] Level 5:colcon.colcon_core.verb:set package 'ugv_simulation' build argument 'cmake_target_skip_unavailable' from command line to 'False'
[0.562s] Level 5:colcon.colcon_core.verb:set package 'ugv_simulation' build argument 'cmake_clean_cache' from command line to 'False'
[0.562s] Level 5:colcon.colcon_core.verb:set package 'ugv_simulation' build argument 'cmake_clean_first' from command line to 'False'
[0.562s] Level 5:colcon.colcon_core.verb:set package 'ugv_simulation' build argument 'cmake_force_configure' from command line to 'False'
[0.562s] Level 5:colcon.colcon_core.verb:set package 'ugv_simulation' build argument 'ament_cmake_args' from command line to 'None'
[0.562s] Level 5:colcon.colcon_core.verb:set package 'ugv_simulation' build argument 'catkin_cmake_args' from command line to 'None'
[0.562s] Level 5:colcon.colcon_core.verb:set package 'ugv_simulation' build argument 'catkin_skip_building_tests' from command line to 'False'
[0.562s] DEBUG:colcon.colcon_core.verb:Building package 'ugv_simulation' with the following arguments: {'ament_cmake_args': None, 'build_base': '/home/gabs/ugv_system/build/ugv_simulation', 'catkin_cmake_args': None, 'catkin_skip_building_tests': False, 'cmake_args': None, 'cmake_clean_cache': False, 'cmake_clean_first': False, 'cmake_force_configure': False, 'cmake_target': None, 'cmake_target_skip_unavailable': False, 'install_base': '/home/gabs/ugv_system/install/ugv_simulation', 'merge_install': False, 'path': '/home/gabs/ugv_system/src/ugv_simulation', 'symlink_install': False, 'test_result_base': None}
[0.563s] INFO:colcon.colcon_core.executor:Executing jobs using 'parallel' executor
[0.567s] DEBUG:colcon.colcon_parallel_executor.executor.parallel:run_until_complete
[0.567s] INFO:colcon.colcon_ros.task.ament_cmake.build:Building ROS package in '/home/gabs/ugv_system/src/ugv_navigation' with build type 'ament_cmake'
[0.568s] INFO:colcon.colcon_cmake.task.cmake.build:Building CMake package in '/home/gabs/ugv_system/src/ugv_navigation'
[0.572s] INFO:colcon.colcon_core.plugin_system:Skipping extension 'colcon_core.shell.bat': Not used on non-Windows systems
[0.572s] INFO:colcon.colcon_core.shell:Skip shell extension 'powershell' for command environment: Not usable outside of PowerShell
[0.573s] DEBUG:colcon.colcon_core.shell:Skip shell extension 'dsv' for command environment
[0.628s] INFO:colcon.colcon_ros.task.ament_cmake.build:Building ROS package in '/home/gabs/ugv_system/src/ugv_simulation' with build type 'ament_cmake'
[0.628s] INFO:colcon.colcon_cmake.task.cmake.build:Building CMake package in '/home/gabs/ugv_system/src/ugv_simulation'
[0.630s] INFO:colcon.colcon_core.shell:Skip shell extension 'powershell' for command environment: Not usable outside of PowerShell
[0.630s] DEBUG:colcon.colcon_core.shell:Skip shell extension 'dsv' for command environment
[0.997s] DEBUG:colcon.colcon_core.event_handler.log_command:Invoking command in '/home/gabs/ugv_system/build/ugv_navigation': CMAKE_PREFIX_PATH=${CMAKE_PREFIX_PATH}:/opt/ros/humble /usr/bin/cmake --build /home/gabs/ugv_system/build/ugv_navigation -- -j4 -l4
[1.070s] DEBUG:colcon.colcon_core.event_handler.log_command:Invoking command in '/home/gabs/ugv_system/build/ugv_simulation': CMAKE_PREFIX_PATH=${CMAKE_PREFIX_PATH}:/opt/ros/humble /usr/bin/cmake --build /home/gabs/ugv_system/build/ugv_simulation -- -j4 -l4
[1.074s] DEBUG:colcon.colcon_core.event_handler.log_command:Invoked command in '/home/gabs/ugv_system/build/ugv_navigation' returned '0': CMAKE_PREFIX_PATH=${CMAKE_PREFIX_PATH}:/opt/ros/humble /usr/bin/cmake --build /home/gabs/ugv_system/build/ugv_navigation -- -j4 -l4
[1.125s] DEBUG:colcon.colcon_core.event_handler.log_command:Invoking command in '/home/gabs/ugv_system/build/ugv_navigation': CMAKE_PREFIX_PATH=${CMAKE_PREFIX_PATH}:/opt/ros/humble /usr/bin/cmake --install /home/gabs/ugv_system/build/ugv_navigation
[1.141s] DEBUG:colcon.colcon_core.event_handler.log_command:Invoked command in '/home/gabs/ugv_system/build/ugv_simulation' returned '0': CMAKE_PREFIX_PATH=${CMAKE_PREFIX_PATH}:/opt/ros/humble /usr/bin/cmake --build /home/gabs/ugv_system/build/ugv_simulation -- -j4 -l4
[1.166s] Level 1:colcon.colcon_core.environment:create_environment_scripts_only(ugv_navigation)
[1.168s] DEBUG:colcon.colcon_core.event_handler.log_command:Invoked command in '/home/gabs/ugv_system/build/ugv_navigation' returned '0': CMAKE_PREFIX_PATH=${CMAKE_PREFIX_PATH}:/opt/ros/humble /usr/bin/cmake --install /home/gabs/ugv_system/build/ugv_navigation
[1.175s] Level 1:colcon.colcon_core.environment:checking '/home/gabs/ugv_system/install/ugv_navigation' for CMake module files
[1.176s] Level 1:colcon.colcon_core.environment:checking '/home/gabs/ugv_system/install/ugv_navigation' for CMake config files
[1.176s] Level 1:colcon.colcon_core.shell:create_environment_hook('ugv_navigation', 'cmake_prefix_path')
[1.178s] INFO:colcon.colcon_core.shell:Creating environment hook '/home/gabs/ugv_system/install/ugv_navigation/share/ugv_navigation/hook/cmake_prefix_path.ps1'
[1.186s] INFO:colcon.colcon_core.shell:Creating environment descriptor '/home/gabs/ugv_system/install/ugv_navigation/share/ugv_navigation/hook/cmake_prefix_path.dsv'
[1.250s] INFO:colcon.colcon_core.shell:Creating environment hook '/home/gabs/ugv_system/install/ugv_navigation/share/ugv_navigation/hook/cmake_prefix_path.sh'
[1.292s] Level 1:colcon.colcon_core.environment:checking '/home/gabs/ugv_system/install/ugv_navigation/bin'
[1.293s] Level 1:colcon.colcon_core.environment:checking '/home/gabs/ugv_system/install/ugv_navigation/lib/pkgconfig/ugv_navigation.pc'
[1.293s] Level 1:colcon.colcon_core.environment:checking '/home/gabs/ugv_system/install/ugv_navigation/lib/python3.10/site-packages'
[1.293s] Level 1:colcon.colcon_core.environment:checking '/home/gabs/ugv_system/install/ugv_navigation/bin'
[1.295s] INFO:colcon.colcon_core.shell:Creating package script '/home/gabs/ugv_system/install/ugv_navigation/share/ugv_navigation/package.ps1'
[1.316s] INFO:colcon.colcon_core.shell:Creating package descriptor '/home/gabs/ugv_system/install/ugv_navigation/share/ugv_navigation/package.dsv'
[1.360s] INFO:colcon.colcon_core.shell:Creating package script '/home/gabs/ugv_system/install/ugv_navigation/share/ugv_navigation/package.sh'
[1.394s] INFO:colcon.colcon_core.shell:Creating package script '/home/gabs/ugv_system/install/ugv_navigation/share/ugv_navigation/package.bash'
[1.437s] INFO:colcon.colcon_core.shell:Creating package script '/home/gabs/ugv_system/install/ugv_navigation/share/ugv_navigation/package.zsh'
[1.455s] Level 1:colcon.colcon_core.environment:create_file_with_runtime_dependencies(/home/gabs/ugv_system/install/ugv_navigation/share/colcon-core/packages/ugv_navigation)
[1.460s] DEBUG:colcon.colcon_core.event_handler.log_command:Invoking command in '/home/gabs/ugv_system/build/ugv_simulation': CMAKE_PREFIX_PATH=${CMAKE_PREFIX_PATH}:/opt/ros/humble /usr/bin/cmake --install /home/gabs/ugv_system/build/ugv_simulation
[1.503s] Level 1:colcon.colcon_core.environment:create_environment_scripts_only(ugv_navigation)
[1.507s] Level 1:colcon.colcon_core.environment:checking '/home/gabs/ugv_system/install/ugv_navigation' for CMake module files
[1.508s] Level 1:colcon.colcon_core.environment:checking '/home/gabs/ugv_system/install/ugv_navigation' for CMake config files
[1.508s] Level 1:colcon.colcon_core.shell:create_environment_hook('ugv_navigation', 'cmake_prefix_path')
[1.512s] INFO:colcon.colcon_core.shell:Creating environment hook '/home/gabs/ugv_system/install/ugv_navigation/share/ugv_navigation/hook/cmake_prefix_path.ps1'
[1.527s] INFO:colcon.colcon_core.shell:Creating environment descriptor '/home/gabs/ugv_system/install/ugv_navigation/share/ugv_navigation/hook/cmake_prefix_path.dsv'
[1.575s] INFO:colcon.colcon_core.shell:Creating environment hook '/home/gabs/ugv_system/install/ugv_navigation/share/ugv_navigation/hook/cmake_prefix_path.sh'
[1.620s] Level 1:colcon.colcon_core.environment:checking '/home/gabs/ugv_system/install/ugv_navigation/bin'
[1.620s] Level 1:colcon.colcon_core.environment:checking '/home/gabs/ugv_system/install/ugv_navigation/lib/pkgconfig/ugv_navigation.pc'
[1.621s] Level 1:colcon.colcon_core.environment:checking '/home/gabs/ugv_system/install/ugv_navigation/lib/python3.10/site-packages'
[1.621s] Level 1:colcon.colcon_core.environment:checking '/home/gabs/ugv_system/install/ugv_navigation/bin'
[1.623s] INFO:colcon.colcon_core.shell:Creating package script '/home/gabs/ugv_system/install/ugv_navigation/share/ugv_navigation/package.ps1'
[1.671s] INFO:colcon.colcon_core.shell:Creating package descriptor '/home/gabs/ugv_system/install/ugv_navigation/share/ugv_navigation/package.dsv'
[1.733s] INFO:colcon.colcon_core.shell:Creating package script '/home/gabs/ugv_system/install/ugv_navigation/share/ugv_navigation/package.sh'
[1.797s] INFO:colcon.colcon_core.shell:Creating package script '/home/gabs/ugv_system/install/ugv_navigation/share/ugv_navigation/package.bash'
[1.833s] INFO:colcon.colcon_core.shell:Creating package script '/home/gabs/ugv_system/install/ugv_navigation/share/ugv_navigation/package.zsh'
[1.872s] Level 1:colcon.colcon_core.environment:create_file_with_runtime_dependencies(/home/gabs/ugv_system/install/ugv_navigation/share/colcon-core/packages/ugv_navigation)
[1.874s] Level 1:colcon.colcon_core.environment:create_environment_scripts_only(ugv_simulation)
[1.876s] Level 1:colcon.colcon_core.environment:checking '/home/gabs/ugv_system/install/ugv_simulation' for CMake module files
[1.877s] Level 1:colcon.colcon_core.environment:checking '/home/gabs/ugv_system/install/ugv_simulation' for CMake config files
[1.877s] Level 1:colcon.colcon_core.shell:create_environment_hook('ugv_simulation', 'cmake_prefix_path')
[1.879s] INFO:colcon.colcon_core.shell:Creating environment hook '/home/gabs/ugv_system/install/ugv_simulation/share/ugv_simulation/hook/cmake_prefix_path.ps1'
[1.927s] DEBUG:colcon.colcon_core.event_handler.log_command:Invoked command in '/home/gabs/ugv_system/build/ugv_simulation' returned '0': CMAKE_PREFIX_PATH=${CMAKE_PREFIX_PATH}:/opt/ros/humble /usr/bin/cmake --install /home/gabs/ugv_system/build/ugv_simulation
[1.927s] INFO:colcon.colcon_core.shell:Creating environment descriptor '/home/gabs/ugv_system/install/ugv_simulation/share/ugv_simulation/hook/cmake_prefix_path.dsv'
[1.980s] INFO:colcon.colcon_core.shell:Creating environment hook '/home/gabs/ugv_system/install/ugv_simulation/share/ugv_simulation/hook/cmake_prefix_path.sh'
[1.980s] Level 1:colcon.colcon_core.environment:checking '/home/gabs/ugv_system/install/ugv_simulation/bin'
[1.981s] Level 1:colcon.colcon_core.environment:checking '/home/gabs/ugv_system/install/ugv_simulation/lib/pkgconfig/ugv_simulation.pc'
[1.981s] Level 1:colcon.colcon_core.environment:checking '/home/gabs/ugv_system/install/ugv_simulation/lib/python3.10/site-packages'
[1.981s] Level 1:colcon.colcon_core.environment:checking '/home/gabs/ugv_system/install/ugv_simulation/bin'
[1.983s] INFO:colcon.colcon_core.shell:Creating package script '/home/gabs/ugv_system/install/ugv_simulation/share/ugv_simulation/package.ps1'
[2.030s] INFO:colcon.colcon_core.shell:Creating package descriptor '/home/gabs/ugv_system/install/ugv_simulation/share/ugv_simulation/package.dsv'
[2.089s] INFO:colcon.colcon_core.shell:Creating package script '/home/gabs/ugv_system/install/ugv_simulation/share/ugv_simulation/package.sh'
[2.136s] INFO:colcon.colcon_core.shell:Creating package script '/home/gabs/ugv_system/install/ugv_simulation/share/ugv_simulation/package.bash'
[2.167s] INFO:colcon.colcon_core.shell:Creating package script '/home/gabs/ugv_system/install/ugv_simulation/share/ugv_simulation/package.zsh'
[2.169s] Level 1:colcon.colcon_core.environment:create_file_with_runtime_dependencies(/home/gabs/ugv_system/install/ugv_simulation/share/colcon-core/packages/ugv_simulation)
[2.203s] Level 1:colcon.colcon_core.environment:create_environment_scripts_only(ugv_simulation)
[2.205s] Level 1:colcon.colcon_core.environment:checking '/home/gabs/ugv_system/install/ugv_simulation' for CMake module files
[2.205s] Level 1:colcon.colcon_core.environment:checking '/home/gabs/ugv_system/install/ugv_simulation' for CMake config files
[2.206s] Level 1:colcon.colcon_core.shell:create_environment_hook('ugv_simulation', 'cmake_prefix_path')
[2.208s] INFO:colcon.colcon_core.shell:Creating environment hook '/home/gabs/ugv_system/install/ugv_simulation/share/ugv_simulation/hook/cmake_prefix_path.ps1'
[2.208s] INFO:colcon.colcon_core.shell:Creating environment descriptor '/home/gabs/ugv_system/install/ugv_simulation/share/ugv_simulation/hook/cmake_prefix_path.dsv'
[2.209s] INFO:colcon.colcon_core.shell:Creating environment hook '/home/gabs/ugv_system/install/ugv_simulation/share/ugv_simulation/hook/cmake_prefix_path.sh'
[2.210s] Level 1:colcon.colcon_core.environment:checking '/home/gabs/ugv_system/install/ugv_simulation/bin'
[2.210s] Level 1:colcon.colcon_core.environment:checking '/home/gabs/ugv_system/install/ugv_simulation/lib/pkgconfig/ugv_simulation.pc'
[2.210s] Level 1:colcon.colcon_core.environment:checking '/home/gabs/ugv_system/install/ugv_simulation/lib/python3.10/site-packages'
[2.211s] Level 1:colcon.colcon_core.environment:checking '/home/gabs/ugv_system/install/ugv_simulation/bin'
[2.212s] INFO:colcon.colcon_core.shell:Creating package script '/home/gabs/ugv_system/install/ugv_simulation/share/ugv_simulation/package.ps1'
[2.213s] INFO:colcon.colcon_core.shell:Creating package descriptor '/home/gabs/ugv_system/install/ugv_simulation/share/ugv_simulation/package.dsv'
[2.214s] INFO:colcon.colcon_core.shell:Creating package script '/home/gabs/ugv_system/install/ugv_simulation/share/ugv_simulation/package.sh'
[2.214s] INFO:colcon.colcon_core.shell:Creating package script '/home/gabs/ugv_system/install/ugv_simulation/share/ugv_simulation/package.bash'
[2.214s] INFO:colcon.colcon_core.shell:Creating package script '/home/gabs/ugv_system/install/ugv_simulation/share/ugv_simulation/package.zsh'
[2.240s] Level 1:colcon.colcon_core.environment:create_file_with_runtime_dependencies(/home/gabs/ugv_system/install/ugv_simulation/share/colcon-core/packages/ugv_simulation)
[2.241s] DEBUG:colcon.colcon_parallel_executor.executor.parallel:closing loop
[2.242s] DEBUG:colcon.colcon_parallel_executor.executor.parallel:loop closed
[2.242s] DEBUG:colcon.colcon_parallel_executor.executor.parallel:run_until_complete finished with '0'
[2.242s] DEBUG:colcon.colcon_core.event_reactor:joining thread
[2.248s] INFO:colcon.colcon_core.plugin_system:Skipping extension 'colcon_notification.desktop_notification.terminal_notifier': Not used on non-Darwin systems
[2.248s] INFO:colcon.colcon_core.plugin_system:Skipping extension 'colcon_notification.desktop_notification.win32': Not used on non-Windows systems
[2.249s] INFO:colcon.colcon_notification.desktop_notification:Sending desktop notification using 'notify2'
[2.266s] DEBUG:colcon.colcon_core.event_reactor:joined thread
[2.268s] INFO:colcon.colcon_core.shell:Creating prefix script '/home/gabs/ugv_system/install/local_setup.ps1'
[2.269s] INFO:colcon.colcon_core.shell:Creating prefix util module '/home/gabs/ugv_system/install/_local_setup_util_ps1.py'
[2.271s] INFO:colcon.colcon_core.shell:Creating prefix chain script '/home/gabs/ugv_system/install/setup.ps1'
[2.274s] INFO:colcon.colcon_core.shell:Creating prefix script '/home/gabs/ugv_system/install/local_setup.sh'
[2.274s] INFO:colcon.colcon_core.shell:Creating prefix util module '/home/gabs/ugv_system/install/_local_setup_util_sh.py'
[2.275s] INFO:colcon.colcon_core.shell:Creating prefix chain script '/home/gabs/ugv_system/install/setup.sh'
[2.277s] INFO:colcon.colcon_core.shell:Creating prefix script '/home/gabs/ugv_system/install/local_setup.bash'
[2.277s] INFO:colcon.colcon_core.shell:Creating prefix chain script '/home/gabs/ugv_system/install/setup.bash'
[2.280s] INFO:colcon.colcon_core.shell:Creating prefix script '/home/gabs/ugv_system/install/local_setup.zsh'
[2.281s] INFO:colcon.colcon_core.shell:Creating prefix chain script '/home/gabs/ugv_system/install/setup.zsh'
