[0.354s] DEBUG:colcon:Command line arguments: ['/usr/bin/colcon', 'build']
[0.354s] DEBUG:colcon:Parsed command line arguments: Namespace(log_base=None, log_level=None, verb_name='build', build_base='build', install_base='install', merge_install=False, symlink_install=False, test_result_base=None, continue_on_error=False, executor='parallel', parallel_workers=2, event_handlers=None, ignore_user_meta=False, metas=['./colcon.meta'], base_paths=['.'], packages_ignore=None, packages_ignore_regex=None, paths=None, packages_up_to=None, packages_up_to_regex=None, packages_above=None, packages_above_and_dependencies=None, packages_above_depth=None, packages_select_by_dep=None, packages_skip_by_dep=None, packages_skip_up_to=None, packages_select_build_failed=False, packages_skip_build_finished=False, packages_select_test_failures=False, packages_skip_test_passed=False, packages_select=None, packages_skip=None, packages_select_regex=None, packages_skip_regex=None, packages_start=None, packages_end=None, allow_overriding=[], cmake_args=None, cmake_target=None, cmake_target_skip_unavailable=False, cmake_clean_cache=False, cmake_clean_first=False, cmake_force_configure=False, ament_cmake_args=None, catkin_cmake_args=None, catkin_skip_building_tests=False, verb_parser=<colcon_defaults.argument_parser.defaults.DefaultArgumentsDecorator object at 0x7f9a22550ca0>, verb_extension=<colcon_core.verb.build.BuildVerb object at 0x7f9a23135030>, main=<bound method BuildVerb.main of <colcon_core.verb.build.BuildVerb object at 0x7f9a23135030>>)
[0.388s] Level 1:colcon.colcon_core.package_discovery:discover_packages(colcon_meta) check parameters
[0.388s] Level 1:colcon.colcon_core.package_discovery:discover_packages(recursive) check parameters
[0.388s] Level 1:colcon.colcon_core.package_discovery:discover_packages(ignore) check parameters
[0.388s] Level 1:colcon.colcon_core.package_discovery:discover_packages(path) check parameters
[0.388s] Level 1:colcon.colcon_core.package_discovery:discover_packages(colcon_meta) discover
[0.388s] Level 1:colcon.colcon_core.package_discovery:discover_packages(recursive) discover
[0.388s] INFO:colcon.colcon_core.package_discovery:Crawling recursively for packages in '/home/augusto/Documentos/ugv_system'
[0.388s] Level 1:colcon.colcon_core.package_identification:_identify(.) by extensions ['ignore', 'ignore_ament_install']
[0.389s] Level 1:colcon.colcon_core.package_identification:_identify(.) by extension 'ignore'
[0.389s] Level 1:colcon.colcon_core.package_identification:_identify(.) by extension 'ignore_ament_install'
[0.389s] Level 1:colcon.colcon_core.package_identification:_identify(.) by extensions ['colcon_pkg']
[0.389s] Level 1:colcon.colcon_core.package_identification:_identify(.) by extension 'colcon_pkg'
[0.389s] Level 1:colcon.colcon_core.package_identification:_identify(.) by extensions ['colcon_meta']
[0.389s] Level 1:colcon.colcon_core.package_identification:_identify(.) by extension 'colcon_meta'
[0.389s] Level 1:colcon.colcon_core.package_identification:_identify(.) by extensions ['ros']
[0.389s] Level 1:colcon.colcon_core.package_identification:_identify(.) by extension 'ros'
[0.402s] Level 1:colcon.colcon_core.package_identification:_identify(.) by extensions ['cmake', 'python']
[0.402s] Level 1:colcon.colcon_core.package_identification:_identify(.) by extension 'cmake'
[0.402s] Level 1:colcon.colcon_core.package_identification:_identify(.) by extension 'python'
[0.402s] Level 1:colcon.colcon_core.package_identification:_identify(.) by extensions ['python_setup_py']
[0.402s] Level 1:colcon.colcon_core.package_identification:_identify(.) by extension 'python_setup_py'
[0.402s] Level 1:colcon.colcon_core.package_identification:_identify(build) by extensions ['ignore', 'ignore_ament_install']
[0.402s] Level 1:colcon.colcon_core.package_identification:_identify(build) by extension 'ignore'
[0.402s] Level 1:colcon.colcon_core.package_identification:_identify(build) ignored
[0.402s] Level 1:colcon.colcon_core.package_identification:_identify(install) by extensions ['ignore', 'ignore_ament_install']
[0.403s] Level 1:colcon.colcon_core.package_identification:_identify(install) by extension 'ignore'
[0.403s] Level 1:colcon.colcon_core.package_identification:_identify(install) ignored
[0.403s] Level 1:colcon.colcon_core.package_identification:_identify(log) by extensions ['ignore', 'ignore_ament_install']
[0.403s] Level 1:colcon.colcon_core.package_identification:_identify(log) by extension 'ignore'
[0.403s] Level 1:colcon.colcon_core.package_identification:_identify(log) ignored
[0.403s] Level 1:colcon.colcon_core.package_identification:_identify(src) by extensions ['ignore', 'ignore_ament_install']
[0.403s] Level 1:colcon.colcon_core.package_identification:_identify(src) by extension 'ignore'
[0.403s] Level 1:colcon.colcon_core.package_identification:_identify(src) by extension 'ignore_ament_install'
[0.403s] Level 1:colcon.colcon_core.package_identification:_identify(src) by extensions ['colcon_pkg']
[0.403s] Level 1:colcon.colcon_core.package_identification:_identify(src) by extension 'colcon_pkg'
[0.403s] Level 1:colcon.colcon_core.package_identification:_identify(src) by extensions ['colcon_meta']
[0.404s] Level 1:colcon.colcon_core.package_identification:_identify(src) by extension 'colcon_meta'
[0.404s] Level 1:colcon.colcon_core.package_identification:_identify(src) by extensions ['ros']
[0.404s] Level 1:colcon.colcon_core.package_identification:_identify(src) by extension 'ros'
[0.404s] Level 1:colcon.colcon_core.package_identification:_identify(src) by extensions ['cmake', 'python']
[0.404s] Level 1:colcon.colcon_core.package_identification:_identify(src) by extension 'cmake'
[0.404s] Level 1:colcon.colcon_core.package_identification:_identify(src) by extension 'python'
[0.404s] Level 1:colcon.colcon_core.package_identification:_identify(src) by extensions ['python_setup_py']
[0.404s] Level 1:colcon.colcon_core.package_identification:_identify(src) by extension 'python_setup_py'
[0.404s] Level 1:colcon.colcon_core.package_identification:_identify(src/ugv_navigation) by extensions ['ignore', 'ignore_ament_install']
[0.404s] Level 1:colcon.colcon_core.package_identification:_identify(src/ugv_navigation) by extension 'ignore'
[0.404s] Level 1:colcon.colcon_core.package_identification:_identify(src/ugv_navigation) by extension 'ignore_ament_install'
[0.405s] Level 1:colcon.colcon_core.package_identification:_identify(src/ugv_navigation) by extensions ['colcon_pkg']
[0.405s] Level 1:colcon.colcon_core.package_identification:_identify(src/ugv_navigation) by extension 'colcon_pkg'
[0.405s] Level 1:colcon.colcon_core.package_identification:_identify(src/ugv_navigation) by extensions ['colcon_meta']
[0.405s] Level 1:colcon.colcon_core.package_identification:_identify(src/ugv_navigation) by extension 'colcon_meta'
[0.405s] Level 1:colcon.colcon_core.package_identification:_identify(src/ugv_navigation) by extensions ['ros']
[0.405s] Level 1:colcon.colcon_core.package_identification:_identify(src/ugv_navigation) by extension 'ros'
[0.407s] DEBUG:colcon.colcon_core.package_identification:Package 'src/ugv_navigation' with type 'ros.ament_cmake' and name 'ugv_navigation'
[0.408s] Level 1:colcon.colcon_core.package_identification:_identify(src/ugv_simulation) by extensions ['ignore', 'ignore_ament_install']
[0.408s] Level 1:colcon.colcon_core.package_identification:_identify(src/ugv_simulation) by extension 'ignore'
[0.408s] Level 1:colcon.colcon_core.package_identification:_identify(src/ugv_simulation) by extension 'ignore_ament_install'
[0.408s] Level 1:colcon.colcon_core.package_identification:_identify(src/ugv_simulation) by extensions ['colcon_pkg']
[0.408s] Level 1:colcon.colcon_core.package_identification:_identify(src/ugv_simulation) by extension 'colcon_pkg'
[0.408s] Level 1:colcon.colcon_core.package_identification:_identify(src/ugv_simulation) by extensions ['colcon_meta']
[0.408s] Level 1:colcon.colcon_core.package_identification:_identify(src/ugv_simulation) by extension 'colcon_meta'
[0.408s] Level 1:colcon.colcon_core.package_identification:_identify(src/ugv_simulation) by extensions ['ros']
[0.408s] Level 1:colcon.colcon_core.package_identification:_identify(src/ugv_simulation) by extension 'ros'
[0.409s] DEBUG:colcon.colcon_core.package_identification:Package 'src/ugv_simulation' with type 'ros.ament_cmake' and name 'ugv_simulation'
[0.409s] Level 1:colcon.colcon_core.package_discovery:discover_packages(recursive) using defaults
[0.409s] Level 1:colcon.colcon_core.package_discovery:discover_packages(ignore) discover
[0.409s] Level 1:colcon.colcon_core.package_discovery:discover_packages(ignore) using defaults
[0.409s] Level 1:colcon.colcon_core.package_discovery:discover_packages(path) discover
[0.409s] Level 1:colcon.colcon_core.package_discovery:discover_packages(path) using defaults
[0.436s] Level 1:colcon.colcon_core.package_discovery:discover_packages(prefix_path) check parameters
[0.437s] Level 1:colcon.colcon_core.package_discovery:discover_packages(prefix_path) discover
[0.439s] DEBUG:colcon.colcon_installed_package_information.package_discovery:Found 2 installed packages in /home/augusto/Documentos/Oni-Claw/install
[0.441s] DEBUG:colcon.colcon_installed_package_information.package_discovery:Found 282 installed packages in /opt/ros/humble
[0.443s] Level 1:colcon.colcon_core.package_discovery:discover_packages(prefix_path) using defaults
[0.512s] Level 5:colcon.colcon_core.verb:set package 'ugv_navigation' build argument 'cmake_args' from command line to 'None'
[0.512s] Level 5:colcon.colcon_core.verb:set package 'ugv_navigation' build argument 'cmake_target' from command line to 'None'
[0.512s] Level 5:colcon.colcon_core.verb:set package 'ugv_navigation' build argument 'cmake_target_skip_unavailable' from command line to 'False'
[0.512s] Level 5:colcon.colcon_core.verb:set package 'ugv_navigation' build argument 'cmake_clean_cache' from command line to 'False'
[0.512s] Level 5:colcon.colcon_core.verb:set package 'ugv_navigation' build argument 'cmake_clean_first' from command line to 'False'
[0.512s] Level 5:colcon.colcon_core.verb:set package 'ugv_navigation' build argument 'cmake_force_configure' from command line to 'False'
[0.512s] Level 5:colcon.colcon_core.verb:set package 'ugv_navigation' build argument 'ament_cmake_args' from command line to 'None'
[0.512s] Level 5:colcon.colcon_core.verb:set package 'ugv_navigation' build argument 'catkin_cmake_args' from command line to 'None'
[0.512s] Level 5:colcon.colcon_core.verb:set package 'ugv_navigation' build argument 'catkin_skip_building_tests' from command line to 'False'
[0.512s] DEBUG:colcon.colcon_core.verb:Building package 'ugv_navigation' with the following arguments: {'ament_cmake_args': None, 'build_base': '/home/augusto/Documentos/ugv_system/build/ugv_navigation', 'catkin_cmake_args': None, 'catkin_skip_building_tests': False, 'cmake_args': None, 'cmake_clean_cache': False, 'cmake_clean_first': False, 'cmake_force_configure': False, 'cmake_target': None, 'cmake_target_skip_unavailable': False, 'install_base': '/home/augusto/Documentos/ugv_system/install/ugv_navigation', 'merge_install': False, 'path': '/home/augusto/Documentos/ugv_system/src/ugv_navigation', 'symlink_install': False, 'test_result_base': None}
[0.514s] Level 5:colcon.colcon_core.verb:set package 'ugv_simulation' build argument 'cmake_args' from command line to 'None'
[0.514s] Level 5:colcon.colcon_core.verb:set package 'ugv_simulation' build argument 'cmake_target' from command line to 'None'
[0.514s] Level 5:colcon.colcon_core.verb:set package 'ugv_simulation' build argument 'cmake_target_skip_unavailable' from command line to 'False'
[0.514s] Level 5:colcon.colcon_core.verb:set package 'ugv_simulation' build argument 'cmake_clean_cache' from command line to 'False'
[0.514s] Level 5:colcon.colcon_core.verb:set package 'ugv_simulation' build argument 'cmake_clean_first' from command line to 'False'
[0.514s] Level 5:colcon.colcon_core.verb:set package 'ugv_simulation' build argument 'cmake_force_configure' from command line to 'False'
[0.514s] Level 5:colcon.colcon_core.verb:set package 'ugv_simulation' build argument 'ament_cmake_args' from command line to 'None'
[0.514s] Level 5:colcon.colcon_core.verb:set package 'ugv_simulation' build argument 'catkin_cmake_args' from command line to 'None'
[0.514s] Level 5:colcon.colcon_core.verb:set package 'ugv_simulation' build argument 'catkin_skip_building_tests' from command line to 'False'
[0.514s] DEBUG:colcon.colcon_core.verb:Building package 'ugv_simulation' with the following arguments: {'ament_cmake_args': None, 'build_base': '/home/augusto/Documentos/ugv_system/build/ugv_simulation', 'catkin_cmake_args': None, 'catkin_skip_building_tests': False, 'cmake_args': None, 'cmake_clean_cache': False, 'cmake_clean_first': False, 'cmake_force_configure': False, 'cmake_target': None, 'cmake_target_skip_unavailable': False, 'install_base': '/home/augusto/Documentos/ugv_system/install/ugv_simulation', 'merge_install': False, 'path': '/home/augusto/Documentos/ugv_system/src/ugv_simulation', 'symlink_install': False, 'test_result_base': None}
[0.515s] INFO:colcon.colcon_core.executor:Executing jobs using 'parallel' executor
[0.518s] DEBUG:colcon.colcon_parallel_executor.executor.parallel:run_until_complete
[0.519s] INFO:colcon.colcon_ros.task.ament_cmake.build:Building ROS package in '/home/augusto/Documentos/ugv_system/src/ugv_navigation' with build type 'ament_cmake'
[0.519s] INFO:colcon.colcon_cmake.task.cmake.build:Building CMake package in '/home/augusto/Documentos/ugv_system/src/ugv_navigation'
[0.524s] INFO:colcon.colcon_core.plugin_system:Skipping extension 'colcon_core.shell.bat': Not used on non-Windows systems
[0.525s] INFO:colcon.colcon_core.shell:Skip shell extension 'powershell' for command environment: Not usable outside of PowerShell
[0.525s] DEBUG:colcon.colcon_core.shell:Skip shell extension 'dsv' for command environment
[0.531s] INFO:colcon.colcon_ros.task.ament_cmake.build:Building ROS package in '/home/augusto/Documentos/ugv_system/src/ugv_simulation' with build type 'ament_cmake'
[0.531s] INFO:colcon.colcon_cmake.task.cmake.build:Building CMake package in '/home/augusto/Documentos/ugv_system/src/ugv_simulation'
[0.533s] INFO:colcon.colcon_core.shell:Skip shell extension 'powershell' for command environment: Not usable outside of PowerShell
[0.533s] DEBUG:colcon.colcon_core.shell:Skip shell extension 'dsv' for command environment
[0.561s] DEBUG:colcon.colcon_core.event_handler.log_command:Invoking command in '/home/augusto/Documentos/ugv_system/build/ugv_navigation': CMAKE_PREFIX_PATH=${CMAKE_PREFIX_PATH}:/opt/ros/humble /usr/bin/cmake --build /home/augusto/Documentos/ugv_system/build/ugv_navigation -- -j2 -l2
[0.562s] DEBUG:colcon.colcon_core.event_handler.log_command:Invoking command in '/home/augusto/Documentos/ugv_system/build/ugv_simulation': CMAKE_PREFIX_PATH=${CMAKE_PREFIX_PATH}:/opt/ros/humble /usr/bin/cmake --build /home/augusto/Documentos/ugv_system/build/ugv_simulation -- -j2 -l2
[0.634s] DEBUG:colcon.colcon_core.event_handler.log_command:Invoked command in '/home/augusto/Documentos/ugv_system/build/ugv_navigation' returned '0': CMAKE_PREFIX_PATH=${CMAKE_PREFIX_PATH}:/opt/ros/humble /usr/bin/cmake --build /home/augusto/Documentos/ugv_system/build/ugv_navigation -- -j2 -l2
[0.667s] DEBUG:colcon.colcon_core.event_handler.log_command:Invoked command in '/home/augusto/Documentos/ugv_system/build/ugv_simulation' returned '0': CMAKE_PREFIX_PATH=${CMAKE_PREFIX_PATH}:/opt/ros/humble /usr/bin/cmake --build /home/augusto/Documentos/ugv_system/build/ugv_simulation -- -j2 -l2
[0.732s] DEBUG:colcon.colcon_core.event_handler.log_command:Invoking command in '/home/augusto/Documentos/ugv_system/build/ugv_simulation': CMAKE_PREFIX_PATH=${CMAKE_PREFIX_PATH}:/opt/ros/humble /usr/bin/cmake --install /home/augusto/Documentos/ugv_system/build/ugv_simulation
[0.735s] DEBUG:colcon.colcon_core.event_handler.log_command:Invoking command in '/home/augusto/Documentos/ugv_system/build/ugv_navigation': CMAKE_PREFIX_PATH=${CMAKE_PREFIX_PATH}:/opt/ros/humble /usr/bin/cmake --install /home/augusto/Documentos/ugv_system/build/ugv_navigation
[0.751s] Level 1:colcon.colcon_core.environment:create_environment_scripts_only(ugv_navigation)
[0.765s] Level 1:colcon.colcon_core.environment:checking '/home/augusto/Documentos/ugv_system/install/ugv_navigation' for CMake module files
[0.766s] DEBUG:colcon.colcon_core.event_handler.log_command:Invoked command in '/home/augusto/Documentos/ugv_system/build/ugv_navigation' returned '0': CMAKE_PREFIX_PATH=${CMAKE_PREFIX_PATH}:/opt/ros/humble /usr/bin/cmake --install /home/augusto/Documentos/ugv_system/build/ugv_navigation
[0.768s] Level 1:colcon.colcon_core.environment:checking '/home/augusto/Documentos/ugv_system/install/ugv_navigation' for CMake config files
[0.769s] Level 1:colcon.colcon_core.shell:create_environment_hook('ugv_navigation', 'cmake_prefix_path')
[0.778s] INFO:colcon.colcon_core.shell:Creating environment hook '/home/augusto/Documentos/ugv_system/install/ugv_navigation/share/ugv_navigation/hook/cmake_prefix_path.ps1'
[0.779s] INFO:colcon.colcon_core.shell:Creating environment descriptor '/home/augusto/Documentos/ugv_system/install/ugv_navigation/share/ugv_navigation/hook/cmake_prefix_path.dsv'
[0.780s] INFO:colcon.colcon_core.shell:Creating environment hook '/home/augusto/Documentos/ugv_system/install/ugv_navigation/share/ugv_navigation/hook/cmake_prefix_path.sh'
[0.781s] Level 1:colcon.colcon_core.environment:checking '/home/augusto/Documentos/ugv_system/install/ugv_navigation/bin'
[0.781s] Level 1:colcon.colcon_core.environment:checking '/home/augusto/Documentos/ugv_system/install/ugv_navigation/lib/pkgconfig/ugv_navigation.pc'
[0.781s] Level 1:colcon.colcon_core.environment:checking '/home/augusto/Documentos/ugv_system/install/ugv_navigation/lib/python3.10/site-packages'
[0.782s] Level 1:colcon.colcon_core.environment:checking '/home/augusto/Documentos/ugv_system/install/ugv_navigation/bin'
[0.783s] INFO:colcon.colcon_core.shell:Creating package script '/home/augusto/Documentos/ugv_system/install/ugv_navigation/share/ugv_navigation/package.ps1'
[0.784s] INFO:colcon.colcon_core.shell:Creating package descriptor '/home/augusto/Documentos/ugv_system/install/ugv_navigation/share/ugv_navigation/package.dsv'
[0.785s] INFO:colcon.colcon_core.shell:Creating package script '/home/augusto/Documentos/ugv_system/install/ugv_navigation/share/ugv_navigation/package.sh'
[0.786s] INFO:colcon.colcon_core.shell:Creating package script '/home/augusto/Documentos/ugv_system/install/ugv_navigation/share/ugv_navigation/package.bash'
[0.787s] INFO:colcon.colcon_core.shell:Creating package script '/home/augusto/Documentos/ugv_system/install/ugv_navigation/share/ugv_navigation/package.zsh'
[0.788s] Level 1:colcon.colcon_core.environment:create_file_with_runtime_dependencies(/home/augusto/Documentos/ugv_system/install/ugv_navigation/share/colcon-core/packages/ugv_navigation)
[0.790s] Level 1:colcon.colcon_core.environment:create_environment_scripts_only(ugv_simulation)
[0.791s] DEBUG:colcon.colcon_core.event_handler.log_command:Invoked command in '/home/augusto/Documentos/ugv_system/build/ugv_simulation' returned '0': CMAKE_PREFIX_PATH=${CMAKE_PREFIX_PATH}:/opt/ros/humble /usr/bin/cmake --install /home/augusto/Documentos/ugv_system/build/ugv_simulation
[0.793s] Level 1:colcon.colcon_core.environment:checking '/home/augusto/Documentos/ugv_system/install/ugv_simulation' for CMake module files
[0.793s] Level 1:colcon.colcon_core.environment:checking '/home/augusto/Documentos/ugv_system/install/ugv_simulation' for CMake config files
[0.794s] Level 1:colcon.colcon_core.shell:create_environment_hook('ugv_simulation', 'cmake_prefix_path')
[0.800s] INFO:colcon.colcon_core.shell:Creating environment hook '/home/augusto/Documentos/ugv_system/install/ugv_simulation/share/ugv_simulation/hook/cmake_prefix_path.ps1'
[0.800s] INFO:colcon.colcon_core.shell:Creating environment descriptor '/home/augusto/Documentos/ugv_system/install/ugv_simulation/share/ugv_simulation/hook/cmake_prefix_path.dsv'
[0.801s] INFO:colcon.colcon_core.shell:Creating environment hook '/home/augusto/Documentos/ugv_system/install/ugv_simulation/share/ugv_simulation/hook/cmake_prefix_path.sh'
[0.801s] Level 1:colcon.colcon_core.environment:checking '/home/augusto/Documentos/ugv_system/install/ugv_simulation/bin'
[0.802s] Level 1:colcon.colcon_core.environment:checking '/home/augusto/Documentos/ugv_system/install/ugv_simulation/lib/pkgconfig/ugv_simulation.pc'
[0.802s] Level 1:colcon.colcon_core.environment:checking '/home/augusto/Documentos/ugv_system/install/ugv_simulation/lib/python3.10/site-packages'
[0.802s] Level 1:colcon.colcon_core.environment:checking '/home/augusto/Documentos/ugv_system/install/ugv_simulation/bin'
[0.804s] INFO:colcon.colcon_core.shell:Creating package script '/home/augusto/Documentos/ugv_system/install/ugv_simulation/share/ugv_simulation/package.ps1'
[0.805s] INFO:colcon.colcon_core.shell:Creating package descriptor '/home/augusto/Documentos/ugv_system/install/ugv_simulation/share/ugv_simulation/package.dsv'
[0.806s] INFO:colcon.colcon_core.shell:Creating package script '/home/augusto/Documentos/ugv_system/install/ugv_simulation/share/ugv_simulation/package.sh'
[0.806s] INFO:colcon.colcon_core.shell:Creating package script '/home/augusto/Documentos/ugv_system/install/ugv_simulation/share/ugv_simulation/package.bash'
[0.807s] INFO:colcon.colcon_core.shell:Creating package script '/home/augusto/Documentos/ugv_system/install/ugv_simulation/share/ugv_simulation/package.zsh'
[0.807s] Level 1:colcon.colcon_core.environment:create_file_with_runtime_dependencies(/home/augusto/Documentos/ugv_system/install/ugv_simulation/share/colcon-core/packages/ugv_simulation)
[0.834s] Level 1:colcon.colcon_core.environment:create_environment_scripts_only(ugv_navigation)
[0.837s] Level 1:colcon.colcon_core.environment:checking '/home/augusto/Documentos/ugv_system/install/ugv_navigation' for CMake module files
[0.837s] Level 1:colcon.colcon_core.environment:checking '/home/augusto/Documentos/ugv_system/install/ugv_navigation' for CMake config files
[0.838s] Level 1:colcon.colcon_core.shell:create_environment_hook('ugv_navigation', 'cmake_prefix_path')
[0.839s] INFO:colcon.colcon_core.shell:Creating environment hook '/home/augusto/Documentos/ugv_system/install/ugv_navigation/share/ugv_navigation/hook/cmake_prefix_path.ps1'
[0.839s] INFO:colcon.colcon_core.shell:Creating environment descriptor '/home/augusto/Documentos/ugv_system/install/ugv_navigation/share/ugv_navigation/hook/cmake_prefix_path.dsv'
[0.840s] INFO:colcon.colcon_core.shell:Creating environment hook '/home/augusto/Documentos/ugv_system/install/ugv_navigation/share/ugv_navigation/hook/cmake_prefix_path.sh'
[0.840s] Level 1:colcon.colcon_core.environment:checking '/home/augusto/Documentos/ugv_system/install/ugv_navigation/bin'
[0.841s] Level 1:colcon.colcon_core.environment:checking '/home/augusto/Documentos/ugv_system/install/ugv_navigation/lib/pkgconfig/ugv_navigation.pc'
[0.841s] Level 1:colcon.colcon_core.environment:checking '/home/augusto/Documentos/ugv_system/install/ugv_navigation/lib/python3.10/site-packages'
[0.841s] Level 1:colcon.colcon_core.environment:checking '/home/augusto/Documentos/ugv_system/install/ugv_navigation/bin'
[0.852s] INFO:colcon.colcon_core.shell:Creating package script '/home/augusto/Documentos/ugv_system/install/ugv_navigation/share/ugv_navigation/package.ps1'
[0.866s] INFO:colcon.colcon_core.shell:Creating package descriptor '/home/augusto/Documentos/ugv_system/install/ugv_navigation/share/ugv_navigation/package.dsv'
[0.867s] INFO:colcon.colcon_core.shell:Creating package script '/home/augusto/Documentos/ugv_system/install/ugv_navigation/share/ugv_navigation/package.sh'
[0.867s] INFO:colcon.colcon_core.shell:Creating package script '/home/augusto/Documentos/ugv_system/install/ugv_navigation/share/ugv_navigation/package.bash'
[0.869s] INFO:colcon.colcon_core.shell:Creating package script '/home/augusto/Documentos/ugv_system/install/ugv_navigation/share/ugv_navigation/package.zsh'
[0.870s] Level 1:colcon.colcon_core.environment:create_file_with_runtime_dependencies(/home/augusto/Documentos/ugv_system/install/ugv_navigation/share/colcon-core/packages/ugv_navigation)
[0.873s] Level 1:colcon.colcon_core.environment:create_environment_scripts_only(ugv_simulation)
[0.875s] Level 1:colcon.colcon_core.environment:checking '/home/augusto/Documentos/ugv_system/install/ugv_simulation' for CMake module files
[0.875s] Level 1:colcon.colcon_core.environment:checking '/home/augusto/Documentos/ugv_system/install/ugv_simulation' for CMake config files
[0.876s] Level 1:colcon.colcon_core.shell:create_environment_hook('ugv_simulation', 'cmake_prefix_path')
[0.877s] INFO:colcon.colcon_core.shell:Creating environment hook '/home/augusto/Documentos/ugv_system/install/ugv_simulation/share/ugv_simulation/hook/cmake_prefix_path.ps1'
[0.878s] INFO:colcon.colcon_core.shell:Creating environment descriptor '/home/augusto/Documentos/ugv_system/install/ugv_simulation/share/ugv_simulation/hook/cmake_prefix_path.dsv'
[0.878s] INFO:colcon.colcon_core.shell:Creating environment hook '/home/augusto/Documentos/ugv_system/install/ugv_simulation/share/ugv_simulation/hook/cmake_prefix_path.sh'
[0.879s] Level 1:colcon.colcon_core.environment:checking '/home/augusto/Documentos/ugv_system/install/ugv_simulation/bin'
[0.879s] Level 1:colcon.colcon_core.environment:checking '/home/augusto/Documentos/ugv_system/install/ugv_simulation/lib/pkgconfig/ugv_simulation.pc'
[0.880s] Level 1:colcon.colcon_core.environment:checking '/home/augusto/Documentos/ugv_system/install/ugv_simulation/lib/python3.10/site-packages'
[0.880s] Level 1:colcon.colcon_core.environment:checking '/home/augusto/Documentos/ugv_system/install/ugv_simulation/bin'
[0.881s] INFO:colcon.colcon_core.shell:Creating package script '/home/augusto/Documentos/ugv_system/install/ugv_simulation/share/ugv_simulation/package.ps1'
[0.882s] INFO:colcon.colcon_core.shell:Creating package descriptor '/home/augusto/Documentos/ugv_system/install/ugv_simulation/share/ugv_simulation/package.dsv'
[0.883s] INFO:colcon.colcon_core.shell:Creating package script '/home/augusto/Documentos/ugv_system/install/ugv_simulation/share/ugv_simulation/package.sh'
[0.884s] INFO:colcon.colcon_core.shell:Creating package script '/home/augusto/Documentos/ugv_system/install/ugv_simulation/share/ugv_simulation/package.bash'
[0.884s] INFO:colcon.colcon_core.shell:Creating package script '/home/augusto/Documentos/ugv_system/install/ugv_simulation/share/ugv_simulation/package.zsh'
[0.885s] Level 1:colcon.colcon_core.environment:create_file_with_runtime_dependencies(/home/augusto/Documentos/ugv_system/install/ugv_simulation/share/colcon-core/packages/ugv_simulation)
[0.886s] DEBUG:colcon.colcon_parallel_executor.executor.parallel:closing loop
[0.886s] DEBUG:colcon.colcon_parallel_executor.executor.parallel:loop closed
[0.887s] DEBUG:colcon.colcon_parallel_executor.executor.parallel:run_until_complete finished with '0'
[0.887s] DEBUG:colcon.colcon_core.event_reactor:joining thread
[0.892s] INFO:colcon.colcon_core.plugin_system:Skipping extension 'colcon_notification.desktop_notification.terminal_notifier': Not used on non-Darwin systems
[0.892s] INFO:colcon.colcon_core.plugin_system:Skipping extension 'colcon_notification.desktop_notification.win32': Not used on non-Windows systems
[0.892s] INFO:colcon.colcon_notification.desktop_notification:Sending desktop notification using 'notify2'
[0.909s] DEBUG:colcon.colcon_core.event_reactor:joined thread
[0.910s] INFO:colcon.colcon_core.shell:Creating prefix script '/home/augusto/Documentos/ugv_system/install/local_setup.ps1'
[0.911s] INFO:colcon.colcon_core.shell:Creating prefix util module '/home/augusto/Documentos/ugv_system/install/_local_setup_util_ps1.py'
[0.912s] INFO:colcon.colcon_core.shell:Creating prefix chain script '/home/augusto/Documentos/ugv_system/install/setup.ps1'
[0.915s] INFO:colcon.colcon_core.shell:Creating prefix script '/home/augusto/Documentos/ugv_system/install/local_setup.sh'
[0.915s] INFO:colcon.colcon_core.shell:Creating prefix util module '/home/augusto/Documentos/ugv_system/install/_local_setup_util_sh.py'
[0.916s] INFO:colcon.colcon_core.shell:Creating prefix chain script '/home/augusto/Documentos/ugv_system/install/setup.sh'
[0.917s] INFO:colcon.colcon_core.shell:Creating prefix script '/home/augusto/Documentos/ugv_system/install/local_setup.bash'
[0.918s] INFO:colcon.colcon_core.shell:Creating prefix chain script '/home/augusto/Documentos/ugv_system/install/setup.bash'
[0.919s] INFO:colcon.colcon_core.shell:Creating prefix script '/home/augusto/Documentos/ugv_system/install/local_setup.zsh'
[0.920s] INFO:colcon.colcon_core.shell:Creating prefix chain script '/home/augusto/Documentos/ugv_system/install/setup.zsh'
