[0.170s] Invoking command in '/home/gabs/ugv_system/build/ugv_simulation': CMAKE_PREFIX_PATH=${CMAKE_PREFIX_PATH}:/opt/ros/humble /usr/bin/cmake --build /home/gabs/ugv_system/build/ugv_simulation -- -j4 -l4
[0.238s] Invoked command in '/home/gabs/ugv_system/build/ugv_simulation' returned '0': CMAKE_PREFIX_PATH=${CMAKE_PREFIX_PATH}:/opt/ros/humble /usr/bin/cmake --build /home/gabs/ugv_system/build/ugv_simulation -- -j4 -l4
[0.277s] Invoking command in '/home/gabs/ugv_system/build/ugv_simulation': CMAKE_PREFIX_PATH=${CMAKE_PREFIX_PATH}:/opt/ros/humble /usr/bin/cmake --install /home/gabs/ugv_system/build/ugv_simulation
[0.288s] -- Install configuration: ""
[0.288s] -- Installing: /home/gabs/ugv_system/install/ugv_simulation/share/ugv_simulation/launch
[0.289s] -- Installing: /home/gabs/ugv_system/install/ugv_simulation/share/ugv_simulation/robots_description
[0.289s] -- Installing: /home/gabs/ugv_system/install/ugv_simulation/share/ugv_simulation/robots_description/sensors
[0.289s] -- Installing: /home/gabs/ugv_system/install/ugv_simulation/share/ugv_simulation/robots_description/sensors/imu_sensor.urdf.xacro
[0.290s] -- Installing: /home/gabs/ugv_system/install/ugv_simulation/share/ugv_simulation/robots_description/sensors/laser_sensor.urdf.xacro
[0.290s] -- Installing: /home/gabs/ugv_system/install/ugv_simulation/share/ugv_simulation/robots_description/meshes
[0.290s] -- Installing: /home/gabs/ugv_system/install/ugv_simulation/share/ugv_simulation/robots_description/meshes/rplidar.dae
[0.290s] -- Installing: /home/gabs/ugv_system/install/ugv_simulation/share/ugv_simulation/robots_description/meshes/fr_wheel.dae
[0.298s] -- Installing: /home/gabs/ugv_system/install/ugv_simulation/share/ugv_simulation/robots_description/meshes/body_OC.dae
[0.298s] -- Installing: /home/gabs/ugv_system/install/ugv_simulation/share/ugv_simulation/robots_description/meshes/fl_wheel.dae
[0.313s] [31mCMake Error at cmake_install.cmake:46 (file):
[0.313s]   file INSTALL cannot find "/home/gabs/ugv_system/src/ugv_simulation/worlds":
[0.313s]   No such file or directory.
[0.313s] 
[0.314s] [0m
[0.314s] -- Installing: /home/gabs/ugv_system/install/ugv_simulation/share/ugv_simulation/robots_description/oni.urdf.xacro
[0.329s] Invoked command in '/home/gabs/ugv_system/build/ugv_simulation' returned '1': CMAKE_PREFIX_PATH=${CMAKE_PREFIX_PATH}:/opt/ros/humble /usr/bin/cmake --install /home/gabs/ugv_system/build/ugv_simulation
