[0.064s] Invoking command in '/home/augusto/Documentos/ugv_system/build/ugv_navigation': CMAKE_PREFIX_PATH=${CMAKE_PREFIX_PATH}:/opt/ros/humble /usr/bin/cmake /home/augusto/Documentos/ugv_system/src/ugv_navigation -DCMAKE_INSTALL_PREFIX=/home/augusto/Documentos/ugv_system/install/ugv_navigation
[0.325s] -- The C compiler identification is GNU 11.3.0
[0.434s] -- The CXX compiler identification is GNU 11.3.0
[0.457s] -- Detecting C compiler ABI info
[0.819s] -- Detecting C compiler ABI info - done
[0.881s] -- Check for working C compiler: /usr/bin/cc - skipped
[0.882s] -- Detecting C compile features
[0.882s] -- Detecting C compile features - done
[0.886s] -- Detecting CXX compiler ABI info
[1.278s] -- Detecting CXX compiler ABI info - done
[1.312s] -- Check for working CXX compiler: /usr/bin/c++ - skipped
[1.312s] -- Detecting CXX compile features
[1.312s] -- Detecting CXX compile features - done
[1.329s] -- Found ament_cmake: 1.3.3 (/opt/ros/humble/share/ament_cmake/cmake)
[1.797s] -- Found Python3: /usr/bin/python3.10 (found version "3.10.6") found components: Interpreter 
[1.953s] -- Found ament_lint_auto: 0.12.4 (/opt/ros/humble/share/ament_lint_auto/cmake)
[2.148s] -- Added test 'lint_cmake' to check CMake code style
[2.149s] -- Added test 'xmllint' to check XML markup files
[2.151s] -- Configuring done
[2.164s] -- Generating done
[2.167s] -- Build files have been written to: /home/augusto/Documentos/ugv_system/build/ugv_navigation
[2.171s] Invoked command in '/home/augusto/Documentos/ugv_system/build/ugv_navigation' returned '0': CMAKE_PREFIX_PATH=${CMAKE_PREFIX_PATH}:/opt/ros/humble /usr/bin/cmake /home/augusto/Documentos/ugv_system/src/ugv_navigation -DCMAKE_INSTALL_PREFIX=/home/augusto/Documentos/ugv_system/install/ugv_navigation
[2.174s] Invoking command in '/home/augusto/Documentos/ugv_system/build/ugv_navigation': CMAKE_PREFIX_PATH=${CMAKE_PREFIX_PATH}:/opt/ros/humble /usr/bin/cmake --build /home/augusto/Documentos/ugv_system/build/ugv_navigation -- -j2 -l2
[2.248s] Invoked command in '/home/augusto/Documentos/ugv_system/build/ugv_navigation' returned '0': CMAKE_PREFIX_PATH=${CMAKE_PREFIX_PATH}:/opt/ros/humble /usr/bin/cmake --build /home/augusto/Documentos/ugv_system/build/ugv_navigation -- -j2 -l2
[2.401s] Invoking command in '/home/augusto/Documentos/ugv_system/build/ugv_navigation': CMAKE_PREFIX_PATH=${CMAKE_PREFIX_PATH}:/opt/ros/humble /usr/bin/cmake --install /home/augusto/Documentos/ugv_system/build/ugv_navigation
[2.432s] -- Install configuration: ""
[2.432s] -- Installing: /home/augusto/Documentos/ugv_system/install/ugv_navigation/share/ament_index/resource_index/package_run_dependencies/ugv_navigation
[2.433s] -- Installing: /home/augusto/Documentos/ugv_system/install/ugv_navigation/share/ament_index/resource_index/parent_prefix_path/ugv_navigation
[2.434s] -- Installing: /home/augusto/Documentos/ugv_system/install/ugv_navigation/share/ugv_navigation/environment/ament_prefix_path.sh
[2.434s] -- Installing: /home/augusto/Documentos/ugv_system/install/ugv_navigation/share/ugv_navigation/environment/ament_prefix_path.dsv
[2.435s] -- Installing: /home/augusto/Documentos/ugv_system/install/ugv_navigation/share/ugv_navigation/environment/path.sh
[2.435s] -- Installing: /home/augusto/Documentos/ugv_system/install/ugv_navigation/share/ugv_navigation/environment/path.dsv
[2.436s] -- Installing: /home/augusto/Documentos/ugv_system/install/ugv_navigation/share/ugv_navigation/local_setup.bash
[2.436s] -- Installing: /home/augusto/Documentos/ugv_system/install/ugv_navigation/share/ugv_navigation/local_setup.sh
[2.436s] -- Installing: /home/augusto/Documentos/ugv_system/install/ugv_navigation/share/ugv_navigation/local_setup.zsh
[2.437s] -- Installing: /home/augusto/Documentos/ugv_system/install/ugv_navigation/share/ugv_navigation/local_setup.dsv
[2.437s] -- Installing: /home/augusto/Documentos/ugv_system/install/ugv_navigation/share/ugv_navigation/package.dsv
[2.437s] -- Installing: /home/augusto/Documentos/ugv_system/install/ugv_navigation/share/ament_index/resource_index/packages/ugv_navigation
[2.438s] -- Installing: /home/augusto/Documentos/ugv_system/install/ugv_navigation/share/ugv_navigation/cmake/ugv_navigationConfig.cmake
[2.438s] -- Installing: /home/augusto/Documentos/ugv_system/install/ugv_navigation/share/ugv_navigation/cmake/ugv_navigationConfig-version.cmake
[2.439s] -- Installing: /home/augusto/Documentos/ugv_system/install/ugv_navigation/share/ugv_navigation/package.xml
[2.442s] Invoked command in '/home/augusto/Documentos/ugv_system/build/ugv_navigation' returned '0': CMAKE_PREFIX_PATH=${CMAKE_PREFIX_PATH}:/opt/ros/humble /usr/bin/cmake --install /home/augusto/Documentos/ugv_system/build/ugv_navigation
