[0.384s] DEBUG:colcon:Command line arguments: ['/usr/bin/colcon', 'build']
[0.384s] DEBUG:colcon:Parsed command line arguments: Namespace(log_base=None, log_level=None, verb_name='build', build_base='build', install_base='install', merge_install=False, symlink_install=False, test_result_base=None, continue_on_error=False, executor='parallel', parallel_workers=2, event_handlers=None, ignore_user_meta=False, metas=['./colcon.meta'], base_paths=['.'], packages_ignore=None, packages_ignore_regex=None, paths=None, packages_up_to=None, packages_up_to_regex=None, packages_above=None, packages_above_and_dependencies=None, packages_above_depth=None, packages_select_by_dep=None, packages_skip_by_dep=None, packages_skip_up_to=None, packages_select_build_failed=False, packages_skip_build_finished=False, packages_select_test_failures=False, packages_skip_test_passed=False, packages_select=None, packages_skip=None, packages_select_regex=None, packages_skip_regex=None, packages_start=None, packages_end=None, allow_overriding=[], cmake_args=None, cmake_target=None, cmake_target_skip_unavailable=False, cmake_clean_cache=False, cmake_clean_first=False, cmake_force_configure=False, ament_cmake_args=None, catkin_cmake_args=None, catkin_skip_building_tests=False, verb_parser=<colcon_defaults.argument_parser.defaults.DefaultArgumentsDecorator object at 0x7efea9f5d030>, verb_extension=<colcon_core.verb.build.BuildVerb object at 0x7efeaa2938b0>, main=<bound method BuildVerb.main of <colcon_core.verb.build.BuildVerb object at 0x7efeaa2938b0>>)
[0.428s] Level 1:colcon.colcon_core.package_discovery:discover_packages(colcon_meta) check parameters
[0.428s] Level 1:colcon.colcon_core.package_discovery:discover_packages(recursive) check parameters
[0.428s] Level 1:colcon.colcon_core.package_discovery:discover_packages(ignore) check parameters
[0.428s] Level 1:colcon.colcon_core.package_discovery:discover_packages(path) check parameters
[0.428s] Level 1:colcon.colcon_core.package_discovery:discover_packages(colcon_meta) discover
[0.428s] Level 1:colcon.colcon_core.package_discovery:discover_packages(recursive) discover
[0.428s] INFO:colcon.colcon_core.package_discovery:Crawling recursively for packages in '/home/augusto/Documentos/ugv_system'
[0.428s] Level 1:colcon.colcon_core.package_identification:_identify(.) by extensions ['ignore', 'ignore_ament_install']
[0.428s] Level 1:colcon.colcon_core.package_identification:_identify(.) by extension 'ignore'
[0.428s] Level 1:colcon.colcon_core.package_identification:_identify(.) by extension 'ignore_ament_install'
[0.428s] Level 1:colcon.colcon_core.package_identification:_identify(.) by extensions ['colcon_pkg']
[0.428s] Level 1:colcon.colcon_core.package_identification:_identify(.) by extension 'colcon_pkg'
[0.428s] Level 1:colcon.colcon_core.package_identification:_identify(.) by extensions ['colcon_meta']
[0.428s] Level 1:colcon.colcon_core.package_identification:_identify(.) by extension 'colcon_meta'
[0.429s] Level 1:colcon.colcon_core.package_identification:_identify(.) by extensions ['ros']
[0.429s] Level 1:colcon.colcon_core.package_identification:_identify(.) by extension 'ros'
[0.441s] Level 1:colcon.colcon_core.package_identification:_identify(.) by extensions ['cmake', 'python']
[0.442s] Level 1:colcon.colcon_core.package_identification:_identify(.) by extension 'cmake'
[0.442s] Level 1:colcon.colcon_core.package_identification:_identify(.) by extension 'python'
[0.442s] Level 1:colcon.colcon_core.package_identification:_identify(.) by extensions ['python_setup_py']
[0.442s] Level 1:colcon.colcon_core.package_identification:_identify(.) by extension 'python_setup_py'
[0.442s] Level 1:colcon.colcon_core.package_identification:_identify(build) by extensions ['ignore', 'ignore_ament_install']
[0.442s] Level 1:colcon.colcon_core.package_identification:_identify(build) by extension 'ignore'
[0.442s] Level 1:colcon.colcon_core.package_identification:_identify(build) ignored
[0.442s] Level 1:colcon.colcon_core.package_identification:_identify(install) by extensions ['ignore', 'ignore_ament_install']
[0.442s] Level 1:colcon.colcon_core.package_identification:_identify(install) by extension 'ignore'
[0.442s] Level 1:colcon.colcon_core.package_identification:_identify(install) ignored
[0.443s] Level 1:colcon.colcon_core.package_identification:_identify(log) by extensions ['ignore', 'ignore_ament_install']
[0.443s] Level 1:colcon.colcon_core.package_identification:_identify(log) by extension 'ignore'
[0.443s] Level 1:colcon.colcon_core.package_identification:_identify(log) ignored
[0.443s] Level 1:colcon.colcon_core.package_identification:_identify(src) by extensions ['ignore', 'ignore_ament_install']
[0.443s] Level 1:colcon.colcon_core.package_identification:_identify(src) by extension 'ignore'
[0.443s] Level 1:colcon.colcon_core.package_identification:_identify(src) by extension 'ignore_ament_install'
[0.443s] Level 1:colcon.colcon_core.package_identification:_identify(src) by extensions ['colcon_pkg']
[0.443s] Level 1:colcon.colcon_core.package_identification:_identify(src) by extension 'colcon_pkg'
[0.443s] Level 1:colcon.colcon_core.package_identification:_identify(src) by extensions ['colcon_meta']
[0.443s] Level 1:colcon.colcon_core.package_identification:_identify(src) by extension 'colcon_meta'
[0.443s] Level 1:colcon.colcon_core.package_identification:_identify(src) by extensions ['ros']
[0.444s] Level 1:colcon.colcon_core.package_identification:_identify(src) by extension 'ros'
[0.444s] Level 1:colcon.colcon_core.package_identification:_identify(src) by extensions ['cmake', 'python']
[0.444s] Level 1:colcon.colcon_core.package_identification:_identify(src) by extension 'cmake'
[0.444s] Level 1:colcon.colcon_core.package_identification:_identify(src) by extension 'python'
[0.444s] Level 1:colcon.colcon_core.package_identification:_identify(src) by extensions ['python_setup_py']
[0.444s] Level 1:colcon.colcon_core.package_identification:_identify(src) by extension 'python_setup_py'
[0.444s] Level 1:colcon.colcon_core.package_identification:_identify(src/ugv_navigation) by extensions ['ignore', 'ignore_ament_install']
[0.444s] Level 1:colcon.colcon_core.package_identification:_identify(src/ugv_navigation) by extension 'ignore'
[0.444s] Level 1:colcon.colcon_core.package_identification:_identify(src/ugv_navigation) by extension 'ignore_ament_install'
[0.444s] Level 1:colcon.colcon_core.package_identification:_identify(src/ugv_navigation) by extensions ['colcon_pkg']
[0.444s] Level 1:colcon.colcon_core.package_identification:_identify(src/ugv_navigation) by extension 'colcon_pkg'
[0.444s] Level 1:colcon.colcon_core.package_identification:_identify(src/ugv_navigation) by extensions ['colcon_meta']
[0.445s] Level 1:colcon.colcon_core.package_identification:_identify(src/ugv_navigation) by extension 'colcon_meta'
[0.445s] Level 1:colcon.colcon_core.package_identification:_identify(src/ugv_navigation) by extensions ['ros']
[0.445s] Level 1:colcon.colcon_core.package_identification:_identify(src/ugv_navigation) by extension 'ros'
[0.447s] DEBUG:colcon.colcon_core.package_identification:Package 'src/ugv_navigation' with type 'ros.ament_cmake' and name 'ugv_navigation'
[0.447s] Level 1:colcon.colcon_core.package_identification:_identify(src/ugv_simulation) by extensions ['ignore', 'ignore_ament_install']
[0.448s] Level 1:colcon.colcon_core.package_identification:_identify(src/ugv_simulation) by extension 'ignore'
[0.448s] Level 1:colcon.colcon_core.package_identification:_identify(src/ugv_simulation) by extension 'ignore_ament_install'
[0.448s] Level 1:colcon.colcon_core.package_identification:_identify(src/ugv_simulation) by extensions ['colcon_pkg']
[0.448s] Level 1:colcon.colcon_core.package_identification:_identify(src/ugv_simulation) by extension 'colcon_pkg'
[0.448s] Level 1:colcon.colcon_core.package_identification:_identify(src/ugv_simulation) by extensions ['colcon_meta']
[0.448s] Level 1:colcon.colcon_core.package_identification:_identify(src/ugv_simulation) by extension 'colcon_meta'
[0.448s] Level 1:colcon.colcon_core.package_identification:_identify(src/ugv_simulation) by extensions ['ros']
[0.448s] Level 1:colcon.colcon_core.package_identification:_identify(src/ugv_simulation) by extension 'ros'
[0.449s] DEBUG:colcon.colcon_core.package_identification:Package 'src/ugv_simulation' with type 'ros.ament_cmake' and name 'ugv_simulation'
[0.449s] Level 1:colcon.colcon_core.package_discovery:discover_packages(recursive) using defaults
[0.449s] Level 1:colcon.colcon_core.package_discovery:discover_packages(ignore) discover
[0.449s] Level 1:colcon.colcon_core.package_discovery:discover_packages(ignore) using defaults
[0.449s] Level 1:colcon.colcon_core.package_discovery:discover_packages(path) discover
[0.449s] Level 1:colcon.colcon_core.package_discovery:discover_packages(path) using defaults
[0.475s] Level 1:colcon.colcon_core.package_discovery:discover_packages(prefix_path) check parameters
[0.476s] Level 1:colcon.colcon_core.package_discovery:discover_packages(prefix_path) discover
[0.478s] DEBUG:colcon.colcon_installed_package_information.package_discovery:Found 2 installed packages in /home/augusto/Documentos/Oni-Claw/install
[0.480s] DEBUG:colcon.colcon_installed_package_information.package_discovery:Found 282 installed packages in /opt/ros/humble
[0.482s] Level 1:colcon.colcon_core.package_discovery:discover_packages(prefix_path) using defaults
[0.549s] Level 5:colcon.colcon_core.verb:set package 'ugv_navigation' build argument 'cmake_args' from command line to 'None'
[0.549s] Level 5:colcon.colcon_core.verb:set package 'ugv_navigation' build argument 'cmake_target' from command line to 'None'
[0.549s] Level 5:colcon.colcon_core.verb:set package 'ugv_navigation' build argument 'cmake_target_skip_unavailable' from command line to 'False'
[0.549s] Level 5:colcon.colcon_core.verb:set package 'ugv_navigation' build argument 'cmake_clean_cache' from command line to 'False'
[0.549s] Level 5:colcon.colcon_core.verb:set package 'ugv_navigation' build argument 'cmake_clean_first' from command line to 'False'
[0.549s] Level 5:colcon.colcon_core.verb:set package 'ugv_navigation' build argument 'cmake_force_configure' from command line to 'False'
[0.549s] Level 5:colcon.colcon_core.verb:set package 'ugv_navigation' build argument 'ament_cmake_args' from command line to 'None'
[0.549s] Level 5:colcon.colcon_core.verb:set package 'ugv_navigation' build argument 'catkin_cmake_args' from command line to 'None'
[0.549s] Level 5:colcon.colcon_core.verb:set package 'ugv_navigation' build argument 'catkin_skip_building_tests' from command line to 'False'
[0.549s] DEBUG:colcon.colcon_core.verb:Building package 'ugv_navigation' with the following arguments: {'ament_cmake_args': None, 'build_base': '/home/augusto/Documentos/ugv_system/build/ugv_navigation', 'catkin_cmake_args': None, 'catkin_skip_building_tests': False, 'cmake_args': None, 'cmake_clean_cache': False, 'cmake_clean_first': False, 'cmake_force_configure': False, 'cmake_target': None, 'cmake_target_skip_unavailable': False, 'install_base': '/home/augusto/Documentos/ugv_system/install/ugv_navigation', 'merge_install': False, 'path': '/home/augusto/Documentos/ugv_system/src/ugv_navigation', 'symlink_install': False, 'test_result_base': None}
[0.550s] Level 5:colcon.colcon_core.verb:set package 'ugv_simulation' build argument 'cmake_args' from command line to 'None'
[0.550s] Level 5:colcon.colcon_core.verb:set package 'ugv_simulation' build argument 'cmake_target' from command line to 'None'
[0.550s] Level 5:colcon.colcon_core.verb:set package 'ugv_simulation' build argument 'cmake_target_skip_unavailable' from command line to 'False'
[0.551s] Level 5:colcon.colcon_core.verb:set package 'ugv_simulation' build argument 'cmake_clean_cache' from command line to 'False'
[0.551s] Level 5:colcon.colcon_core.verb:set package 'ugv_simulation' build argument 'cmake_clean_first' from command line to 'False'
[0.551s] Level 5:colcon.colcon_core.verb:set package 'ugv_simulation' build argument 'cmake_force_configure' from command line to 'False'
[0.551s] Level 5:colcon.colcon_core.verb:set package 'ugv_simulation' build argument 'ament_cmake_args' from command line to 'None'
[0.551s] Level 5:colcon.colcon_core.verb:set package 'ugv_simulation' build argument 'catkin_cmake_args' from command line to 'None'
[0.551s] Level 5:colcon.colcon_core.verb:set package 'ugv_simulation' build argument 'catkin_skip_building_tests' from command line to 'False'
[0.551s] DEBUG:colcon.colcon_core.verb:Building package 'ugv_simulation' with the following arguments: {'ament_cmake_args': None, 'build_base': '/home/augusto/Documentos/ugv_system/build/ugv_simulation', 'catkin_cmake_args': None, 'catkin_skip_building_tests': False, 'cmake_args': None, 'cmake_clean_cache': False, 'cmake_clean_first': False, 'cmake_force_configure': False, 'cmake_target': None, 'cmake_target_skip_unavailable': False, 'install_base': '/home/augusto/Documentos/ugv_system/install/ugv_simulation', 'merge_install': False, 'path': '/home/augusto/Documentos/ugv_system/src/ugv_simulation', 'symlink_install': False, 'test_result_base': None}
[0.552s] INFO:colcon.colcon_core.executor:Executing jobs using 'parallel' executor
[0.555s] DEBUG:colcon.colcon_parallel_executor.executor.parallel:run_until_complete
[0.555s] INFO:colcon.colcon_ros.task.ament_cmake.build:Building ROS package in '/home/augusto/Documentos/ugv_system/src/ugv_navigation' with build type 'ament_cmake'
[0.555s] INFO:colcon.colcon_cmake.task.cmake.build:Building CMake package in '/home/augusto/Documentos/ugv_system/src/ugv_navigation'
[0.562s] INFO:colcon.colcon_core.plugin_system:Skipping extension 'colcon_core.shell.bat': Not used on non-Windows systems
[0.563s] INFO:colcon.colcon_core.shell:Skip shell extension 'powershell' for command environment: Not usable outside of PowerShell
[0.563s] DEBUG:colcon.colcon_core.shell:Skip shell extension 'dsv' for command environment
[0.568s] INFO:colcon.colcon_ros.task.ament_cmake.build:Building ROS package in '/home/augusto/Documentos/ugv_system/src/ugv_simulation' with build type 'ament_cmake'
[0.569s] INFO:colcon.colcon_cmake.task.cmake.build:Building CMake package in '/home/augusto/Documentos/ugv_system/src/ugv_simulation'
[0.571s] INFO:colcon.colcon_core.shell:Skip shell extension 'powershell' for command environment: Not usable outside of PowerShell
[0.571s] DEBUG:colcon.colcon_core.shell:Skip shell extension 'dsv' for command environment
[0.621s] DEBUG:colcon.colcon_core.event_handler.log_command:Invoking command in '/home/augusto/Documentos/ugv_system/build/ugv_navigation': CMAKE_PREFIX_PATH=${CMAKE_PREFIX_PATH}:/opt/ros/humble /usr/bin/cmake /home/augusto/Documentos/ugv_system/src/ugv_navigation -DCMAKE_INSTALL_PREFIX=/home/augusto/Documentos/ugv_system/install/ugv_navigation
[0.642s] DEBUG:colcon.colcon_core.event_handler.log_command:Invoking command in '/home/augusto/Documentos/ugv_system/build/ugv_simulation': CMAKE_PREFIX_PATH=${CMAKE_PREFIX_PATH}:/opt/ros/humble /usr/bin/cmake /home/augusto/Documentos/ugv_system/src/ugv_simulation -DCMAKE_INSTALL_PREFIX=/home/augusto/Documentos/ugv_system/install/ugv_simulation
[2.728s] DEBUG:colcon.colcon_core.event_handler.log_command:Invoked command in '/home/augusto/Documentos/ugv_system/build/ugv_navigation' returned '0': CMAKE_PREFIX_PATH=${CMAKE_PREFIX_PATH}:/opt/ros/humble /usr/bin/cmake /home/augusto/Documentos/ugv_system/src/ugv_navigation -DCMAKE_INSTALL_PREFIX=/home/augusto/Documentos/ugv_system/install/ugv_navigation
[2.730s] DEBUG:colcon.colcon_core.event_handler.log_command:Invoking command in '/home/augusto/Documentos/ugv_system/build/ugv_navigation': CMAKE_PREFIX_PATH=${CMAKE_PREFIX_PATH}:/opt/ros/humble /usr/bin/cmake --build /home/augusto/Documentos/ugv_system/build/ugv_navigation -- -j2 -l2
[2.804s] DEBUG:colcon.colcon_core.event_handler.log_command:Invoked command in '/home/augusto/Documentos/ugv_system/build/ugv_navigation' returned '0': CMAKE_PREFIX_PATH=${CMAKE_PREFIX_PATH}:/opt/ros/humble /usr/bin/cmake --build /home/augusto/Documentos/ugv_system/build/ugv_navigation -- -j2 -l2
[2.958s] DEBUG:colcon.colcon_core.event_handler.log_command:Invoking command in '/home/augusto/Documentos/ugv_system/build/ugv_navigation': CMAKE_PREFIX_PATH=${CMAKE_PREFIX_PATH}:/opt/ros/humble /usr/bin/cmake --install /home/augusto/Documentos/ugv_system/build/ugv_navigation
[2.997s] Level 1:colcon.colcon_core.environment:create_environment_scripts_only(ugv_navigation)
[2.998s] DEBUG:colcon.colcon_core.event_handler.log_command:Invoked command in '/home/augusto/Documentos/ugv_system/build/ugv_navigation' returned '0': CMAKE_PREFIX_PATH=${CMAKE_PREFIX_PATH}:/opt/ros/humble /usr/bin/cmake --install /home/augusto/Documentos/ugv_system/build/ugv_navigation
[3.005s] Level 1:colcon.colcon_core.environment:checking '/home/augusto/Documentos/ugv_system/install/ugv_navigation' for CMake module files
[3.005s] Level 1:colcon.colcon_core.environment:checking '/home/augusto/Documentos/ugv_system/install/ugv_navigation' for CMake config files
[3.006s] Level 1:colcon.colcon_core.shell:create_environment_hook('ugv_navigation', 'cmake_prefix_path')
[3.007s] INFO:colcon.colcon_core.shell:Creating environment hook '/home/augusto/Documentos/ugv_system/install/ugv_navigation/share/ugv_navigation/hook/cmake_prefix_path.ps1'
[3.008s] INFO:colcon.colcon_core.shell:Creating environment descriptor '/home/augusto/Documentos/ugv_system/install/ugv_navigation/share/ugv_navigation/hook/cmake_prefix_path.dsv'
[3.014s] INFO:colcon.colcon_core.shell:Creating environment hook '/home/augusto/Documentos/ugv_system/install/ugv_navigation/share/ugv_navigation/hook/cmake_prefix_path.sh'
[3.022s] Level 1:colcon.colcon_core.environment:checking '/home/augusto/Documentos/ugv_system/install/ugv_navigation/bin'
[3.022s] Level 1:colcon.colcon_core.environment:checking '/home/augusto/Documentos/ugv_system/install/ugv_navigation/lib/pkgconfig/ugv_navigation.pc'
[3.023s] Level 1:colcon.colcon_core.environment:checking '/home/augusto/Documentos/ugv_system/install/ugv_navigation/lib/python3.10/site-packages'
[3.023s] Level 1:colcon.colcon_core.environment:checking '/home/augusto/Documentos/ugv_system/install/ugv_navigation/bin'
[3.024s] INFO:colcon.colcon_core.shell:Creating package script '/home/augusto/Documentos/ugv_system/install/ugv_navigation/share/ugv_navigation/package.ps1'
[3.026s] INFO:colcon.colcon_core.shell:Creating package descriptor '/home/augusto/Documentos/ugv_system/install/ugv_navigation/share/ugv_navigation/package.dsv'
[3.027s] INFO:colcon.colcon_core.shell:Creating package script '/home/augusto/Documentos/ugv_system/install/ugv_navigation/share/ugv_navigation/package.sh'
[3.027s] INFO:colcon.colcon_core.shell:Creating package script '/home/augusto/Documentos/ugv_system/install/ugv_navigation/share/ugv_navigation/package.bash'
[3.028s] INFO:colcon.colcon_core.shell:Creating package script '/home/augusto/Documentos/ugv_system/install/ugv_navigation/share/ugv_navigation/package.zsh'
[3.029s] Level 1:colcon.colcon_core.environment:create_file_with_runtime_dependencies(/home/augusto/Documentos/ugv_system/install/ugv_navigation/share/colcon-core/packages/ugv_navigation)
[3.078s] Level 1:colcon.colcon_core.environment:create_environment_scripts_only(ugv_navigation)
[3.080s] Level 1:colcon.colcon_core.environment:checking '/home/augusto/Documentos/ugv_system/install/ugv_navigation' for CMake module files
[3.080s] Level 1:colcon.colcon_core.environment:checking '/home/augusto/Documentos/ugv_system/install/ugv_navigation' for CMake config files
[3.081s] Level 1:colcon.colcon_core.shell:create_environment_hook('ugv_navigation', 'cmake_prefix_path')
[3.087s] INFO:colcon.colcon_core.shell:Creating environment hook '/home/augusto/Documentos/ugv_system/install/ugv_navigation/share/ugv_navigation/hook/cmake_prefix_path.ps1'
[3.087s] INFO:colcon.colcon_core.shell:Creating environment descriptor '/home/augusto/Documentos/ugv_system/install/ugv_navigation/share/ugv_navigation/hook/cmake_prefix_path.dsv'
[3.088s] INFO:colcon.colcon_core.shell:Creating environment hook '/home/augusto/Documentos/ugv_system/install/ugv_navigation/share/ugv_navigation/hook/cmake_prefix_path.sh'
[3.088s] Level 1:colcon.colcon_core.environment:checking '/home/augusto/Documentos/ugv_system/install/ugv_navigation/bin'
[3.089s] Level 1:colcon.colcon_core.environment:checking '/home/augusto/Documentos/ugv_system/install/ugv_navigation/lib/pkgconfig/ugv_navigation.pc'
[3.089s] Level 1:colcon.colcon_core.environment:checking '/home/augusto/Documentos/ugv_system/install/ugv_navigation/lib/python3.10/site-packages'
[3.089s] Level 1:colcon.colcon_core.environment:checking '/home/augusto/Documentos/ugv_system/install/ugv_navigation/bin'
[3.091s] INFO:colcon.colcon_core.shell:Creating package script '/home/augusto/Documentos/ugv_system/install/ugv_navigation/share/ugv_navigation/package.ps1'
[3.092s] INFO:colcon.colcon_core.shell:Creating package descriptor '/home/augusto/Documentos/ugv_system/install/ugv_navigation/share/ugv_navigation/package.dsv'
[3.092s] INFO:colcon.colcon_core.shell:Creating package script '/home/augusto/Documentos/ugv_system/install/ugv_navigation/share/ugv_navigation/package.sh'
[3.093s] INFO:colcon.colcon_core.shell:Creating package script '/home/augusto/Documentos/ugv_system/install/ugv_navigation/share/ugv_navigation/package.bash'
[3.094s] INFO:colcon.colcon_core.shell:Creating package script '/home/augusto/Documentos/ugv_system/install/ugv_navigation/share/ugv_navigation/package.zsh'
[3.094s] Level 1:colcon.colcon_core.environment:create_file_with_runtime_dependencies(/home/augusto/Documentos/ugv_system/install/ugv_navigation/share/colcon-core/packages/ugv_navigation)
[4.558s] DEBUG:colcon.colcon_core.event_handler.log_command:Invoked command in '/home/augusto/Documentos/ugv_system/build/ugv_simulation' returned '0': CMAKE_PREFIX_PATH=${CMAKE_PREFIX_PATH}:/opt/ros/humble /usr/bin/cmake /home/augusto/Documentos/ugv_system/src/ugv_simulation -DCMAKE_INSTALL_PREFIX=/home/augusto/Documentos/ugv_system/install/ugv_simulation
[4.559s] DEBUG:colcon.colcon_core.event_handler.log_command:Invoking command in '/home/augusto/Documentos/ugv_system/build/ugv_simulation': CMAKE_PREFIX_PATH=${CMAKE_PREFIX_PATH}:/opt/ros/humble /usr/bin/cmake --build /home/augusto/Documentos/ugv_system/build/ugv_simulation -- -j2 -l2
[4.668s] DEBUG:colcon.colcon_core.event_handler.log_command:Invoked command in '/home/augusto/Documentos/ugv_system/build/ugv_simulation' returned '0': CMAKE_PREFIX_PATH=${CMAKE_PREFIX_PATH}:/opt/ros/humble /usr/bin/cmake --build /home/augusto/Documentos/ugv_system/build/ugv_simulation -- -j2 -l2
[4.717s] DEBUG:colcon.colcon_core.event_handler.log_command:Invoking command in '/home/augusto/Documentos/ugv_system/build/ugv_simulation': CMAKE_PREFIX_PATH=${CMAKE_PREFIX_PATH}:/opt/ros/humble /usr/bin/cmake --install /home/augusto/Documentos/ugv_system/build/ugv_simulation
[4.796s] Level 1:colcon.colcon_core.environment:create_environment_scripts_only(ugv_simulation)
[4.798s] Level 1:colcon.colcon_core.environment:checking '/home/augusto/Documentos/ugv_system/install/ugv_simulation' for CMake module files
[4.799s] Level 1:colcon.colcon_core.environment:checking '/home/augusto/Documentos/ugv_system/install/ugv_simulation' for CMake config files
[4.799s] Level 1:colcon.colcon_core.shell:create_environment_hook('ugv_simulation', 'cmake_prefix_path')
[4.803s] INFO:colcon.colcon_core.shell:Creating environment hook '/home/augusto/Documentos/ugv_system/install/ugv_simulation/share/ugv_simulation/hook/cmake_prefix_path.ps1'
[4.804s] INFO:colcon.colcon_core.shell:Creating environment descriptor '/home/augusto/Documentos/ugv_system/install/ugv_simulation/share/ugv_simulation/hook/cmake_prefix_path.dsv'
[4.805s] INFO:colcon.colcon_core.shell:Creating environment hook '/home/augusto/Documentos/ugv_system/install/ugv_simulation/share/ugv_simulation/hook/cmake_prefix_path.sh'
[4.805s] DEBUG:colcon.colcon_core.event_handler.log_command:Invoked command in '/home/augusto/Documentos/ugv_system/build/ugv_simulation' returned '0': CMAKE_PREFIX_PATH=${CMAKE_PREFIX_PATH}:/opt/ros/humble /usr/bin/cmake --install /home/augusto/Documentos/ugv_system/build/ugv_simulation
[4.814s] Level 1:colcon.colcon_core.environment:checking '/home/augusto/Documentos/ugv_system/install/ugv_simulation/bin'
[4.814s] Level 1:colcon.colcon_core.environment:checking '/home/augusto/Documentos/ugv_system/install/ugv_simulation/lib/pkgconfig/ugv_simulation.pc'
[4.814s] Level 1:colcon.colcon_core.environment:checking '/home/augusto/Documentos/ugv_system/install/ugv_simulation/lib/python3.10/site-packages'
[4.814s] Level 1:colcon.colcon_core.environment:checking '/home/augusto/Documentos/ugv_system/install/ugv_simulation/bin'
[4.817s] INFO:colcon.colcon_core.shell:Creating package script '/home/augusto/Documentos/ugv_system/install/ugv_simulation/share/ugv_simulation/package.ps1'
[4.821s] INFO:colcon.colcon_core.shell:Creating package descriptor '/home/augusto/Documentos/ugv_system/install/ugv_simulation/share/ugv_simulation/package.dsv'
[4.822s] INFO:colcon.colcon_core.shell:Creating package script '/home/augusto/Documentos/ugv_system/install/ugv_simulation/share/ugv_simulation/package.sh'
[4.823s] INFO:colcon.colcon_core.shell:Creating package script '/home/augusto/Documentos/ugv_system/install/ugv_simulation/share/ugv_simulation/package.bash'
[4.823s] INFO:colcon.colcon_core.shell:Creating package script '/home/augusto/Documentos/ugv_system/install/ugv_simulation/share/ugv_simulation/package.zsh'
[4.823s] Level 1:colcon.colcon_core.environment:create_file_with_runtime_dependencies(/home/augusto/Documentos/ugv_system/install/ugv_simulation/share/colcon-core/packages/ugv_simulation)
[4.892s] Level 1:colcon.colcon_core.environment:create_environment_scripts_only(ugv_simulation)
[4.895s] Level 1:colcon.colcon_core.environment:checking '/home/augusto/Documentos/ugv_system/install/ugv_simulation' for CMake module files
[4.895s] Level 1:colcon.colcon_core.environment:checking '/home/augusto/Documentos/ugv_system/install/ugv_simulation' for CMake config files
[4.895s] Level 1:colcon.colcon_core.shell:create_environment_hook('ugv_simulation', 'cmake_prefix_path')
[4.897s] INFO:colcon.colcon_core.shell:Creating environment hook '/home/augusto/Documentos/ugv_system/install/ugv_simulation/share/ugv_simulation/hook/cmake_prefix_path.ps1'
[4.898s] INFO:colcon.colcon_core.shell:Creating environment descriptor '/home/augusto/Documentos/ugv_system/install/ugv_simulation/share/ugv_simulation/hook/cmake_prefix_path.dsv'
[4.898s] INFO:colcon.colcon_core.shell:Creating environment hook '/home/augusto/Documentos/ugv_system/install/ugv_simulation/share/ugv_simulation/hook/cmake_prefix_path.sh'
[4.899s] Level 1:colcon.colcon_core.environment:checking '/home/augusto/Documentos/ugv_system/install/ugv_simulation/bin'
[4.899s] Level 1:colcon.colcon_core.environment:checking '/home/augusto/Documentos/ugv_system/install/ugv_simulation/lib/pkgconfig/ugv_simulation.pc'
[4.899s] Level 1:colcon.colcon_core.environment:checking '/home/augusto/Documentos/ugv_system/install/ugv_simulation/lib/python3.10/site-packages'
[4.900s] Level 1:colcon.colcon_core.environment:checking '/home/augusto/Documentos/ugv_system/install/ugv_simulation/bin'
[4.902s] INFO:colcon.colcon_core.shell:Creating package script '/home/augusto/Documentos/ugv_system/install/ugv_simulation/share/ugv_simulation/package.ps1'
[4.903s] INFO:colcon.colcon_core.shell:Creating package descriptor '/home/augusto/Documentos/ugv_system/install/ugv_simulation/share/ugv_simulation/package.dsv'
[4.905s] INFO:colcon.colcon_core.shell:Creating package script '/home/augusto/Documentos/ugv_system/install/ugv_simulation/share/ugv_simulation/package.sh'
[4.905s] INFO:colcon.colcon_core.shell:Creating package script '/home/augusto/Documentos/ugv_system/install/ugv_simulation/share/ugv_simulation/package.bash'
[4.906s] INFO:colcon.colcon_core.shell:Creating package script '/home/augusto/Documentos/ugv_system/install/ugv_simulation/share/ugv_simulation/package.zsh'
[4.907s] Level 1:colcon.colcon_core.environment:create_file_with_runtime_dependencies(/home/augusto/Documentos/ugv_system/install/ugv_simulation/share/colcon-core/packages/ugv_simulation)
[4.908s] DEBUG:colcon.colcon_parallel_executor.executor.parallel:closing loop
[4.908s] DEBUG:colcon.colcon_parallel_executor.executor.parallel:loop closed
[4.908s] DEBUG:colcon.colcon_parallel_executor.executor.parallel:run_until_complete finished with '0'
[4.909s] DEBUG:colcon.colcon_core.event_reactor:joining thread
[4.940s] INFO:colcon.colcon_core.plugin_system:Skipping extension 'colcon_notification.desktop_notification.terminal_notifier': Not used on non-Darwin systems
[4.940s] INFO:colcon.colcon_core.plugin_system:Skipping extension 'colcon_notification.desktop_notification.win32': Not used on non-Windows systems
[4.940s] INFO:colcon.colcon_notification.desktop_notification:Sending desktop notification using 'notify2'
[4.953s] DEBUG:colcon.colcon_core.event_reactor:joined thread
[4.958s] INFO:colcon.colcon_core.shell:Creating prefix script '/home/augusto/Documentos/ugv_system/install/local_setup.ps1'
[4.959s] INFO:colcon.colcon_core.shell:Creating prefix util module '/home/augusto/Documentos/ugv_system/install/_local_setup_util_ps1.py'
[4.963s] INFO:colcon.colcon_core.shell:Creating prefix chain script '/home/augusto/Documentos/ugv_system/install/setup.ps1'
[4.965s] INFO:colcon.colcon_core.shell:Creating prefix script '/home/augusto/Documentos/ugv_system/install/local_setup.sh'
[4.966s] INFO:colcon.colcon_core.shell:Creating prefix util module '/home/augusto/Documentos/ugv_system/install/_local_setup_util_sh.py'
[4.966s] INFO:colcon.colcon_core.shell:Creating prefix chain script '/home/augusto/Documentos/ugv_system/install/setup.sh'
[4.968s] INFO:colcon.colcon_core.shell:Creating prefix script '/home/augusto/Documentos/ugv_system/install/local_setup.bash'
[4.969s] INFO:colcon.colcon_core.shell:Creating prefix chain script '/home/augusto/Documentos/ugv_system/install/setup.bash'
[4.971s] INFO:colcon.colcon_core.shell:Creating prefix script '/home/augusto/Documentos/ugv_system/install/local_setup.zsh'
[4.972s] INFO:colcon.colcon_core.shell:Creating prefix chain script '/home/augusto/Documentos/ugv_system/install/setup.zsh'
