[0.027s] Invoking command in '/home/augusto/Documentos/ugv_system/build/ugv_navigation': CMAKE_PREFIX_PATH=${CMAKE_PREFIX_PATH}:/opt/ros/humble /usr/bin/cmake --build /home/augusto/Documentos/ugv_system/build/ugv_navigation -- -j2 -l2
[0.105s] Invoked command in '/home/augusto/Documentos/ugv_system/build/ugv_navigation' returned '0': CMAKE_PREFIX_PATH=${CMAKE_PREFIX_PATH}:/opt/ros/humble /usr/bin/cmake --build /home/augusto/Documentos/ugv_system/build/ugv_navigation -- -j2 -l2
[0.170s] Invoking command in '/home/augusto/Documentos/ugv_system/build/ugv_navigation': CMAKE_PREFIX_PATH=${CMAKE_PREFIX_PATH}:/opt/ros/humble /usr/bin/cmake --install /home/augusto/Documentos/ugv_system/build/ugv_navigation
[0.188s] -- Install configuration: ""
[0.188s] -- Up-to-date: /home/augusto/Documentos/ugv_system/install/ugv_navigation/share/ugv_navigation/launch
[0.189s] -- Up-to-date: /home/augusto/Documentos/ugv_system/install/ugv_navigation/share/ugv_navigation/launch/launchs
[0.189s] -- Up-to-date: /home/augusto/Documentos/ugv_system/install/ugv_navigation/share/ugv_navigation/config
[0.189s] -- Up-to-date: /home/augusto/Documentos/ugv_system/install/ugv_navigation/share/ugv_navigation/config/configs
[0.189s] -- Up-to-date: /home/augusto/Documentos/ugv_system/install/ugv_navigation/share/ugv_navigation/rviz
[0.189s] -- Up-to-date: /home/augusto/Documentos/ugv_system/install/ugv_navigation/share/ugv_navigation/rviz/rviz
[0.189s] -- Up-to-date: /home/augusto/Documentos/ugv_system/install/ugv_navigation/share/ament_index/resource_index/package_run_dependencies/ugv_navigation
[0.189s] -- Up-to-date: /home/augusto/Documentos/ugv_system/install/ugv_navigation/share/ament_index/resource_index/parent_prefix_path/ugv_navigation
[0.189s] -- Up-to-date: /home/augusto/Documentos/ugv_system/install/ugv_navigation/share/ugv_navigation/environment/ament_prefix_path.sh
[0.189s] -- Up-to-date: /home/augusto/Documentos/ugv_system/install/ugv_navigation/share/ugv_navigation/environment/ament_prefix_path.dsv
[0.189s] -- Up-to-date: /home/augusto/Documentos/ugv_system/install/ugv_navigation/share/ugv_navigation/environment/path.sh
[0.189s] -- Up-to-date: /home/augusto/Documentos/ugv_system/install/ugv_navigation/share/ugv_navigation/environment/path.dsv
[0.189s] -- Up-to-date: /home/augusto/Documentos/ugv_system/install/ugv_navigation/share/ugv_navigation/local_setup.bash
[0.189s] -- Up-to-date: /home/augusto/Documentos/ugv_system/install/ugv_navigation/share/ugv_navigation/local_setup.sh
[0.190s] -- Up-to-date: /home/augusto/Documentos/ugv_system/install/ugv_navigation/share/ugv_navigation/local_setup.zsh
[0.190s] -- Up-to-date: /home/augusto/Documentos/ugv_system/install/ugv_navigation/share/ugv_navigation/local_setup.dsv
[0.190s] -- Installing: /home/augusto/Documentos/ugv_system/install/ugv_navigation/share/ugv_navigation/package.dsv
[0.190s] -- Up-to-date: /home/augusto/Documentos/ugv_system/install/ugv_navigation/share/ament_index/resource_index/packages/ugv_navigation
[0.190s] -- Up-to-date: /home/augusto/Documentos/ugv_system/install/ugv_navigation/share/ugv_navigation/cmake/ugv_navigationConfig.cmake
[0.190s] -- Up-to-date: /home/augusto/Documentos/ugv_system/install/ugv_navigation/share/ugv_navigation/cmake/ugv_navigationConfig-version.cmake
[0.190s] -- Up-to-date: /home/augusto/Documentos/ugv_system/install/ugv_navigation/share/ugv_navigation/package.xml
[0.208s] Invoked command in '/home/augusto/Documentos/ugv_system/build/ugv_navigation' returned '0': CMAKE_PREFIX_PATH=${CMAKE_PREFIX_PATH}:/opt/ros/humble /usr/bin/cmake --install /home/augusto/Documentos/ugv_system/build/ugv_navigation
