[0.026s] Invoking command in '/home/augusto/Documentos/ugv_system/build/ugv_navigation': CMAKE_PREFIX_PATH=${CMAKE_PREFIX_PATH}:/opt/ros/humble /usr/bin/cmake /home/augusto/Documentos/ugv_system/src/ugv_navigation -DCMAKE_INSTALL_PREFIX=/home/augusto/Documentos/ugv_system/install/ugv_navigation
[0.145s] -- The C compiler identification is GNU 11.3.0
[0.297s] -- The CXX compiler identification is GNU 11.3.0
[0.328s] -- Detecting C compiler ABI info
[0.715s] -- Detecting C compiler ABI info - done
[0.735s] -- Check for working C compiler: /usr/bin/cc - skipped
[0.736s] -- Detecting C compile features
[0.736s] -- Detecting C compile features - done
[0.766s] -- Detecting CXX compiler ABI info
[1.022s] -- Detecting CXX compiler ABI info - done
[1.035s] -- Check for working CXX compiler: /usr/bin/c++ - skipped
[1.036s] -- Detecting CXX compile features
[1.038s] -- Detecting CXX compile features - done
[1.054s] -- Found ament_cmake: 1.3.3 (/opt/ros/humble/share/ament_cmake/cmake)
[1.430s] -- Found Python3: /usr/bin/python3.10 (found version "3.10.6") found components: Interpreter 
[1.635s] -- Found ament_lint_auto: 0.12.5 (/opt/ros/humble/share/ament_lint_auto/cmake)
[1.822s] -- Added test 'lint_cmake' to check CMake code style
[1.827s] -- Added test 'xmllint' to check XML markup files
[1.831s] -- Configuring done
[1.847s] -- Generating done
[1.851s] -- Build files have been written to: /home/augusto/Documentos/ugv_system/build/ugv_navigation
[1.877s] Invoked command in '/home/augusto/Documentos/ugv_system/build/ugv_navigation' returned '0': CMAKE_PREFIX_PATH=${CMAKE_PREFIX_PATH}:/opt/ros/humble /usr/bin/cmake /home/augusto/Documentos/ugv_system/src/ugv_navigation -DCMAKE_INSTALL_PREFIX=/home/augusto/Documentos/ugv_system/install/ugv_navigation
[1.879s] Invoking command in '/home/augusto/Documentos/ugv_system/build/ugv_navigation': CMAKE_PREFIX_PATH=${CMAKE_PREFIX_PATH}:/opt/ros/humble /usr/bin/cmake --build /home/augusto/Documentos/ugv_system/build/ugv_navigation -- -j2 -l2
[1.939s] Invoked command in '/home/augusto/Documentos/ugv_system/build/ugv_navigation' returned '0': CMAKE_PREFIX_PATH=${CMAKE_PREFIX_PATH}:/opt/ros/humble /usr/bin/cmake --build /home/augusto/Documentos/ugv_system/build/ugv_navigation -- -j2 -l2
[2.009s] Invoking command in '/home/augusto/Documentos/ugv_system/build/ugv_navigation': CMAKE_PREFIX_PATH=${CMAKE_PREFIX_PATH}:/opt/ros/humble /usr/bin/cmake --install /home/augusto/Documentos/ugv_system/build/ugv_navigation
[2.032s] -- Install configuration: ""
[2.032s] -- Installing: /home/augusto/Documentos/ugv_system/install/ugv_navigation/share/ugv_navigation/launch
[2.042s] -- Installing: /home/augusto/Documentos/ugv_system/install/ugv_navigation/share/ugv_navigation/launch/launchs
[2.042s] -- Installing: /home/augusto/Documentos/ugv_system/install/ugv_navigation/share/ugv_navigation/config
[2.042s] -- Installing: /home/augusto/Documentos/ugv_system/install/ugv_navigation/share/ugv_navigation/config/configs
[2.042s] -- Installing: /home/augusto/Documentos/ugv_system/install/ugv_navigation/share/ugv_navigation/rviz
[2.042s] -- Installing: /home/augusto/Documentos/ugv_system/install/ugv_navigation/share/ugv_navigation/rviz/rviz
[2.042s] -- Installing: /home/augusto/Documentos/ugv_system/install/ugv_navigation/share/ament_index/resource_index/package_run_dependencies/ugv_navigation
[2.042s] -- Installing: /home/augusto/Documentos/ugv_system/install/ugv_navigation/share/ament_index/resource_index/parent_prefix_path/ugv_navigation
[2.047s] -- Installing: /home/augusto/Documentos/ugv_system/install/ugv_navigation/share/ugv_navigation/environment/ament_prefix_path.sh
[2.047s] -- Installing: /home/augusto/Documentos/ugv_system/install/ugv_navigation/share/ugv_navigation/environment/ament_prefix_path.dsv
[2.049s] -- Installing: /home/augusto/Documentos/ugv_system/install/ugv_navigation/share/ugv_navigation/environment/path.sh
[2.050s] -- Installing: /home/augusto/Documentos/ugv_system/install/ugv_navigation/share/ugv_navigation/environment/path.dsv
[2.050s] -- Installing: /home/augusto/Documentos/ugv_system/install/ugv_navigation/share/ugv_navigation/local_setup.bash
[2.050s] -- Installing: /home/augusto/Documentos/ugv_system/install/ugv_navigation/share/ugv_navigation/local_setup.sh
[2.051s] -- Installing: /home/augusto/Documentos/ugv_system/install/ugv_navigation/share/ugv_navigation/local_setup.zsh
[2.051s] -- Installing: /home/augusto/Documentos/ugv_system/install/ugv_navigation/share/ugv_navigation/local_setup.dsv
[2.051s] -- Installing: /home/augusto/Documentos/ugv_system/install/ugv_navigation/share/ugv_navigation/package.dsv
[2.061s] -- Installing: /home/augusto/Documentos/ugv_system/install/ugv_navigation/share/ament_index/resource_index/packages/ugv_navigation
[2.061s] -- Installing: /home/augusto/Documentos/ugv_system/install/ugv_navigation/share/ugv_navigation/cmake/ugv_navigationConfig.cmake
[2.061s] -- Installing: /home/augusto/Documentos/ugv_system/install/ugv_navigation/share/ugv_navigation/cmake/ugv_navigationConfig-version.cmake
[2.061s] -- Installing: /home/augusto/Documentos/ugv_system/install/ugv_navigation/share/ugv_navigation/package.xml
[2.077s] Invoked command in '/home/augusto/Documentos/ugv_system/build/ugv_navigation' returned '0': CMAKE_PREFIX_PATH=${CMAKE_PREFIX_PATH}:/opt/ros/humble /usr/bin/cmake --install /home/augusto/Documentos/ugv_system/build/ugv_navigation
