[0.028s] Invoking command in '/home/augusto/Documentos/ugv_system/build/ugv_simulation': CMAKE_PREFIX_PATH=${CMAKE_PREFIX_PATH}:/opt/ros/humble /usr/bin/cmake --build /home/augusto/Documentos/ugv_system/build/ugv_simulation -- -j2 -l2
[0.134s] Invoked command in '/home/augusto/Documentos/ugv_system/build/ugv_simulation' returned '0': CMAKE_PREFIX_PATH=${CMAKE_PREFIX_PATH}:/opt/ros/humble /usr/bin/cmake --build /home/augusto/Documentos/ugv_system/build/ugv_simulation -- -j2 -l2
[0.199s] Invoking command in '/home/augusto/Documentos/ugv_system/build/ugv_simulation': CMAKE_PREFIX_PATH=${CMAKE_PREFIX_PATH}:/opt/ros/humble /usr/bin/cmake --install /home/augusto/Documentos/ugv_system/build/ugv_simulation
[0.233s] -- Install configuration: ""
[0.233s] -- Up-to-date: /home/augusto/Documentos/ugv_system/install/ugv_simulation/share/ugv_simulation/launch
[0.233s] -- Up-to-date: /home/augusto/Documentos/ugv_system/install/ugv_simulation/share/ugv_simulation/robots_description
[0.233s] -- Up-to-date: /home/augusto/Documentos/ugv_system/install/ugv_simulation/share/ugv_simulation/robots_description/oni.urdf.xacro
[0.233s] -- Up-to-date: /home/augusto/Documentos/ugv_system/install/ugv_simulation/share/ugv_simulation/robots_description/sensors
[0.233s] -- Up-to-date: /home/augusto/Documentos/ugv_system/install/ugv_simulation/share/ugv_simulation/robots_description/sensors/laser_sensor.urdf.xacro
[0.234s] -- Up-to-date: /home/augusto/Documentos/ugv_system/install/ugv_simulation/share/ugv_simulation/robots_description/sensors/imu_sensor.urdf.xacro
[0.234s] -- Up-to-date: /home/augusto/Documentos/ugv_system/install/ugv_simulation/share/ugv_simulation/robots_description/meshes
[0.234s] -- Up-to-date: /home/augusto/Documentos/ugv_system/install/ugv_simulation/share/ugv_simulation/robots_description/meshes/fr_wheel.dae
[0.234s] -- Up-to-date: /home/augusto/Documentos/ugv_system/install/ugv_simulation/share/ugv_simulation/robots_description/meshes/rplidar.dae
[0.234s] -- Up-to-date: /home/augusto/Documentos/ugv_system/install/ugv_simulation/share/ugv_simulation/robots_description/meshes/fl_wheel.dae
[0.234s] -- Up-to-date: /home/augusto/Documentos/ugv_system/install/ugv_simulation/share/ugv_simulation/robots_description/meshes/body_OC.dae
[0.235s] -- Up-to-date: /home/augusto/Documentos/ugv_system/install/ugv_simulation/share/ugv_simulation/worlds
[0.235s] -- Up-to-date: /home/augusto/Documentos/ugv_system/install/ugv_simulation/share/ament_index/resource_index/package_run_dependencies/ugv_simulation
[0.235s] -- Up-to-date: /home/augusto/Documentos/ugv_system/install/ugv_simulation/share/ament_index/resource_index/parent_prefix_path/ugv_simulation
[0.236s] -- Up-to-date: /home/augusto/Documentos/ugv_system/install/ugv_simulation/share/ugv_simulation/environment/ament_prefix_path.sh
[0.236s] -- Up-to-date: /home/augusto/Documentos/ugv_system/install/ugv_simulation/share/ugv_simulation/environment/ament_prefix_path.dsv
[0.243s] -- Up-to-date: /home/augusto/Documentos/ugv_system/install/ugv_simulation/share/ugv_simulation/environment/path.sh
[0.250s] -- Up-to-date: /home/augusto/Documentos/ugv_system/install/ugv_simulation/share/ugv_simulation/environment/path.dsv
[0.250s] -- Up-to-date: /home/augusto/Documentos/ugv_system/install/ugv_simulation/share/ugv_simulation/local_setup.bash
[0.251s] -- Up-to-date: /home/augusto/Documentos/ugv_system/install/ugv_simulation/share/ugv_simulation/local_setup.sh
[0.252s] -- Up-to-date: /home/augusto/Documentos/ugv_system/install/ugv_simulation/share/ugv_simulation/local_setup.zsh
[0.252s] -- Up-to-date: /home/augusto/Documentos/ugv_system/install/ugv_simulation/share/ugv_simulation/local_setup.dsv
[0.253s] -- Up-to-date: /home/augusto/Documentos/ugv_system/install/ugv_simulation/share/ugv_simulation/package.dsv
[0.254s] -- Up-to-date: /home/augusto/Documentos/ugv_system/install/ugv_simulation/share/ament_index/resource_index/packages/ugv_simulation
[0.255s] -- Up-to-date: /home/augusto/Documentos/ugv_system/install/ugv_simulation/share/ugv_simulation/cmake/ugv_simulationConfig.cmake
[0.255s] -- Up-to-date: /home/augusto/Documentos/ugv_system/install/ugv_simulation/share/ugv_simulation/cmake/ugv_simulationConfig-version.cmake
[0.256s] -- Up-to-date: /home/augusto/Documentos/ugv_system/install/ugv_simulation/share/ugv_simulation/package.xml
[0.257s] Invoked command in '/home/augusto/Documentos/ugv_system/build/ugv_simulation' returned '0': CMAKE_PREFIX_PATH=${CMAKE_PREFIX_PATH}:/opt/ros/humble /usr/bin/cmake --install /home/augusto/Documentos/ugv_system/build/ugv_simulation
