-- Install configuration: ""
-- Up-to-date: /home/gabs/ugv_system/install/ugv_simulation/share/ugv_simulation/launch
-- Up-to-date: /home/gabs/ugv_system/install/ugv_simulation/share/ugv_simulation/robots_description
-- Up-to-date: /home/gabs/ugv_system/install/ugv_simulation/share/ugv_simulation/robots_description/sensors
-- Up-to-date: /home/gabs/ugv_system/install/ugv_simulation/share/ugv_simulation/robots_description/sensors/imu_sensor.urdf.xacro
-- Up-to-date: /home/gabs/ugv_system/install/ugv_simulation/share/ugv_simulation/robots_description/sensors/laser_sensor.urdf.xacro
-- Up-to-date: /home/gabs/ugv_system/install/ugv_simulation/share/ugv_simulation/robots_description/meshes
-- Up-to-date: /home/gabs/ugv_system/install/ugv_simulation/share/ugv_simulation/robots_description/meshes/rplidar.dae
-- Up-to-date: /home/gabs/ugv_system/install/ugv_simulation/share/ugv_simulation/robots_description/meshes/fr_wheel.dae
-- Up-to-date: /home/gabs/ugv_system/install/ugv_simulation/share/ugv_simulation/robots_description/meshes/body_OC.dae
-- Up-to-date: /home/gabs/ugv_system/install/ugv_simulation/share/ugv_simulation/robots_description/meshes/fl_wheel.dae
-- Up-to-date: /home/gabs/ugv_system/install/ugv_simulation/share/ugv_simulation/robots_description/oni.urdf.xacro
-- Installing: /home/gabs/ugv_system/install/ugv_simulation/share/ugv_simulation/worlds
-- Installing: /home/gabs/ugv_system/install/ugv_simulation/share/ugv_simulation/worlds/laser.world
-- Installing: /home/gabs/ugv_system/install/ugv_simulation/share/ament_index/resource_index/package_run_dependencies/ugv_simulation
-- Installing: /home/gabs/ugv_system/install/ugv_simulation/share/ament_index/resource_index/parent_prefix_path/ugv_simulation
-- Installing: /home/gabs/ugv_system/install/ugv_simulation/share/ugv_simulation/environment/ament_prefix_path.sh
-- Installing: /home/gabs/ugv_system/install/ugv_simulation/share/ugv_simulation/environment/ament_prefix_path.dsv
-- Installing: /home/gabs/ugv_system/install/ugv_simulation/share/ugv_simulation/environment/path.sh
-- Installing: /home/gabs/ugv_system/install/ugv_simulation/share/ugv_simulation/environment/path.dsv
-- Installing: /home/gabs/ugv_system/install/ugv_simulation/share/ugv_simulation/local_setup.bash
-- Installing: /home/gabs/ugv_system/install/ugv_simulation/share/ugv_simulation/local_setup.sh
-- Installing: /home/gabs/ugv_system/install/ugv_simulation/share/ugv_simulation/local_setup.zsh
-- Installing: /home/gabs/ugv_system/install/ugv_simulation/share/ugv_simulation/local_setup.dsv
-- Installing: /home/gabs/ugv_system/install/ugv_simulation/share/ugv_simulation/package.dsv
-- Installing: /home/gabs/ugv_system/install/ugv_simulation/share/ament_index/resource_index/packages/ugv_simulation
-- Installing: /home/gabs/ugv_system/install/ugv_simulation/share/ugv_simulation/cmake/ugv_simulationConfig.cmake
-- Installing: /home/gabs/ugv_system/install/ugv_simulation/share/ugv_simulation/cmake/ugv_simulationConfig-version.cmake
-- Installing: /home/gabs/ugv_system/install/ugv_simulation/share/ugv_simulation/package.xml
