[0.023s] Invoking command in '/home/gabs/ugv_system/build/ugv_simulation': CMAKE_PREFIX_PATH=${CMAKE_PREFIX_PATH}:/opt/ros/humble /usr/bin/cmake --build /home/gabs/ugv_system/build/ugv_simulation -- -j4 -l4
[0.089s] Invoked command in '/home/gabs/ugv_system/build/ugv_simulation' returned '0': CMAKE_PREFIX_PATH=${CMAKE_PREFIX_PATH}:/opt/ros/humble /usr/bin/cmake --build /home/gabs/ugv_system/build/ugv_simulation -- -j4 -l4
[0.144s] Invoking command in '/home/gabs/ugv_system/build/ugv_simulation': CMAKE_PREFIX_PATH=${CMAKE_PREFIX_PATH}:/opt/ros/humble /usr/bin/cmake --install /home/gabs/ugv_system/build/ugv_simulation
[0.156s] -- Install configuration: ""
[0.157s] -- Up-to-date: /home/gabs/ugv_system/install/ugv_simulation/share/ugv_simulation/launch
[0.157s] -- Up-to-date: /home/gabs/ugv_system/install/ugv_simulation/share/ugv_simulation/robots_description
[0.157s] -- Up-to-date: /home/gabs/ugv_system/install/ugv_simulation/share/ugv_simulation/robots_description/sensors
[0.157s] -- Up-to-date: /home/gabs/ugv_system/install/ugv_simulation/share/ugv_simulation/robots_description/sensors/imu_sensor.urdf.xacro
[0.161s] -- Up-to-date: /home/gabs/ugv_system/install/ugv_simulation/share/ugv_simulation/robots_description/sensors/laser_sensor.urdf.xacro
[0.161s] -- Up-to-date: /home/gabs/ugv_system/install/ugv_simulation/share/ugv_simulation/robots_description/meshes
[0.161s] -- Up-to-date: /home/gabs/ugv_system/install/ugv_simulation/share/ugv_simulation/robots_description/meshes/rplidar.dae
[0.161s] -- Up-to-date: /home/gabs/ugv_system/install/ugv_simulation/share/ugv_simulation/robots_description/meshes/fr_wheel.dae
[0.161s] -- Up-to-date: /home/gabs/ugv_system/install/ugv_simulation/share/ugv_simulation/robots_description/meshes/body_OC.dae
[0.162s] -- Up-to-date: /home/gabs/ugv_system/install/ugv_simulation/share/ugv_simulation/robots_description/meshes/fl_wheel.dae
[0.162s] -- Up-to-date: /home/gabs/ugv_system/install/ugv_simulation/share/ugv_simulation/robots_description/oni.urdf.xacro
[0.162s] -- Installing: /home/gabs/ugv_system/install/ugv_simulation/share/ugv_simulation/worlds
[0.163s] -- Installing: /home/gabs/ugv_system/install/ugv_simulation/share/ugv_simulation/worlds/laser.world
[0.163s] -- Installing: /home/gabs/ugv_system/install/ugv_simulation/share/ament_index/resource_index/package_run_dependencies/ugv_simulation
[0.163s] -- Installing: /home/gabs/ugv_system/install/ugv_simulation/share/ament_index/resource_index/parent_prefix_path/ugv_simulation
[0.163s] -- Installing: /home/gabs/ugv_system/install/ugv_simulation/share/ugv_simulation/environment/ament_prefix_path.sh
[0.163s] -- Installing: /home/gabs/ugv_system/install/ugv_simulation/share/ugv_simulation/environment/ament_prefix_path.dsv
[0.163s] -- Installing: /home/gabs/ugv_system/install/ugv_simulation/share/ugv_simulation/environment/path.sh
[0.164s] -- Installing: /home/gabs/ugv_system/install/ugv_simulation/share/ugv_simulation/environment/path.dsv
[0.164s] -- Installing: /home/gabs/ugv_system/install/ugv_simulation/share/ugv_simulation/local_setup.bash
[0.164s] -- Installing: /home/gabs/ugv_system/install/ugv_simulation/share/ugv_simulation/local_setup.sh
[0.164s] -- Installing: /home/gabs/ugv_system/install/ugv_simulation/share/ugv_simulation/local_setup.zsh
[0.164s] -- Installing: /home/gabs/ugv_system/install/ugv_simulation/share/ugv_simulation/local_setup.dsv
[0.164s] -- Installing: /home/gabs/ugv_system/install/ugv_simulation/share/ugv_simulation/package.dsv
[0.164s] -- Installing: /home/gabs/ugv_system/install/ugv_simulation/share/ament_index/resource_index/packages/ugv_simulation
[0.165s] -- Installing: /home/gabs/ugv_system/install/ugv_simulation/share/ugv_simulation/cmake/ugv_simulationConfig.cmake
[0.165s] -- Installing: /home/gabs/ugv_system/install/ugv_simulation/share/ugv_simulation/cmake/ugv_simulationConfig-version.cmake
[0.165s] -- Installing: /home/gabs/ugv_system/install/ugv_simulation/share/ugv_simulation/package.xml
[0.183s] Invoked command in '/home/gabs/ugv_system/build/ugv_simulation' returned '0': CMAKE_PREFIX_PATH=${CMAKE_PREFIX_PATH}:/opt/ros/humble /usr/bin/cmake --install /home/gabs/ugv_system/build/ugv_simulation
