[0.350s] DEBUG:colcon:Command line arguments: ['/usr/bin/colcon', 'build']
[0.350s] DEBUG:colcon:Parsed command line arguments: Namespace(log_base=None, log_level=None, verb_name='build', build_base='build', install_base='install', merge_install=False, symlink_install=False, test_result_base=None, continue_on_error=False, executor='parallel', parallel_workers=2, event_handlers=None, ignore_user_meta=False, metas=['./colcon.meta'], base_paths=['.'], packages_ignore=None, packages_ignore_regex=None, paths=None, packages_up_to=None, packages_up_to_regex=None, packages_above=None, packages_above_and_dependencies=None, packages_above_depth=None, packages_select_by_dep=None, packages_skip_by_dep=None, packages_skip_up_to=None, packages_select_build_failed=False, packages_skip_build_finished=False, packages_select_test_failures=False, packages_skip_test_passed=False, packages_select=None, packages_skip=None, packages_select_regex=None, packages_skip_regex=None, packages_start=None, packages_end=None, allow_overriding=[], cmake_args=None, cmake_target=None, cmake_target_skip_unavailable=False, cmake_clean_cache=False, cmake_clean_first=False, cmake_force_configure=False, ament_cmake_args=None, catkin_cmake_args=None, catkin_skip_building_tests=False, verb_parser=<colcon_defaults.argument_parser.defaults.DefaultArgumentsDecorator object at 0x7f6540128190>, verb_extension=<colcon_core.verb.build.BuildVerb object at 0x7f6540d96b00>, main=<bound method BuildVerb.main of <colcon_core.verb.build.BuildVerb object at 0x7f6540d96b00>>)
[0.384s] Level 1:colcon.colcon_core.package_discovery:discover_packages(colcon_meta) check parameters
[0.384s] Level 1:colcon.colcon_core.package_discovery:discover_packages(recursive) check parameters
[0.384s] Level 1:colcon.colcon_core.package_discovery:discover_packages(ignore) check parameters
[0.384s] Level 1:colcon.colcon_core.package_discovery:discover_packages(path) check parameters
[0.384s] Level 1:colcon.colcon_core.package_discovery:discover_packages(colcon_meta) discover
[0.385s] Level 1:colcon.colcon_core.package_discovery:discover_packages(recursive) discover
[0.385s] INFO:colcon.colcon_core.package_discovery:Crawling recursively for packages in '/home/augusto/Documentos/ugv_system'
[0.385s] Level 1:colcon.colcon_core.package_identification:_identify(.) by extensions ['ignore', 'ignore_ament_install']
[0.385s] Level 1:colcon.colcon_core.package_identification:_identify(.) by extension 'ignore'
[0.385s] Level 1:colcon.colcon_core.package_identification:_identify(.) by extension 'ignore_ament_install'
[0.385s] Level 1:colcon.colcon_core.package_identification:_identify(.) by extensions ['colcon_pkg']
[0.385s] Level 1:colcon.colcon_core.package_identification:_identify(.) by extension 'colcon_pkg'
[0.386s] Level 1:colcon.colcon_core.package_identification:_identify(.) by extensions ['colcon_meta']
[0.386s] Level 1:colcon.colcon_core.package_identification:_identify(.) by extension 'colcon_meta'
[0.386s] Level 1:colcon.colcon_core.package_identification:_identify(.) by extensions ['ros']
[0.386s] Level 1:colcon.colcon_core.package_identification:_identify(.) by extension 'ros'
[0.398s] Level 1:colcon.colcon_core.package_identification:_identify(.) by extensions ['cmake', 'python']
[0.398s] Level 1:colcon.colcon_core.package_identification:_identify(.) by extension 'cmake'
[0.398s] Level 1:colcon.colcon_core.package_identification:_identify(.) by extension 'python'
[0.398s] Level 1:colcon.colcon_core.package_identification:_identify(.) by extensions ['python_setup_py']
[0.398s] Level 1:colcon.colcon_core.package_identification:_identify(.) by extension 'python_setup_py'
[0.398s] Level 1:colcon.colcon_core.package_identification:_identify(build) by extensions ['ignore', 'ignore_ament_install']
[0.399s] Level 1:colcon.colcon_core.package_identification:_identify(build) by extension 'ignore'
[0.399s] Level 1:colcon.colcon_core.package_identification:_identify(build) ignored
[0.399s] Level 1:colcon.colcon_core.package_identification:_identify(install) by extensions ['ignore', 'ignore_ament_install']
[0.399s] Level 1:colcon.colcon_core.package_identification:_identify(install) by extension 'ignore'
[0.399s] Level 1:colcon.colcon_core.package_identification:_identify(install) ignored
[0.399s] Level 1:colcon.colcon_core.package_identification:_identify(log) by extensions ['ignore', 'ignore_ament_install']
[0.399s] Level 1:colcon.colcon_core.package_identification:_identify(log) by extension 'ignore'
[0.399s] Level 1:colcon.colcon_core.package_identification:_identify(log) ignored
[0.399s] Level 1:colcon.colcon_core.package_identification:_identify(src) by extensions ['ignore', 'ignore_ament_install']
[0.399s] Level 1:colcon.colcon_core.package_identification:_identify(src) by extension 'ignore'
[0.399s] Level 1:colcon.colcon_core.package_identification:_identify(src) by extension 'ignore_ament_install'
[0.399s] Level 1:colcon.colcon_core.package_identification:_identify(src) by extensions ['colcon_pkg']
[0.399s] Level 1:colcon.colcon_core.package_identification:_identify(src) by extension 'colcon_pkg'
[0.399s] Level 1:colcon.colcon_core.package_identification:_identify(src) by extensions ['colcon_meta']
[0.399s] Level 1:colcon.colcon_core.package_identification:_identify(src) by extension 'colcon_meta'
[0.400s] Level 1:colcon.colcon_core.package_identification:_identify(src) by extensions ['ros']
[0.400s] Level 1:colcon.colcon_core.package_identification:_identify(src) by extension 'ros'
[0.400s] Level 1:colcon.colcon_core.package_identification:_identify(src) by extensions ['cmake', 'python']
[0.400s] Level 1:colcon.colcon_core.package_identification:_identify(src) by extension 'cmake'
[0.400s] Level 1:colcon.colcon_core.package_identification:_identify(src) by extension 'python'
[0.400s] Level 1:colcon.colcon_core.package_identification:_identify(src) by extensions ['python_setup_py']
[0.400s] Level 1:colcon.colcon_core.package_identification:_identify(src) by extension 'python_setup_py'
[0.400s] Level 1:colcon.colcon_core.package_identification:_identify(src/ugv_navigation) by extensions ['ignore', 'ignore_ament_install']
[0.400s] Level 1:colcon.colcon_core.package_identification:_identify(src/ugv_navigation) by extension 'ignore'
[0.400s] Level 1:colcon.colcon_core.package_identification:_identify(src/ugv_navigation) by extension 'ignore_ament_install'
[0.400s] Level 1:colcon.colcon_core.package_identification:_identify(src/ugv_navigation) by extensions ['colcon_pkg']
[0.400s] Level 1:colcon.colcon_core.package_identification:_identify(src/ugv_navigation) by extension 'colcon_pkg'
[0.400s] Level 1:colcon.colcon_core.package_identification:_identify(src/ugv_navigation) by extensions ['colcon_meta']
[0.400s] Level 1:colcon.colcon_core.package_identification:_identify(src/ugv_navigation) by extension 'colcon_meta'
[0.400s] Level 1:colcon.colcon_core.package_identification:_identify(src/ugv_navigation) by extensions ['ros']
[0.400s] Level 1:colcon.colcon_core.package_identification:_identify(src/ugv_navigation) by extension 'ros'
[0.403s] DEBUG:colcon.colcon_core.package_identification:Package 'src/ugv_navigation' with type 'ros.ament_cmake' and name 'ugv_navigation'
[0.403s] Level 1:colcon.colcon_core.package_identification:_identify(src/ugv_robots_descriptions) by extensions ['ignore', 'ignore_ament_install']
[0.403s] Level 1:colcon.colcon_core.package_identification:_identify(src/ugv_robots_descriptions) by extension 'ignore'
[0.403s] Level 1:colcon.colcon_core.package_identification:_identify(src/ugv_robots_descriptions) by extension 'ignore_ament_install'
[0.403s] Level 1:colcon.colcon_core.package_identification:_identify(src/ugv_robots_descriptions) by extensions ['colcon_pkg']
[0.404s] Level 1:colcon.colcon_core.package_identification:_identify(src/ugv_robots_descriptions) by extension 'colcon_pkg'
[0.404s] Level 1:colcon.colcon_core.package_identification:_identify(src/ugv_robots_descriptions) by extensions ['colcon_meta']
[0.404s] Level 1:colcon.colcon_core.package_identification:_identify(src/ugv_robots_descriptions) by extension 'colcon_meta'
[0.404s] Level 1:colcon.colcon_core.package_identification:_identify(src/ugv_robots_descriptions) by extensions ['ros']
[0.404s] Level 1:colcon.colcon_core.package_identification:_identify(src/ugv_robots_descriptions) by extension 'ros'
[0.404s] DEBUG:colcon.colcon_core.package_identification:Package 'src/ugv_robots_descriptions' with type 'ros.ament_cmake' and name 'ugv_robots_descriptions'
[0.404s] Level 1:colcon.colcon_core.package_identification:_identify(src/ugv_simulation) by extensions ['ignore', 'ignore_ament_install']
[0.405s] Level 1:colcon.colcon_core.package_identification:_identify(src/ugv_simulation) by extension 'ignore'
[0.405s] Level 1:colcon.colcon_core.package_identification:_identify(src/ugv_simulation) by extension 'ignore_ament_install'
[0.405s] Level 1:colcon.colcon_core.package_identification:_identify(src/ugv_simulation) by extensions ['colcon_pkg']
[0.405s] Level 1:colcon.colcon_core.package_identification:_identify(src/ugv_simulation) by extension 'colcon_pkg'
[0.405s] Level 1:colcon.colcon_core.package_identification:_identify(src/ugv_simulation) by extensions ['colcon_meta']
[0.405s] Level 1:colcon.colcon_core.package_identification:_identify(src/ugv_simulation) by extension 'colcon_meta'
[0.405s] Level 1:colcon.colcon_core.package_identification:_identify(src/ugv_simulation) by extensions ['ros']
[0.405s] Level 1:colcon.colcon_core.package_identification:_identify(src/ugv_simulation) by extension 'ros'
[0.405s] DEBUG:colcon.colcon_core.package_identification:Package 'src/ugv_simulation' with type 'ros.ament_cmake' and name 'ugv_simulation'
[0.405s] Level 1:colcon.colcon_core.package_discovery:discover_packages(recursive) using defaults
[0.405s] Level 1:colcon.colcon_core.package_discovery:discover_packages(ignore) discover
[0.406s] Level 1:colcon.colcon_core.package_discovery:discover_packages(ignore) using defaults
[0.406s] Level 1:colcon.colcon_core.package_discovery:discover_packages(path) discover
[0.406s] Level 1:colcon.colcon_core.package_discovery:discover_packages(path) using defaults
[0.431s] Level 1:colcon.colcon_core.package_discovery:discover_packages(prefix_path) check parameters
[0.431s] Level 1:colcon.colcon_core.package_discovery:discover_packages(prefix_path) discover
[0.434s] DEBUG:colcon.colcon_installed_package_information.package_discovery:Found 3 installed packages in /home/augusto/Documentos/ugv_system/install
[0.435s] DEBUG:colcon.colcon_installed_package_information.package_discovery:Found 3 installed packages in /home/augusto/Documentos/Oni-Claw/install
[0.437s] DEBUG:colcon.colcon_installed_package_information.package_discovery:Found 328 installed packages in /opt/ros/humble
[0.439s] Level 1:colcon.colcon_core.package_discovery:discover_packages(prefix_path) using defaults
[0.511s] Level 5:colcon.colcon_core.verb:set package 'ugv_navigation' build argument 'cmake_args' from command line to 'None'
[0.511s] Level 5:colcon.colcon_core.verb:set package 'ugv_navigation' build argument 'cmake_target' from command line to 'None'
[0.511s] Level 5:colcon.colcon_core.verb:set package 'ugv_navigation' build argument 'cmake_target_skip_unavailable' from command line to 'False'
[0.511s] Level 5:colcon.colcon_core.verb:set package 'ugv_navigation' build argument 'cmake_clean_cache' from command line to 'False'
[0.511s] Level 5:colcon.colcon_core.verb:set package 'ugv_navigation' build argument 'cmake_clean_first' from command line to 'False'
[0.511s] Level 5:colcon.colcon_core.verb:set package 'ugv_navigation' build argument 'cmake_force_configure' from command line to 'False'
[0.511s] Level 5:colcon.colcon_core.verb:set package 'ugv_navigation' build argument 'ament_cmake_args' from command line to 'None'
[0.511s] Level 5:colcon.colcon_core.verb:set package 'ugv_navigation' build argument 'catkin_cmake_args' from command line to 'None'
[0.511s] Level 5:colcon.colcon_core.verb:set package 'ugv_navigation' build argument 'catkin_skip_building_tests' from command line to 'False'
[0.511s] DEBUG:colcon.colcon_core.verb:Building package 'ugv_navigation' with the following arguments: {'ament_cmake_args': None, 'build_base': '/home/augusto/Documentos/ugv_system/build/ugv_navigation', 'catkin_cmake_args': None, 'catkin_skip_building_tests': False, 'cmake_args': None, 'cmake_clean_cache': False, 'cmake_clean_first': False, 'cmake_force_configure': False, 'cmake_target': None, 'cmake_target_skip_unavailable': False, 'install_base': '/home/augusto/Documentos/ugv_system/install/ugv_navigation', 'merge_install': False, 'path': '/home/augusto/Documentos/ugv_system/src/ugv_navigation', 'symlink_install': False, 'test_result_base': None}
[0.512s] Level 5:colcon.colcon_core.verb:set package 'ugv_robots_descriptions' build argument 'cmake_args' from command line to 'None'
[0.512s] Level 5:colcon.colcon_core.verb:set package 'ugv_robots_descriptions' build argument 'cmake_target' from command line to 'None'
[0.512s] Level 5:colcon.colcon_core.verb:set package 'ugv_robots_descriptions' build argument 'cmake_target_skip_unavailable' from command line to 'False'
[0.512s] Level 5:colcon.colcon_core.verb:set package 'ugv_robots_descriptions' build argument 'cmake_clean_cache' from command line to 'False'
[0.512s] Level 5:colcon.colcon_core.verb:set package 'ugv_robots_descriptions' build argument 'cmake_clean_first' from command line to 'False'
[0.512s] Level 5:colcon.colcon_core.verb:set package 'ugv_robots_descriptions' build argument 'cmake_force_configure' from command line to 'False'
[0.512s] Level 5:colcon.colcon_core.verb:set package 'ugv_robots_descriptions' build argument 'ament_cmake_args' from command line to 'None'
[0.512s] Level 5:colcon.colcon_core.verb:set package 'ugv_robots_descriptions' build argument 'catkin_cmake_args' from command line to 'None'
[0.512s] Level 5:colcon.colcon_core.verb:set package 'ugv_robots_descriptions' build argument 'catkin_skip_building_tests' from command line to 'False'
[0.513s] DEBUG:colcon.colcon_core.verb:Building package 'ugv_robots_descriptions' with the following arguments: {'ament_cmake_args': None, 'build_base': '/home/augusto/Documentos/ugv_system/build/ugv_robots_descriptions', 'catkin_cmake_args': None, 'catkin_skip_building_tests': False, 'cmake_args': None, 'cmake_clean_cache': False, 'cmake_clean_first': False, 'cmake_force_configure': False, 'cmake_target': None, 'cmake_target_skip_unavailable': False, 'install_base': '/home/augusto/Documentos/ugv_system/install/ugv_robots_descriptions', 'merge_install': False, 'path': '/home/augusto/Documentos/ugv_system/src/ugv_robots_descriptions', 'symlink_install': False, 'test_result_base': None}
[0.514s] Level 5:colcon.colcon_core.verb:set package 'ugv_simulation' build argument 'cmake_args' from command line to 'None'
[0.514s] Level 5:colcon.colcon_core.verb:set package 'ugv_simulation' build argument 'cmake_target' from command line to 'None'
[0.514s] Level 5:colcon.colcon_core.verb:set package 'ugv_simulation' build argument 'cmake_target_skip_unavailable' from command line to 'False'
[0.514s] Level 5:colcon.colcon_core.verb:set package 'ugv_simulation' build argument 'cmake_clean_cache' from command line to 'False'
[0.514s] Level 5:colcon.colcon_core.verb:set package 'ugv_simulation' build argument 'cmake_clean_first' from command line to 'False'
[0.514s] Level 5:colcon.colcon_core.verb:set package 'ugv_simulation' build argument 'cmake_force_configure' from command line to 'False'
[0.514s] Level 5:colcon.colcon_core.verb:set package 'ugv_simulation' build argument 'ament_cmake_args' from command line to 'None'
[0.514s] Level 5:colcon.colcon_core.verb:set package 'ugv_simulation' build argument 'catkin_cmake_args' from command line to 'None'
[0.514s] Level 5:colcon.colcon_core.verb:set package 'ugv_simulation' build argument 'catkin_skip_building_tests' from command line to 'False'
[0.514s] DEBUG:colcon.colcon_core.verb:Building package 'ugv_simulation' with the following arguments: {'ament_cmake_args': None, 'build_base': '/home/augusto/Documentos/ugv_system/build/ugv_simulation', 'catkin_cmake_args': None, 'catkin_skip_building_tests': False, 'cmake_args': None, 'cmake_clean_cache': False, 'cmake_clean_first': False, 'cmake_force_configure': False, 'cmake_target': None, 'cmake_target_skip_unavailable': False, 'install_base': '/home/augusto/Documentos/ugv_system/install/ugv_simulation', 'merge_install': False, 'path': '/home/augusto/Documentos/ugv_system/src/ugv_simulation', 'symlink_install': False, 'test_result_base': None}
[0.514s] INFO:colcon.colcon_core.executor:Executing jobs using 'parallel' executor
[0.518s] DEBUG:colcon.colcon_parallel_executor.executor.parallel:run_until_complete
[0.518s] INFO:colcon.colcon_ros.task.ament_cmake.build:Building ROS package in '/home/augusto/Documentos/ugv_system/src/ugv_navigation' with build type 'ament_cmake'
[0.519s] INFO:colcon.colcon_cmake.task.cmake.build:Building CMake package in '/home/augusto/Documentos/ugv_system/src/ugv_navigation'
[0.523s] INFO:colcon.colcon_core.plugin_system:Skipping extension 'colcon_core.shell.bat': Not used on non-Windows systems
[0.523s] INFO:colcon.colcon_core.shell:Skip shell extension 'powershell' for command environment: Not usable outside of PowerShell
[0.523s] DEBUG:colcon.colcon_core.shell:Skip shell extension 'dsv' for command environment
[0.530s] INFO:colcon.colcon_ros.task.ament_cmake.build:Building ROS package in '/home/augusto/Documentos/ugv_system/src/ugv_robots_descriptions' with build type 'ament_cmake'
[0.530s] INFO:colcon.colcon_cmake.task.cmake.build:Building CMake package in '/home/augusto/Documentos/ugv_system/src/ugv_robots_descriptions'
[0.532s] INFO:colcon.colcon_core.shell:Skip shell extension 'powershell' for command environment: Not usable outside of PowerShell
[0.532s] DEBUG:colcon.colcon_core.shell:Skip shell extension 'dsv' for command environment
[0.543s] DEBUG:colcon.colcon_core.event_handler.log_command:Invoking command in '/home/augusto/Documentos/ugv_system/build/ugv_navigation': CMAKE_PREFIX_PATH=${CMAKE_PREFIX_PATH}:/opt/ros/humble /usr/bin/cmake --build /home/augusto/Documentos/ugv_system/build/ugv_navigation -- -j2 -l2
[0.561s] DEBUG:colcon.colcon_core.event_handler.log_command:Invoking command in '/home/augusto/Documentos/ugv_system/build/ugv_robots_descriptions': CMAKE_PREFIX_PATH=${CMAKE_PREFIX_PATH}:/opt/ros/humble /usr/bin/cmake --build /home/augusto/Documentos/ugv_system/build/ugv_robots_descriptions -- -j2 -l2
[0.593s] DEBUG:colcon.colcon_core.event_handler.log_command:Invoked command in '/home/augusto/Documentos/ugv_system/build/ugv_navigation' returned '0': CMAKE_PREFIX_PATH=${CMAKE_PREFIX_PATH}:/opt/ros/humble /usr/bin/cmake --build /home/augusto/Documentos/ugv_system/build/ugv_navigation -- -j2 -l2
[0.607s] DEBUG:colcon.colcon_core.event_handler.log_command:Invoked command in '/home/augusto/Documentos/ugv_system/build/ugv_robots_descriptions' returned '0': CMAKE_PREFIX_PATH=${CMAKE_PREFIX_PATH}:/opt/ros/humble /usr/bin/cmake --build /home/augusto/Documentos/ugv_system/build/ugv_robots_descriptions -- -j2 -l2
[0.630s] DEBUG:colcon.colcon_core.event_handler.log_command:Invoking command in '/home/augusto/Documentos/ugv_system/build/ugv_navigation': CMAKE_PREFIX_PATH=${CMAKE_PREFIX_PATH}:/opt/ros/humble /usr/bin/cmake --install /home/augusto/Documentos/ugv_system/build/ugv_navigation
[0.645s] DEBUG:colcon.colcon_core.event_handler.log_command:Invoking command in '/home/augusto/Documentos/ugv_system/build/ugv_robots_descriptions': CMAKE_PREFIX_PATH=${CMAKE_PREFIX_PATH}:/opt/ros/humble /usr/bin/cmake --install /home/augusto/Documentos/ugv_system/build/ugv_robots_descriptions
[0.663s] Level 1:colcon.colcon_core.environment:create_environment_scripts_only(ugv_robots_descriptions)
[0.667s] Level 1:colcon.colcon_core.environment:checking '/home/augusto/Documentos/ugv_system/install/ugv_robots_descriptions' for CMake module files
[0.668s] Level 1:colcon.colcon_core.environment:checking '/home/augusto/Documentos/ugv_system/install/ugv_robots_descriptions' for CMake config files
[0.671s] DEBUG:colcon.colcon_core.event_handler.log_command:Invoked command in '/home/augusto/Documentos/ugv_system/build/ugv_robots_descriptions' returned '0': CMAKE_PREFIX_PATH=${CMAKE_PREFIX_PATH}:/opt/ros/humble /usr/bin/cmake --install /home/augusto/Documentos/ugv_system/build/ugv_robots_descriptions
[0.671s] Level 1:colcon.colcon_core.shell:create_environment_hook('ugv_robots_descriptions', 'cmake_prefix_path')
[0.673s] INFO:colcon.colcon_core.shell:Creating environment hook '/home/augusto/Documentos/ugv_system/install/ugv_robots_descriptions/share/ugv_robots_descriptions/hook/cmake_prefix_path.ps1'
[0.674s] INFO:colcon.colcon_core.shell:Creating environment descriptor '/home/augusto/Documentos/ugv_system/install/ugv_robots_descriptions/share/ugv_robots_descriptions/hook/cmake_prefix_path.dsv'
[0.674s] INFO:colcon.colcon_core.shell:Creating environment hook '/home/augusto/Documentos/ugv_system/install/ugv_robots_descriptions/share/ugv_robots_descriptions/hook/cmake_prefix_path.sh'
[0.675s] Level 1:colcon.colcon_core.environment:checking '/home/augusto/Documentos/ugv_system/install/ugv_robots_descriptions/bin'
[0.675s] Level 1:colcon.colcon_core.environment:checking '/home/augusto/Documentos/ugv_system/install/ugv_robots_descriptions/lib/pkgconfig/ugv_robots_descriptions.pc'
[0.675s] Level 1:colcon.colcon_core.environment:checking '/home/augusto/Documentos/ugv_system/install/ugv_robots_descriptions/lib/python3.10/site-packages'
[0.676s] Level 1:colcon.colcon_core.environment:checking '/home/augusto/Documentos/ugv_system/install/ugv_robots_descriptions/bin'
[0.677s] INFO:colcon.colcon_core.shell:Creating package script '/home/augusto/Documentos/ugv_system/install/ugv_robots_descriptions/share/ugv_robots_descriptions/package.ps1'
[0.678s] INFO:colcon.colcon_core.shell:Creating package descriptor '/home/augusto/Documentos/ugv_system/install/ugv_robots_descriptions/share/ugv_robots_descriptions/package.dsv'
[0.678s] INFO:colcon.colcon_core.shell:Creating package script '/home/augusto/Documentos/ugv_system/install/ugv_robots_descriptions/share/ugv_robots_descriptions/package.sh'
[0.679s] INFO:colcon.colcon_core.shell:Creating package script '/home/augusto/Documentos/ugv_system/install/ugv_robots_descriptions/share/ugv_robots_descriptions/package.bash'
[0.680s] INFO:colcon.colcon_core.shell:Creating package script '/home/augusto/Documentos/ugv_system/install/ugv_robots_descriptions/share/ugv_robots_descriptions/package.zsh'
[0.680s] Level 1:colcon.colcon_core.environment:create_file_with_runtime_dependencies(/home/augusto/Documentos/ugv_system/install/ugv_robots_descriptions/share/colcon-core/packages/ugv_robots_descriptions)
[0.688s] Level 1:colcon.colcon_core.environment:create_environment_scripts_only(ugv_navigation)
[0.691s] Level 1:colcon.colcon_core.environment:checking '/home/augusto/Documentos/ugv_system/install/ugv_navigation' for CMake module files
[0.691s] DEBUG:colcon.colcon_core.event_handler.log_command:Invoked command in '/home/augusto/Documentos/ugv_system/build/ugv_navigation' returned '0': CMAKE_PREFIX_PATH=${CMAKE_PREFIX_PATH}:/opt/ros/humble /usr/bin/cmake --install /home/augusto/Documentos/ugv_system/build/ugv_navigation
[0.691s] Level 1:colcon.colcon_core.environment:checking '/home/augusto/Documentos/ugv_system/install/ugv_navigation' for CMake config files
[0.692s] Level 1:colcon.colcon_core.shell:create_environment_hook('ugv_navigation', 'cmake_prefix_path')
[0.693s] INFO:colcon.colcon_core.shell:Creating environment hook '/home/augusto/Documentos/ugv_system/install/ugv_navigation/share/ugv_navigation/hook/cmake_prefix_path.ps1'
[0.694s] INFO:colcon.colcon_core.shell:Creating environment descriptor '/home/augusto/Documentos/ugv_system/install/ugv_navigation/share/ugv_navigation/hook/cmake_prefix_path.dsv'
[0.694s] INFO:colcon.colcon_core.shell:Creating environment hook '/home/augusto/Documentos/ugv_system/install/ugv_navigation/share/ugv_navigation/hook/cmake_prefix_path.sh'
[0.694s] Level 1:colcon.colcon_core.environment:checking '/home/augusto/Documentos/ugv_system/install/ugv_navigation/bin'
[0.694s] Level 1:colcon.colcon_core.environment:checking '/home/augusto/Documentos/ugv_system/install/ugv_navigation/lib/pkgconfig/ugv_navigation.pc'
[0.695s] Level 1:colcon.colcon_core.environment:checking '/home/augusto/Documentos/ugv_system/install/ugv_navigation/lib/python3.10/site-packages'
[0.695s] Level 1:colcon.colcon_core.environment:checking '/home/augusto/Documentos/ugv_system/install/ugv_navigation/bin'
[0.696s] INFO:colcon.colcon_core.shell:Creating package script '/home/augusto/Documentos/ugv_system/install/ugv_navigation/share/ugv_navigation/package.ps1'
[0.697s] INFO:colcon.colcon_core.shell:Creating package descriptor '/home/augusto/Documentos/ugv_system/install/ugv_navigation/share/ugv_navigation/package.dsv'
[0.697s] INFO:colcon.colcon_core.shell:Creating package script '/home/augusto/Documentos/ugv_system/install/ugv_navigation/share/ugv_navigation/package.sh'
[0.698s] INFO:colcon.colcon_core.shell:Creating package script '/home/augusto/Documentos/ugv_system/install/ugv_navigation/share/ugv_navigation/package.bash'
[0.698s] INFO:colcon.colcon_core.shell:Creating package script '/home/augusto/Documentos/ugv_system/install/ugv_navigation/share/ugv_navigation/package.zsh'
[0.698s] Level 1:colcon.colcon_core.environment:create_file_with_runtime_dependencies(/home/augusto/Documentos/ugv_system/install/ugv_navigation/share/colcon-core/packages/ugv_navigation)
[0.733s] Level 1:colcon.colcon_core.environment:create_environment_scripts_only(ugv_robots_descriptions)
[0.735s] Level 1:colcon.colcon_core.environment:checking '/home/augusto/Documentos/ugv_system/install/ugv_robots_descriptions' for CMake module files
[0.736s] Level 1:colcon.colcon_core.environment:checking '/home/augusto/Documentos/ugv_system/install/ugv_robots_descriptions' for CMake config files
[0.736s] Level 1:colcon.colcon_core.shell:create_environment_hook('ugv_robots_descriptions', 'cmake_prefix_path')
[0.739s] INFO:colcon.colcon_core.shell:Creating environment hook '/home/augusto/Documentos/ugv_system/install/ugv_robots_descriptions/share/ugv_robots_descriptions/hook/cmake_prefix_path.ps1'
[0.740s] INFO:colcon.colcon_core.shell:Creating environment descriptor '/home/augusto/Documentos/ugv_system/install/ugv_robots_descriptions/share/ugv_robots_descriptions/hook/cmake_prefix_path.dsv'
[0.740s] INFO:colcon.colcon_core.shell:Creating environment hook '/home/augusto/Documentos/ugv_system/install/ugv_robots_descriptions/share/ugv_robots_descriptions/hook/cmake_prefix_path.sh'
[0.741s] Level 1:colcon.colcon_core.environment:checking '/home/augusto/Documentos/ugv_system/install/ugv_robots_descriptions/bin'
[0.741s] Level 1:colcon.colcon_core.environment:checking '/home/augusto/Documentos/ugv_system/install/ugv_robots_descriptions/lib/pkgconfig/ugv_robots_descriptions.pc'
[0.741s] Level 1:colcon.colcon_core.environment:checking '/home/augusto/Documentos/ugv_system/install/ugv_robots_descriptions/lib/python3.10/site-packages'
[0.741s] Level 1:colcon.colcon_core.environment:checking '/home/augusto/Documentos/ugv_system/install/ugv_robots_descriptions/bin'
[0.743s] INFO:colcon.colcon_core.shell:Creating package script '/home/augusto/Documentos/ugv_system/install/ugv_robots_descriptions/share/ugv_robots_descriptions/package.ps1'
[0.743s] INFO:colcon.colcon_core.shell:Creating package descriptor '/home/augusto/Documentos/ugv_system/install/ugv_robots_descriptions/share/ugv_robots_descriptions/package.dsv'
[0.744s] INFO:colcon.colcon_core.shell:Creating package script '/home/augusto/Documentos/ugv_system/install/ugv_robots_descriptions/share/ugv_robots_descriptions/package.sh'
[0.746s] INFO:colcon.colcon_core.shell:Creating package script '/home/augusto/Documentos/ugv_system/install/ugv_robots_descriptions/share/ugv_robots_descriptions/package.bash'
[0.746s] INFO:colcon.colcon_core.shell:Creating package script '/home/augusto/Documentos/ugv_system/install/ugv_robots_descriptions/share/ugv_robots_descriptions/package.zsh'
[0.747s] Level 1:colcon.colcon_core.environment:create_file_with_runtime_dependencies(/home/augusto/Documentos/ugv_system/install/ugv_robots_descriptions/share/colcon-core/packages/ugv_robots_descriptions)
[0.748s] INFO:colcon.colcon_ros.task.ament_cmake.build:Building ROS package in '/home/augusto/Documentos/ugv_system/src/ugv_simulation' with build type 'ament_cmake'
[0.748s] INFO:colcon.colcon_cmake.task.cmake.build:Building CMake package in '/home/augusto/Documentos/ugv_system/src/ugv_simulation'
[0.750s] INFO:colcon.colcon_core.shell:Skip shell extension 'powershell' for command environment: Not usable outside of PowerShell
[0.750s] DEBUG:colcon.colcon_core.shell:Skip shell extension 'dsv' for command environment
[0.759s] Level 1:colcon.colcon_core.environment:create_environment_scripts_only(ugv_navigation)
[0.761s] Level 1:colcon.colcon_core.environment:checking '/home/augusto/Documentos/ugv_system/install/ugv_navigation' for CMake module files
[0.764s] Level 1:colcon.colcon_core.environment:checking '/home/augusto/Documentos/ugv_system/install/ugv_navigation' for CMake config files
[0.765s] Level 1:colcon.colcon_core.shell:create_environment_hook('ugv_navigation', 'cmake_prefix_path')
[0.766s] INFO:colcon.colcon_core.shell:Creating environment hook '/home/augusto/Documentos/ugv_system/install/ugv_navigation/share/ugv_navigation/hook/cmake_prefix_path.ps1'
[0.767s] INFO:colcon.colcon_core.shell:Creating environment descriptor '/home/augusto/Documentos/ugv_system/install/ugv_navigation/share/ugv_navigation/hook/cmake_prefix_path.dsv'
[0.767s] INFO:colcon.colcon_core.shell:Creating environment hook '/home/augusto/Documentos/ugv_system/install/ugv_navigation/share/ugv_navigation/hook/cmake_prefix_path.sh'
[0.768s] Level 1:colcon.colcon_core.environment:checking '/home/augusto/Documentos/ugv_system/install/ugv_navigation/bin'
[0.768s] Level 1:colcon.colcon_core.environment:checking '/home/augusto/Documentos/ugv_system/install/ugv_navigation/lib/pkgconfig/ugv_navigation.pc'
[0.768s] Level 1:colcon.colcon_core.environment:checking '/home/augusto/Documentos/ugv_system/install/ugv_navigation/lib/python3.10/site-packages'
[0.768s] Level 1:colcon.colcon_core.environment:checking '/home/augusto/Documentos/ugv_system/install/ugv_navigation/bin'
[0.770s] INFO:colcon.colcon_core.shell:Creating package script '/home/augusto/Documentos/ugv_system/install/ugv_navigation/share/ugv_navigation/package.ps1'
[0.771s] INFO:colcon.colcon_core.shell:Creating package descriptor '/home/augusto/Documentos/ugv_system/install/ugv_navigation/share/ugv_navigation/package.dsv'
[0.771s] INFO:colcon.colcon_core.shell:Creating package script '/home/augusto/Documentos/ugv_system/install/ugv_navigation/share/ugv_navigation/package.sh'
[0.772s] INFO:colcon.colcon_core.shell:Creating package script '/home/augusto/Documentos/ugv_system/install/ugv_navigation/share/ugv_navigation/package.bash'
[0.775s] INFO:colcon.colcon_core.shell:Creating package script '/home/augusto/Documentos/ugv_system/install/ugv_navigation/share/ugv_navigation/package.zsh'
[0.776s] Level 1:colcon.colcon_core.environment:create_file_with_runtime_dependencies(/home/augusto/Documentos/ugv_system/install/ugv_navigation/share/colcon-core/packages/ugv_navigation)
[0.784s] DEBUG:colcon.colcon_core.event_handler.log_command:Invoking command in '/home/augusto/Documentos/ugv_system/build/ugv_simulation': CMAKE_PREFIX_PATH=${CMAKE_PREFIX_PATH}:/opt/ros/humble /usr/bin/cmake --build /home/augusto/Documentos/ugv_system/build/ugv_simulation -- -j2 -l2
[0.863s] DEBUG:colcon.colcon_core.event_handler.log_command:Invoked command in '/home/augusto/Documentos/ugv_system/build/ugv_simulation' returned '0': CMAKE_PREFIX_PATH=${CMAKE_PREFIX_PATH}:/opt/ros/humble /usr/bin/cmake --build /home/augusto/Documentos/ugv_system/build/ugv_simulation -- -j2 -l2
[0.899s] DEBUG:colcon.colcon_core.event_handler.log_command:Invoking command in '/home/augusto/Documentos/ugv_system/build/ugv_simulation': CMAKE_PREFIX_PATH=${CMAKE_PREFIX_PATH}:/opt/ros/humble /usr/bin/cmake --install /home/augusto/Documentos/ugv_system/build/ugv_simulation
[1.659s] Level 1:colcon.colcon_core.environment:create_environment_scripts_only(ugv_simulation)
[1.661s] Level 1:colcon.colcon_core.environment:checking '/home/augusto/Documentos/ugv_system/install/ugv_simulation' for CMake module files
[1.662s] Level 1:colcon.colcon_core.environment:checking '/home/augusto/Documentos/ugv_system/install/ugv_simulation' for CMake config files
[1.761s] Level 1:colcon.colcon_core.shell:create_environment_hook('ugv_simulation', 'cmake_prefix_path')
[1.814s] INFO:colcon.colcon_core.shell:Creating environment hook '/home/augusto/Documentos/ugv_system/install/ugv_simulation/share/ugv_simulation/hook/cmake_prefix_path.ps1'
[1.818s] INFO:colcon.colcon_core.shell:Creating environment descriptor '/home/augusto/Documentos/ugv_system/install/ugv_simulation/share/ugv_simulation/hook/cmake_prefix_path.dsv'
[1.819s] INFO:colcon.colcon_core.shell:Creating environment hook '/home/augusto/Documentos/ugv_system/install/ugv_simulation/share/ugv_simulation/hook/cmake_prefix_path.sh'
[1.819s] Level 1:colcon.colcon_core.environment:checking '/home/augusto/Documentos/ugv_system/install/ugv_simulation/bin'
[1.819s] Level 1:colcon.colcon_core.environment:checking '/home/augusto/Documentos/ugv_system/install/ugv_simulation/lib/pkgconfig/ugv_simulation.pc'
[1.819s] Level 1:colcon.colcon_core.environment:checking '/home/augusto/Documentos/ugv_system/install/ugv_simulation/lib/python3.10/site-packages'
[1.820s] Level 1:colcon.colcon_core.environment:checking '/home/augusto/Documentos/ugv_system/install/ugv_simulation/bin'
[1.821s] INFO:colcon.colcon_core.shell:Creating package script '/home/augusto/Documentos/ugv_system/install/ugv_simulation/share/ugv_simulation/package.ps1'
[1.822s] INFO:colcon.colcon_core.shell:Creating package descriptor '/home/augusto/Documentos/ugv_system/install/ugv_simulation/share/ugv_simulation/package.dsv'
[1.822s] INFO:colcon.colcon_core.shell:Creating package script '/home/augusto/Documentos/ugv_system/install/ugv_simulation/share/ugv_simulation/package.sh'
[1.822s] INFO:colcon.colcon_core.shell:Creating package script '/home/augusto/Documentos/ugv_system/install/ugv_simulation/share/ugv_simulation/package.bash'
[1.823s] INFO:colcon.colcon_core.shell:Creating package script '/home/augusto/Documentos/ugv_system/install/ugv_simulation/share/ugv_simulation/package.zsh'
[1.823s] Level 1:colcon.colcon_core.environment:create_file_with_runtime_dependencies(/home/augusto/Documentos/ugv_system/install/ugv_simulation/share/colcon-core/packages/ugv_simulation)
[1.940s] DEBUG:colcon.colcon_core.event_handler.log_command:Invoked command in '/home/augusto/Documentos/ugv_system/build/ugv_simulation' returned '0': CMAKE_PREFIX_PATH=${CMAKE_PREFIX_PATH}:/opt/ros/humble /usr/bin/cmake --install /home/augusto/Documentos/ugv_system/build/ugv_simulation
[1.991s] Level 1:colcon.colcon_core.environment:create_environment_scripts_only(ugv_simulation)
[1.993s] Level 1:colcon.colcon_core.environment:checking '/home/augusto/Documentos/ugv_system/install/ugv_simulation' for CMake module files
[1.993s] Level 1:colcon.colcon_core.environment:checking '/home/augusto/Documentos/ugv_system/install/ugv_simulation' for CMake config files
[2.018s] Level 1:colcon.colcon_core.shell:create_environment_hook('ugv_simulation', 'cmake_prefix_path')
[2.020s] INFO:colcon.colcon_core.shell:Creating environment hook '/home/augusto/Documentos/ugv_system/install/ugv_simulation/share/ugv_simulation/hook/cmake_prefix_path.ps1'
[2.020s] INFO:colcon.colcon_core.shell:Creating environment descriptor '/home/augusto/Documentos/ugv_system/install/ugv_simulation/share/ugv_simulation/hook/cmake_prefix_path.dsv'
[2.021s] INFO:colcon.colcon_core.shell:Creating environment hook '/home/augusto/Documentos/ugv_system/install/ugv_simulation/share/ugv_simulation/hook/cmake_prefix_path.sh'
[2.021s] Level 1:colcon.colcon_core.environment:checking '/home/augusto/Documentos/ugv_system/install/ugv_simulation/bin'
[2.021s] Level 1:colcon.colcon_core.environment:checking '/home/augusto/Documentos/ugv_system/install/ugv_simulation/lib/pkgconfig/ugv_simulation.pc'
[2.022s] Level 1:colcon.colcon_core.environment:checking '/home/augusto/Documentos/ugv_system/install/ugv_simulation/lib/python3.10/site-packages'
[2.022s] Level 1:colcon.colcon_core.environment:checking '/home/augusto/Documentos/ugv_system/install/ugv_simulation/bin'
[2.027s] INFO:colcon.colcon_core.shell:Creating package script '/home/augusto/Documentos/ugv_system/install/ugv_simulation/share/ugv_simulation/package.ps1'
[2.028s] INFO:colcon.colcon_core.shell:Creating package descriptor '/home/augusto/Documentos/ugv_system/install/ugv_simulation/share/ugv_simulation/package.dsv'
[2.029s] INFO:colcon.colcon_core.shell:Creating package script '/home/augusto/Documentos/ugv_system/install/ugv_simulation/share/ugv_simulation/package.sh'
[2.030s] INFO:colcon.colcon_core.shell:Creating package script '/home/augusto/Documentos/ugv_system/install/ugv_simulation/share/ugv_simulation/package.bash'
[2.030s] INFO:colcon.colcon_core.shell:Creating package script '/home/augusto/Documentos/ugv_system/install/ugv_simulation/share/ugv_simulation/package.zsh'
[2.031s] Level 1:colcon.colcon_core.environment:create_file_with_runtime_dependencies(/home/augusto/Documentos/ugv_system/install/ugv_simulation/share/colcon-core/packages/ugv_simulation)
[2.031s] DEBUG:colcon.colcon_parallel_executor.executor.parallel:closing loop
[2.032s] DEBUG:colcon.colcon_parallel_executor.executor.parallel:loop closed
[2.032s] DEBUG:colcon.colcon_parallel_executor.executor.parallel:run_until_complete finished with '0'
[2.032s] DEBUG:colcon.colcon_core.event_reactor:joining thread
[2.049s] INFO:colcon.colcon_core.plugin_system:Skipping extension 'colcon_notification.desktop_notification.terminal_notifier': Not used on non-Darwin systems
[2.049s] INFO:colcon.colcon_core.plugin_system:Skipping extension 'colcon_notification.desktop_notification.win32': Not used on non-Windows systems
[2.049s] INFO:colcon.colcon_notification.desktop_notification:Sending desktop notification using 'notify2'
[2.075s] DEBUG:colcon.colcon_core.event_reactor:joined thread
[2.076s] INFO:colcon.colcon_core.shell:Creating prefix script '/home/augusto/Documentos/ugv_system/install/local_setup.ps1'
[2.077s] INFO:colcon.colcon_core.shell:Creating prefix util module '/home/augusto/Documentos/ugv_system/install/_local_setup_util_ps1.py'
[2.079s] INFO:colcon.colcon_core.shell:Creating prefix chain script '/home/augusto/Documentos/ugv_system/install/setup.ps1'
[2.081s] INFO:colcon.colcon_core.shell:Creating prefix script '/home/augusto/Documentos/ugv_system/install/local_setup.sh'
[2.081s] INFO:colcon.colcon_core.shell:Creating prefix util module '/home/augusto/Documentos/ugv_system/install/_local_setup_util_sh.py'
[2.083s] INFO:colcon.colcon_core.shell:Creating prefix chain script '/home/augusto/Documentos/ugv_system/install/setup.sh'
[2.087s] INFO:colcon.colcon_core.shell:Creating prefix script '/home/augusto/Documentos/ugv_system/install/local_setup.bash'
[2.087s] INFO:colcon.colcon_core.shell:Creating prefix chain script '/home/augusto/Documentos/ugv_system/install/setup.bash'
[2.090s] INFO:colcon.colcon_core.shell:Creating prefix script '/home/augusto/Documentos/ugv_system/install/local_setup.zsh'
[2.093s] INFO:colcon.colcon_core.shell:Creating prefix chain script '/home/augusto/Documentos/ugv_system/install/setup.zsh'
