[0.400s] DEBUG:colcon:Command line arguments: ['/usr/bin/colcon', 'build']
[0.400s] DEBUG:colcon:Parsed command line arguments: Namespace(log_base=None, log_level=None, verb_name='build', build_base='build', install_base='install', merge_install=False, symlink_install=False, test_result_base=None, continue_on_error=False, executor='parallel', parallel_workers=4, event_handlers=None, ignore_user_meta=False, metas=['./colcon.meta'], base_paths=['.'], packages_ignore=None, packages_ignore_regex=None, paths=None, packages_up_to=None, packages_up_to_regex=None, packages_above=None, packages_above_and_dependencies=None, packages_above_depth=None, packages_select_by_dep=None, packages_skip_by_dep=None, packages_skip_up_to=None, packages_select_build_failed=False, packages_skip_build_finished=False, packages_select_test_failures=False, packages_skip_test_passed=False, packages_select=None, packages_skip=None, packages_select_regex=None, packages_skip_regex=None, packages_start=None, packages_end=None, allow_overriding=[], cmake_args=None, cmake_target=None, cmake_target_skip_unavailable=False, cmake_clean_cache=False, cmake_clean_first=False, cmake_force_configure=False, ament_cmake_args=None, catkin_cmake_args=None, catkin_skip_building_tests=False, verb_parser=<colcon_defaults.argument_parser.defaults.DefaultArgumentsDecorator object at 0x7fb4275bf2b0>, verb_extension=<colcon_core.verb.build.BuildVerb object at 0x7fb427f538b0>, main=<bound method BuildVerb.main of <colcon_core.verb.build.BuildVerb object at 0x7fb427f538b0>>)
[0.428s] Level 1:colcon.colcon_core.package_discovery:discover_packages(colcon_meta) check parameters
[0.429s] Level 1:colcon.colcon_core.package_discovery:discover_packages(recursive) check parameters
[0.429s] Level 1:colcon.colcon_core.package_discovery:discover_packages(ignore) check parameters
[0.429s] Level 1:colcon.colcon_core.package_discovery:discover_packages(path) check parameters
[0.429s] Level 1:colcon.colcon_core.package_discovery:discover_packages(colcon_meta) discover
[0.429s] Level 1:colcon.colcon_core.package_discovery:discover_packages(recursive) discover
[0.429s] INFO:colcon.colcon_core.package_discovery:Crawling recursively for packages in '/home/gabs/ugv_system'
[0.429s] Level 1:colcon.colcon_core.package_identification:_identify(.) by extensions ['ignore', 'ignore_ament_install']
[0.429s] Level 1:colcon.colcon_core.package_identification:_identify(.) by extension 'ignore'
[0.430s] Level 1:colcon.colcon_core.package_identification:_identify(.) by extension 'ignore_ament_install'
[0.430s] Level 1:colcon.colcon_core.package_identification:_identify(.) by extensions ['colcon_pkg']
[0.430s] Level 1:colcon.colcon_core.package_identification:_identify(.) by extension 'colcon_pkg'
[0.430s] Level 1:colcon.colcon_core.package_identification:_identify(.) by extensions ['colcon_meta']
[0.430s] Level 1:colcon.colcon_core.package_identification:_identify(.) by extension 'colcon_meta'
[0.430s] Level 1:colcon.colcon_core.package_identification:_identify(.) by extensions ['ros']
[0.430s] Level 1:colcon.colcon_core.package_identification:_identify(.) by extension 'ros'
[0.458s] Level 1:colcon.colcon_core.package_identification:_identify(.) by extensions ['cmake', 'python']
[0.458s] Level 1:colcon.colcon_core.package_identification:_identify(.) by extension 'cmake'
[0.458s] Level 1:colcon.colcon_core.package_identification:_identify(.) by extension 'python'
[0.458s] Level 1:colcon.colcon_core.package_identification:_identify(.) by extensions ['python_setup_py']
[0.458s] Level 1:colcon.colcon_core.package_identification:_identify(.) by extension 'python_setup_py'
[0.458s] Level 1:colcon.colcon_core.package_identification:_identify(build) by extensions ['ignore', 'ignore_ament_install']
[0.458s] Level 1:colcon.colcon_core.package_identification:_identify(build) by extension 'ignore'
[0.458s] Level 1:colcon.colcon_core.package_identification:_identify(build) ignored
[0.459s] Level 1:colcon.colcon_core.package_identification:_identify(install) by extensions ['ignore', 'ignore_ament_install']
[0.459s] Level 1:colcon.colcon_core.package_identification:_identify(install) by extension 'ignore'
[0.459s] Level 1:colcon.colcon_core.package_identification:_identify(install) ignored
[0.459s] Level 1:colcon.colcon_core.package_identification:_identify(log) by extensions ['ignore', 'ignore_ament_install']
[0.459s] Level 1:colcon.colcon_core.package_identification:_identify(log) by extension 'ignore'
[0.459s] Level 1:colcon.colcon_core.package_identification:_identify(log) ignored
[0.459s] Level 1:colcon.colcon_core.package_identification:_identify(src) by extensions ['ignore', 'ignore_ament_install']
[0.459s] Level 1:colcon.colcon_core.package_identification:_identify(src) by extension 'ignore'
[0.459s] Level 1:colcon.colcon_core.package_identification:_identify(src) by extension 'ignore_ament_install'
[0.459s] Level 1:colcon.colcon_core.package_identification:_identify(src) by extensions ['colcon_pkg']
[0.459s] Level 1:colcon.colcon_core.package_identification:_identify(src) by extension 'colcon_pkg'
[0.460s] Level 1:colcon.colcon_core.package_identification:_identify(src) by extensions ['colcon_meta']
[0.460s] Level 1:colcon.colcon_core.package_identification:_identify(src) by extension 'colcon_meta'
[0.460s] Level 1:colcon.colcon_core.package_identification:_identify(src) by extensions ['ros']
[0.460s] Level 1:colcon.colcon_core.package_identification:_identify(src) by extension 'ros'
[0.460s] Level 1:colcon.colcon_core.package_identification:_identify(src) by extensions ['cmake', 'python']
[0.460s] Level 1:colcon.colcon_core.package_identification:_identify(src) by extension 'cmake'
[0.460s] Level 1:colcon.colcon_core.package_identification:_identify(src) by extension 'python'
[0.460s] Level 1:colcon.colcon_core.package_identification:_identify(src) by extensions ['python_setup_py']
[0.460s] Level 1:colcon.colcon_core.package_identification:_identify(src) by extension 'python_setup_py'
[0.460s] Level 1:colcon.colcon_core.package_identification:_identify(src/ugv_navigation) by extensions ['ignore', 'ignore_ament_install']
[0.460s] Level 1:colcon.colcon_core.package_identification:_identify(src/ugv_navigation) by extension 'ignore'
[0.460s] Level 1:colcon.colcon_core.package_identification:_identify(src/ugv_navigation) by extension 'ignore_ament_install'
[0.460s] Level 1:colcon.colcon_core.package_identification:_identify(src/ugv_navigation) by extensions ['colcon_pkg']
[0.460s] Level 1:colcon.colcon_core.package_identification:_identify(src/ugv_navigation) by extension 'colcon_pkg'
[0.460s] Level 1:colcon.colcon_core.package_identification:_identify(src/ugv_navigation) by extensions ['colcon_meta']
[0.460s] Level 1:colcon.colcon_core.package_identification:_identify(src/ugv_navigation) by extension 'colcon_meta'
[0.461s] Level 1:colcon.colcon_core.package_identification:_identify(src/ugv_navigation) by extensions ['ros']
[0.461s] Level 1:colcon.colcon_core.package_identification:_identify(src/ugv_navigation) by extension 'ros'
[0.464s] DEBUG:colcon.colcon_core.package_identification:Package 'src/ugv_navigation' with type 'ros.ament_cmake' and name 'ugv_navigation'
[0.464s] Level 1:colcon.colcon_core.package_identification:_identify(src/ugv_simulation) by extensions ['ignore', 'ignore_ament_install']
[0.464s] Level 1:colcon.colcon_core.package_identification:_identify(src/ugv_simulation) by extension 'ignore'
[0.464s] Level 1:colcon.colcon_core.package_identification:_identify(src/ugv_simulation) by extension 'ignore_ament_install'
[0.464s] Level 1:colcon.colcon_core.package_identification:_identify(src/ugv_simulation) by extensions ['colcon_pkg']
[0.464s] Level 1:colcon.colcon_core.package_identification:_identify(src/ugv_simulation) by extension 'colcon_pkg'
[0.464s] Level 1:colcon.colcon_core.package_identification:_identify(src/ugv_simulation) by extensions ['colcon_meta']
[0.464s] Level 1:colcon.colcon_core.package_identification:_identify(src/ugv_simulation) by extension 'colcon_meta'
[0.464s] Level 1:colcon.colcon_core.package_identification:_identify(src/ugv_simulation) by extensions ['ros']
[0.464s] Level 1:colcon.colcon_core.package_identification:_identify(src/ugv_simulation) by extension 'ros'
[0.465s] DEBUG:colcon.colcon_core.package_identification:Package 'src/ugv_simulation' with type 'ros.ament_cmake' and name 'ugv_simulation'
[0.465s] Level 1:colcon.colcon_core.package_discovery:discover_packages(recursive) using defaults
[0.465s] Level 1:colcon.colcon_core.package_discovery:discover_packages(ignore) discover
[0.465s] Level 1:colcon.colcon_core.package_discovery:discover_packages(ignore) using defaults
[0.465s] Level 1:colcon.colcon_core.package_discovery:discover_packages(path) discover
[0.465s] Level 1:colcon.colcon_core.package_discovery:discover_packages(path) using defaults
[0.497s] Level 1:colcon.colcon_core.package_discovery:discover_packages(prefix_path) check parameters
[0.497s] Level 1:colcon.colcon_core.package_discovery:discover_packages(prefix_path) discover
[0.500s] DEBUG:colcon.colcon_installed_package_information.package_discovery:Found 11 installed packages in /home/gabs/workspace/install
[0.502s] DEBUG:colcon.colcon_installed_package_information.package_discovery:Found 279 installed packages in /opt/ros/humble
[0.504s] Level 1:colcon.colcon_core.package_discovery:discover_packages(prefix_path) using defaults
[0.586s] Level 5:colcon.colcon_core.verb:set package 'ugv_navigation' build argument 'cmake_args' from command line to 'None'
[0.586s] Level 5:colcon.colcon_core.verb:set package 'ugv_navigation' build argument 'cmake_target' from command line to 'None'
[0.586s] Level 5:colcon.colcon_core.verb:set package 'ugv_navigation' build argument 'cmake_target_skip_unavailable' from command line to 'False'
[0.586s] Level 5:colcon.colcon_core.verb:set package 'ugv_navigation' build argument 'cmake_clean_cache' from command line to 'False'
[0.586s] Level 5:colcon.colcon_core.verb:set package 'ugv_navigation' build argument 'cmake_clean_first' from command line to 'False'
[0.586s] Level 5:colcon.colcon_core.verb:set package 'ugv_navigation' build argument 'cmake_force_configure' from command line to 'False'
[0.586s] Level 5:colcon.colcon_core.verb:set package 'ugv_navigation' build argument 'ament_cmake_args' from command line to 'None'
[0.586s] Level 5:colcon.colcon_core.verb:set package 'ugv_navigation' build argument 'catkin_cmake_args' from command line to 'None'
[0.586s] Level 5:colcon.colcon_core.verb:set package 'ugv_navigation' build argument 'catkin_skip_building_tests' from command line to 'False'
[0.586s] DEBUG:colcon.colcon_core.verb:Building package 'ugv_navigation' with the following arguments: {'ament_cmake_args': None, 'build_base': '/home/gabs/ugv_system/build/ugv_navigation', 'catkin_cmake_args': None, 'catkin_skip_building_tests': False, 'cmake_args': None, 'cmake_clean_cache': False, 'cmake_clean_first': False, 'cmake_force_configure': False, 'cmake_target': None, 'cmake_target_skip_unavailable': False, 'install_base': '/home/gabs/ugv_system/install/ugv_navigation', 'merge_install': False, 'path': '/home/gabs/ugv_system/src/ugv_navigation', 'symlink_install': False, 'test_result_base': None}
[0.588s] Level 5:colcon.colcon_core.verb:set package 'ugv_simulation' build argument 'cmake_args' from command line to 'None'
[0.588s] Level 5:colcon.colcon_core.verb:set package 'ugv_simulation' build argument 'cmake_target' from command line to 'None'
[0.588s] Level 5:colcon.colcon_core.verb:set package 'ugv_simulation' build argument 'cmake_target_skip_unavailable' from command line to 'False'
[0.588s] Level 5:colcon.colcon_core.verb:set package 'ugv_simulation' build argument 'cmake_clean_cache' from command line to 'False'
[0.588s] Level 5:colcon.colcon_core.verb:set package 'ugv_simulation' build argument 'cmake_clean_first' from command line to 'False'
[0.588s] Level 5:colcon.colcon_core.verb:set package 'ugv_simulation' build argument 'cmake_force_configure' from command line to 'False'
[0.588s] Level 5:colcon.colcon_core.verb:set package 'ugv_simulation' build argument 'ament_cmake_args' from command line to 'None'
[0.588s] Level 5:colcon.colcon_core.verb:set package 'ugv_simulation' build argument 'catkin_cmake_args' from command line to 'None'
[0.588s] Level 5:colcon.colcon_core.verb:set package 'ugv_simulation' build argument 'catkin_skip_building_tests' from command line to 'False'
[0.588s] DEBUG:colcon.colcon_core.verb:Building package 'ugv_simulation' with the following arguments: {'ament_cmake_args': None, 'build_base': '/home/gabs/ugv_system/build/ugv_simulation', 'catkin_cmake_args': None, 'catkin_skip_building_tests': False, 'cmake_args': None, 'cmake_clean_cache': False, 'cmake_clean_first': False, 'cmake_force_configure': False, 'cmake_target': None, 'cmake_target_skip_unavailable': False, 'install_base': '/home/gabs/ugv_system/install/ugv_simulation', 'merge_install': False, 'path': '/home/gabs/ugv_system/src/ugv_simulation', 'symlink_install': False, 'test_result_base': None}
[0.589s] INFO:colcon.colcon_core.executor:Executing jobs using 'parallel' executor
[0.593s] DEBUG:colcon.colcon_parallel_executor.executor.parallel:run_until_complete
[0.593s] INFO:colcon.colcon_ros.task.ament_cmake.build:Building ROS package in '/home/gabs/ugv_system/src/ugv_navigation' with build type 'ament_cmake'
[0.594s] INFO:colcon.colcon_cmake.task.cmake.build:Building CMake package in '/home/gabs/ugv_system/src/ugv_navigation'
[0.598s] INFO:colcon.colcon_core.plugin_system:Skipping extension 'colcon_core.shell.bat': Not used on non-Windows systems
[0.598s] INFO:colcon.colcon_core.shell:Skip shell extension 'powershell' for command environment: Not usable outside of PowerShell
[0.598s] DEBUG:colcon.colcon_core.shell:Skip shell extension 'dsv' for command environment
[0.606s] INFO:colcon.colcon_ros.task.ament_cmake.build:Building ROS package in '/home/gabs/ugv_system/src/ugv_simulation' with build type 'ament_cmake'
[0.606s] INFO:colcon.colcon_cmake.task.cmake.build:Building CMake package in '/home/gabs/ugv_system/src/ugv_simulation'
[0.608s] INFO:colcon.colcon_core.shell:Skip shell extension 'powershell' for command environment: Not usable outside of PowerShell
[0.609s] DEBUG:colcon.colcon_core.shell:Skip shell extension 'dsv' for command environment
[0.623s] DEBUG:colcon.colcon_core.event_handler.log_command:Invoking command in '/home/gabs/ugv_system/build/ugv_navigation': CMAKE_PREFIX_PATH=${CMAKE_PREFIX_PATH}:/opt/ros/humble /usr/bin/cmake /home/gabs/ugv_system/src/ugv_navigation -DCMAKE_INSTALL_PREFIX=/home/gabs/ugv_system/install/ugv_navigation
[0.627s] DEBUG:colcon.colcon_core.event_handler.log_command:Invoking command in '/home/gabs/ugv_system/build/ugv_simulation': CMAKE_PREFIX_PATH=${CMAKE_PREFIX_PATH}:/opt/ros/humble /usr/bin/cmake /home/gabs/ugv_system/src/ugv_simulation -DCMAKE_INSTALL_PREFIX=/home/gabs/ugv_system/install/ugv_simulation
[4.654s] DEBUG:colcon.colcon_core.event_handler.log_command:Invoked command in '/home/gabs/ugv_system/build/ugv_navigation' returned '0': CMAKE_PREFIX_PATH=${CMAKE_PREFIX_PATH}:/opt/ros/humble /usr/bin/cmake /home/gabs/ugv_system/src/ugv_navigation -DCMAKE_INSTALL_PREFIX=/home/gabs/ugv_system/install/ugv_navigation
[4.654s] DEBUG:colcon.colcon_core.event_handler.log_command:Invoking command in '/home/gabs/ugv_system/build/ugv_navigation': CMAKE_PREFIX_PATH=${CMAKE_PREFIX_PATH}:/opt/ros/humble /usr/bin/cmake --build /home/gabs/ugv_system/build/ugv_navigation -- -j4 -l4
[4.707s] DEBUG:colcon.colcon_core.event_handler.log_command:Invoked command in '/home/gabs/ugv_system/build/ugv_navigation' returned '0': CMAKE_PREFIX_PATH=${CMAKE_PREFIX_PATH}:/opt/ros/humble /usr/bin/cmake --build /home/gabs/ugv_system/build/ugv_navigation -- -j4 -l4
[4.753s] DEBUG:colcon.colcon_core.event_handler.log_command:Invoking command in '/home/gabs/ugv_system/build/ugv_navigation': CMAKE_PREFIX_PATH=${CMAKE_PREFIX_PATH}:/opt/ros/humble /usr/bin/cmake --install /home/gabs/ugv_system/build/ugv_navigation
[4.769s] Level 1:colcon.colcon_core.environment:create_environment_scripts_only(ugv_navigation)
[4.770s] DEBUG:colcon.colcon_core.event_handler.log_command:Invoked command in '/home/gabs/ugv_system/build/ugv_navigation' returned '0': CMAKE_PREFIX_PATH=${CMAKE_PREFIX_PATH}:/opt/ros/humble /usr/bin/cmake --install /home/gabs/ugv_system/build/ugv_navigation
[4.774s] Level 1:colcon.colcon_core.environment:checking '/home/gabs/ugv_system/install/ugv_navigation' for CMake module files
[4.775s] Level 1:colcon.colcon_core.environment:checking '/home/gabs/ugv_system/install/ugv_navigation' for CMake config files
[4.775s] Level 1:colcon.colcon_core.shell:create_environment_hook('ugv_navigation', 'cmake_prefix_path')
[4.777s] INFO:colcon.colcon_core.shell:Creating environment hook '/home/gabs/ugv_system/install/ugv_navigation/share/ugv_navigation/hook/cmake_prefix_path.ps1'
[4.778s] INFO:colcon.colcon_core.shell:Creating environment descriptor '/home/gabs/ugv_system/install/ugv_navigation/share/ugv_navigation/hook/cmake_prefix_path.dsv'
[4.779s] INFO:colcon.colcon_core.shell:Creating environment hook '/home/gabs/ugv_system/install/ugv_navigation/share/ugv_navigation/hook/cmake_prefix_path.sh'
[4.780s] Level 1:colcon.colcon_core.environment:checking '/home/gabs/ugv_system/install/ugv_navigation/bin'
[4.780s] Level 1:colcon.colcon_core.environment:checking '/home/gabs/ugv_system/install/ugv_navigation/lib/pkgconfig/ugv_navigation.pc'
[4.781s] Level 1:colcon.colcon_core.environment:checking '/home/gabs/ugv_system/install/ugv_navigation/lib/python3.10/site-packages'
[4.781s] Level 1:colcon.colcon_core.environment:checking '/home/gabs/ugv_system/install/ugv_navigation/bin'
[4.783s] INFO:colcon.colcon_core.shell:Creating package script '/home/gabs/ugv_system/install/ugv_navigation/share/ugv_navigation/package.ps1'
[4.784s] INFO:colcon.colcon_core.shell:Creating package descriptor '/home/gabs/ugv_system/install/ugv_navigation/share/ugv_navigation/package.dsv'
[4.784s] INFO:colcon.colcon_core.shell:Creating package script '/home/gabs/ugv_system/install/ugv_navigation/share/ugv_navigation/package.sh'
[4.785s] INFO:colcon.colcon_core.shell:Creating package script '/home/gabs/ugv_system/install/ugv_navigation/share/ugv_navigation/package.bash'
[4.786s] INFO:colcon.colcon_core.shell:Creating package script '/home/gabs/ugv_system/install/ugv_navigation/share/ugv_navigation/package.zsh'
[4.786s] Level 1:colcon.colcon_core.environment:create_file_with_runtime_dependencies(/home/gabs/ugv_system/install/ugv_navigation/share/colcon-core/packages/ugv_navigation)
[4.829s] Level 1:colcon.colcon_core.environment:create_environment_scripts_only(ugv_navigation)
[4.831s] Level 1:colcon.colcon_core.environment:checking '/home/gabs/ugv_system/install/ugv_navigation' for CMake module files
[4.832s] Level 1:colcon.colcon_core.environment:checking '/home/gabs/ugv_system/install/ugv_navigation' for CMake config files
[4.832s] Level 1:colcon.colcon_core.shell:create_environment_hook('ugv_navigation', 'cmake_prefix_path')
[4.833s] INFO:colcon.colcon_core.shell:Creating environment hook '/home/gabs/ugv_system/install/ugv_navigation/share/ugv_navigation/hook/cmake_prefix_path.ps1'
[4.834s] INFO:colcon.colcon_core.shell:Creating environment descriptor '/home/gabs/ugv_system/install/ugv_navigation/share/ugv_navigation/hook/cmake_prefix_path.dsv'
[4.834s] INFO:colcon.colcon_core.shell:Creating environment hook '/home/gabs/ugv_system/install/ugv_navigation/share/ugv_navigation/hook/cmake_prefix_path.sh'
[4.835s] Level 1:colcon.colcon_core.environment:checking '/home/gabs/ugv_system/install/ugv_navigation/bin'
[4.835s] Level 1:colcon.colcon_core.environment:checking '/home/gabs/ugv_system/install/ugv_navigation/lib/pkgconfig/ugv_navigation.pc'
[4.835s] Level 1:colcon.colcon_core.environment:checking '/home/gabs/ugv_system/install/ugv_navigation/lib/python3.10/site-packages'
[4.835s] Level 1:colcon.colcon_core.environment:checking '/home/gabs/ugv_system/install/ugv_navigation/bin'
[4.837s] INFO:colcon.colcon_core.shell:Creating package script '/home/gabs/ugv_system/install/ugv_navigation/share/ugv_navigation/package.ps1'
[4.837s] INFO:colcon.colcon_core.shell:Creating package descriptor '/home/gabs/ugv_system/install/ugv_navigation/share/ugv_navigation/package.dsv'
[4.838s] INFO:colcon.colcon_core.shell:Creating package script '/home/gabs/ugv_system/install/ugv_navigation/share/ugv_navigation/package.sh'
[4.838s] INFO:colcon.colcon_core.shell:Creating package script '/home/gabs/ugv_system/install/ugv_navigation/share/ugv_navigation/package.bash'
[4.839s] INFO:colcon.colcon_core.shell:Creating package script '/home/gabs/ugv_system/install/ugv_navigation/share/ugv_navigation/package.zsh'
[4.839s] Level 1:colcon.colcon_core.environment:create_file_with_runtime_dependencies(/home/gabs/ugv_system/install/ugv_navigation/share/colcon-core/packages/ugv_navigation)
[7.004s] DEBUG:colcon.colcon_core.event_handler.log_command:Invoked command in '/home/gabs/ugv_system/build/ugv_simulation' returned '0': CMAKE_PREFIX_PATH=${CMAKE_PREFIX_PATH}:/opt/ros/humble /usr/bin/cmake /home/gabs/ugv_system/src/ugv_simulation -DCMAKE_INSTALL_PREFIX=/home/gabs/ugv_system/install/ugv_simulation
[7.007s] DEBUG:colcon.colcon_core.event_handler.log_command:Invoking command in '/home/gabs/ugv_system/build/ugv_simulation': CMAKE_PREFIX_PATH=${CMAKE_PREFIX_PATH}:/opt/ros/humble /usr/bin/cmake --build /home/gabs/ugv_system/build/ugv_simulation -- -j4 -l4
[7.064s] DEBUG:colcon.colcon_core.event_handler.log_command:Invoked command in '/home/gabs/ugv_system/build/ugv_simulation' returned '0': CMAKE_PREFIX_PATH=${CMAKE_PREFIX_PATH}:/opt/ros/humble /usr/bin/cmake --build /home/gabs/ugv_system/build/ugv_simulation -- -j4 -l4
[7.102s] DEBUG:colcon.colcon_core.event_handler.log_command:Invoking command in '/home/gabs/ugv_system/build/ugv_simulation': CMAKE_PREFIX_PATH=${CMAKE_PREFIX_PATH}:/opt/ros/humble /usr/bin/cmake --install /home/gabs/ugv_system/build/ugv_simulation
[7.113s] DEBUG:colcon.colcon_core.event_handler.log_command:Invoked command in '/home/gabs/ugv_system/build/ugv_simulation' returned '1': CMAKE_PREFIX_PATH=${CMAKE_PREFIX_PATH}:/opt/ros/humble /usr/bin/cmake --install /home/gabs/ugv_system/build/ugv_simulation
[7.152s] Level 1:colcon.colcon_core.environment:create_environment_scripts_only(ugv_simulation)
[7.154s] Level 1:colcon.colcon_core.environment:checking '/home/gabs/ugv_system/install/ugv_simulation' for CMake module files
[7.154s] Level 1:colcon.colcon_core.environment:checking '/home/gabs/ugv_system/install/ugv_simulation' for CMake config files
[7.154s] Level 1:colcon.colcon_core.environment:checking '/home/gabs/ugv_system/install/ugv_simulation/bin'
[7.154s] Level 1:colcon.colcon_core.environment:checking '/home/gabs/ugv_system/install/ugv_simulation/lib/pkgconfig/ugv_simulation.pc'
[7.155s] Level 1:colcon.colcon_core.environment:checking '/home/gabs/ugv_system/install/ugv_simulation/lib/python3.10/site-packages'
[7.155s] Level 1:colcon.colcon_core.environment:checking '/home/gabs/ugv_system/install/ugv_simulation/bin'
[7.156s] INFO:colcon.colcon_core.shell:Creating package script '/home/gabs/ugv_system/install/ugv_simulation/share/ugv_simulation/package.ps1'
[7.157s] INFO:colcon.colcon_core.shell:Creating package descriptor '/home/gabs/ugv_system/install/ugv_simulation/share/ugv_simulation/package.dsv'
[7.157s] INFO:colcon.colcon_core.shell:Creating package script '/home/gabs/ugv_system/install/ugv_simulation/share/ugv_simulation/package.sh'
[7.157s] INFO:colcon.colcon_core.shell:Creating package script '/home/gabs/ugv_system/install/ugv_simulation/share/ugv_simulation/package.bash'
[7.158s] INFO:colcon.colcon_core.shell:Creating package script '/home/gabs/ugv_system/install/ugv_simulation/share/ugv_simulation/package.zsh'
[7.158s] Level 1:colcon.colcon_core.environment:create_file_with_runtime_dependencies(/home/gabs/ugv_system/install/ugv_simulation/share/colcon-core/packages/ugv_simulation)
[7.169s] DEBUG:colcon.colcon_parallel_executor.executor.parallel:closing loop
[7.169s] DEBUG:colcon.colcon_parallel_executor.executor.parallel:loop closed
[7.169s] DEBUG:colcon.colcon_parallel_executor.executor.parallel:run_until_complete finished with '1'
[7.169s] DEBUG:colcon.colcon_core.event_reactor:joining thread
[7.177s] INFO:colcon.colcon_core.plugin_system:Skipping extension 'colcon_notification.desktop_notification.terminal_notifier': Not used on non-Darwin systems
[7.177s] INFO:colcon.colcon_core.plugin_system:Skipping extension 'colcon_notification.desktop_notification.win32': Not used on non-Windows systems
[7.177s] INFO:colcon.colcon_notification.desktop_notification:Sending desktop notification using 'notify2'
[7.194s] DEBUG:colcon.colcon_core.event_reactor:joined thread
[7.196s] INFO:colcon.colcon_core.shell:Creating prefix script '/home/gabs/ugv_system/install/local_setup.ps1'
[7.197s] INFO:colcon.colcon_core.shell:Creating prefix util module '/home/gabs/ugv_system/install/_local_setup_util_ps1.py'
[7.199s] INFO:colcon.colcon_core.shell:Creating prefix chain script '/home/gabs/ugv_system/install/setup.ps1'
[7.201s] INFO:colcon.colcon_core.shell:Creating prefix script '/home/gabs/ugv_system/install/local_setup.sh'
[7.202s] INFO:colcon.colcon_core.shell:Creating prefix util module '/home/gabs/ugv_system/install/_local_setup_util_sh.py'
[7.202s] INFO:colcon.colcon_core.shell:Creating prefix chain script '/home/gabs/ugv_system/install/setup.sh'
[7.205s] INFO:colcon.colcon_core.shell:Creating prefix script '/home/gabs/ugv_system/install/local_setup.bash'
[7.205s] INFO:colcon.colcon_core.shell:Creating prefix chain script '/home/gabs/ugv_system/install/setup.bash'
[7.208s] INFO:colcon.colcon_core.shell:Creating prefix script '/home/gabs/ugv_system/install/local_setup.zsh'
[7.208s] INFO:colcon.colcon_core.shell:Creating prefix chain script '/home/gabs/ugv_system/install/setup.zsh'
